<?xml version="1.0" encoding="UTF-8" standalone="no"?>
<!DOCTYPE log SYSTEM "logger.dtd">
<log>
<record>
  <date>2022-12-27T00:03:22.046676982Z</date>
  <millis>1672099402046</millis>
  <nanos>676982</nanos>
  <sequence>0</sequence>
  <logger>com.mycompany.soft400051_hj_local</logger>
  <level>INFO</level>
  <class>com.mycompany.soft400051_hj_local.Logger_Controller</class>
  <method>log_info</method>
  <thread>23</thread>
  <message>Application Resource Loading...</message>
</record>
<record>
  <date>2022-12-27T00:03:22.832725534Z</date>
  <millis>1672099402832</millis>
  <nanos>725534</nanos>
  <sequence>1</sequence>
  <logger>com.mycompany.soft400051_hj_local</logger>
  <level>INFO</level>
  <class>com.mycompany.soft400051_hj_local.Logger_Controller</class>
  <method>log_info</method>
  <thread>23</thread>
  <message>Application Started...</message>
</record>
<record>
  <date>2022-12-27T00:03:33.533599980Z</date>
  <millis>1672099413533</millis>
  <nanos>599980</nanos>
  <sequence>2</sequence>
  <logger>com.mycompany.soft400051_hj_local</logger>
  <level>INFO</level>
  <class>com.mycompany.soft400051_hj_local.Logger_Controller</class>
  <method>log_info</method>
  <thread>23</thread>
  <message>Login Button Clicked</message>
</record>
<record>
  <date>2022-12-27T00:03:33.534974389Z</date>
  <millis>1672099413534</millis>
  <nanos>974389</nanos>
  <sequence>3</sequence>
  <logger>com.mycompany.soft400051_hj_local</logger>
  <level>INFO</level>
  <class>com.mycompany.soft400051_hj_local.Logger_Controller</class>
  <method>log_info</method>
  <thread>23</thread>
  <message>Login Function Execution to Start</message>
</record>
<record>
  <date>2022-12-27T00:03:33.536770325Z</date>
  <millis>1672099413536</millis>
  <nanos>770325</nanos>
  <sequence>4</sequence>
  <logger>com.mycompany.soft400051_hj_local</logger>
  <level>INFO</level>
  <class>com.mycompany.soft400051_hj_local.Logger_Controller</class>
  <method>log_info</method>
  <thread>23</thread>
  <message>Function login_details_check Started</message>
</record>
<record>
  <date>2022-12-27T00:03:33.538173961Z</date>
  <millis>1672099413538</millis>
  <nanos>173961</nanos>
  <sequence>5</sequence>
  <logger>com.mycompany.soft400051_hj_local</logger>
  <level>INFO</level>
  <class>com.mycompany.soft400051_hj_local.Logger_Controller</class>
  <method>log_info</method>
  <thread>23</thread>
  <message>Login Field Check 1 Success</message>
</record>
<record>
  <date>2022-12-27T00:03:33.671129233Z</date>
  <millis>1672099413671</millis>
  <nanos>129233</nanos>
  <sequence>6</sequence>
  <logger>com.mycompany.soft400051_hj_local</logger>
  <level>INFO</level>
  <class>com.mycompany.soft400051_hj_local.Logger_Controller</class>
  <method>log_info</method>
  <thread>23</thread>
  <message>Function data_login Started</message>
</record>
<record>
  <date>2022-12-27T00:03:33.685374387Z</date>
  <millis>1672099413685</millis>
  <nanos>374387</nanos>
  <sequence>7</sequence>
  <logger>com.mycompany.soft400051_hj_local</logger>
  <level>INFO</level>
  <class>com.mycompany.soft400051_hj_local.Logger_Controller</class>
  <method>log_info</method>
  <thread>23</thread>
  <message>User Details Found - Flag set Timestamp Set joshua@gmail.com</message>
</record>
<record>
  <date>2022-12-27T00:03:33.686544105Z</date>
  <millis>1672099413686</millis>
  <nanos>544105</nanos>
  <sequence>8</sequence>
  <logger>com.mycompany.soft400051_hj_local</logger>
  <level>INFO</level>
  <class>com.mycompany.soft400051_hj_local.Logger_Controller</class>
  <method>log_info</method>
  <thread>23</thread>
  <message>User Logged in Successfully joshua@gmail.com</message>
</record>
<record>
  <date>2022-12-27T00:03:34.421508172Z</date>
  <millis>1672099414421</millis>
  <nanos>508172</nanos>
  <sequence>9</sequence>
  <logger>com.mycompany.soft400051_hj_local</logger>
  <level>INFO</level>
  <class>com.mycompany.soft400051_hj_local.Logger_Controller</class>
  <method>log_info</method>
  <thread>23</thread>
  <message>Exception in Login_Details_check function in Login Controller</message>
</record>
</log>
<?xml version="1.0" encoding="UTF-8" standalone="no"?>
<!DOCTYPE log SYSTEM "logger.dtd">
<log>
<record>
  <date>2022-12-27T00:06:54.481195950Z</date>
  <millis>1672099614481</millis>
  <nanos>195950</nanos>
  <sequence>0</sequence>
  <logger>com.mycompany.soft400051_hj_local</logger>
  <level>INFO</level>
  <class>com.mycompany.soft400051_hj_local.Logger_Controller</class>
  <method>log_info</method>
  <thread>23</thread>
  <message>Application Resource Loading...</message>
</record>
<record>
  <date>2022-12-27T00:06:55.386278450Z</date>
  <millis>1672099615386</millis>
  <nanos>278450</nanos>
  <sequence>1</sequence>
  <logger>com.mycompany.soft400051_hj_local</logger>
  <level>INFO</level>
  <class>com.mycompany.soft400051_hj_local.Logger_Controller</class>
  <method>log_info</method>
  <thread>23</thread>
  <message>Application Started...</message>
</record>
<record>
  <date>2022-12-27T00:07:07.406009956Z</date>
  <millis>1672099627406</millis>
  <nanos>9956</nanos>
  <sequence>2</sequence>
  <logger>com.mycompany.soft400051_hj_local</logger>
  <level>INFO</level>
  <class>com.mycompany.soft400051_hj_local.Logger_Controller</class>
  <method>log_info</method>
  <thread>23</thread>
  <message>Login Button Clicked</message>
</record>
<record>
  <date>2022-12-27T00:07:07.406901472Z</date>
  <millis>1672099627406</millis>
  <nanos>901472</nanos>
  <sequence>3</sequence>
  <logger>com.mycompany.soft400051_hj_local</logger>
  <level>INFO</level>
  <class>com.mycompany.soft400051_hj_local.Logger_Controller</class>
  <method>log_info</method>
  <thread>23</thread>
  <message>Login Function Execution to Start</message>
</record>
<record>
  <date>2022-12-27T00:07:07.408206890Z</date>
  <millis>1672099627408</millis>
  <nanos>206890</nanos>
  <sequence>4</sequence>
  <logger>com.mycompany.soft400051_hj_local</logger>
  <level>INFO</level>
  <class>com.mycompany.soft400051_hj_local.Logger_Controller</class>
  <method>log_info</method>
  <thread>23</thread>
  <message>Function login_details_check Started</message>
</record>
<record>
  <date>2022-12-27T00:07:07.409248322Z</date>
  <millis>1672099627409</millis>
  <nanos>248322</nanos>
  <sequence>5</sequence>
  <logger>com.mycompany.soft400051_hj_local</logger>
  <level>INFO</level>
  <class>com.mycompany.soft400051_hj_local.Logger_Controller</class>
  <method>log_info</method>
  <thread>23</thread>
  <message>Login Field Check 1 Success</message>
</record>
<record>
  <date>2022-12-27T00:07:07.539973828Z</date>
  <millis>1672099627539</millis>
  <nanos>973828</nanos>
  <sequence>6</sequence>
  <logger>com.mycompany.soft400051_hj_local</logger>
  <level>INFO</level>
  <class>com.mycompany.soft400051_hj_local.Logger_Controller</class>
  <method>log_info</method>
  <thread>23</thread>
  <message>Function data_login Started</message>
</record>
<record>
  <date>2022-12-27T00:07:07.552203086Z</date>
  <millis>1672099627552</millis>
  <nanos>203086</nanos>
  <sequence>7</sequence>
  <logger>com.mycompany.soft400051_hj_local</logger>
  <level>INFO</level>
  <class>com.mycompany.soft400051_hj_local.Logger_Controller</class>
  <method>log_info</method>
  <thread>23</thread>
  <message>User Details Found - Flag set Timestamp Set joshua@gmail.com</message>
</record>
<record>
  <date>2022-12-27T00:07:07.553182299Z</date>
  <millis>1672099627553</millis>
  <nanos>182299</nanos>
  <sequence>8</sequence>
  <logger>com.mycompany.soft400051_hj_local</logger>
  <level>INFO</level>
  <class>com.mycompany.soft400051_hj_local.Logger_Controller</class>
  <method>log_info</method>
  <thread>23</thread>
  <message>User Logged in Successfully joshua@gmail.com</message>
</record>
<record>
  <date>2022-12-27T00:07:08.308338026Z</date>
  <millis>1672099628308</millis>
  <nanos>338026</nanos>
  <sequence>9</sequence>
  <logger>com.mycompany.soft400051_hj_local</logger>
  <level>INFO</level>
  <class>com.mycompany.soft400051_hj_local.Logger_Controller</class>
  <method>log_info</method>
  <thread>23</thread>
  <message>Login Screen Loaded to User </message>
</record>
<record>
  <date>2022-12-27T00:07:08.309209043Z</date>
  <millis>1672099628309</millis>
  <nanos>209043</nanos>
  <sequence>10</sequence>
  <logger>com.mycompany.soft400051_hj_local</logger>
  <level>INFO</level>
  <class>com.mycompany.soft400051_hj_local.Logger_Controller</class>
  <method>log_info</method>
  <thread>23</thread>
  <message>Login Function Execution Success</message>
</record>
</log>
<?xml version="1.0" encoding="UTF-8" standalone="no"?>
<!DOCTYPE log SYSTEM "logger.dtd">
<log>
<record>
  <date>2022-12-27T00:10:46.347503830Z</date>
  <millis>1672099846347</millis>
  <nanos>503830</nanos>
  <sequence>0</sequence>
  <logger>com.mycompany.soft400051_hj_local</logger>
  <level>INFO</level>
  <class>com.mycompany.soft400051_hj_local.Logger_Controller</class>
  <method>log_info</method>
  <thread>23</thread>
  <message>Application Resource Loading...</message>
</record>
<record>
  <date>2022-12-27T00:10:47.128734264Z</date>
  <millis>1672099847128</millis>
  <nanos>734264</nanos>
  <sequence>1</sequence>
  <logger>com.mycompany.soft400051_hj_local</logger>
  <level>INFO</level>
  <class>com.mycompany.soft400051_hj_local.Logger_Controller</class>
  <method>log_info</method>
  <thread>23</thread>
  <message>Application Started...</message>
</record>
<record>
  <date>2022-12-27T00:10:58.587079024Z</date>
  <millis>1672099858587</millis>
  <nanos>79024</nanos>
  <sequence>2</sequence>
  <logger>com.mycompany.soft400051_hj_local</logger>
  <level>INFO</level>
  <class>com.mycompany.soft400051_hj_local.Logger_Controller</class>
  <method>log_info</method>
  <thread>23</thread>
  <message>Login Button Clicked</message>
</record>
<record>
  <date>2022-12-27T00:10:58.588227010Z</date>
  <millis>1672099858588</millis>
  <nanos>227010</nanos>
  <sequence>3</sequence>
  <logger>com.mycompany.soft400051_hj_local</logger>
  <level>INFO</level>
  <class>com.mycompany.soft400051_hj_local.Logger_Controller</class>
  <method>log_info</method>
  <thread>23</thread>
  <message>Login Function Execution to Start</message>
</record>
<record>
  <date>2022-12-27T00:10:58.590012045Z</date>
  <millis>1672099858590</millis>
  <nanos>12045</nanos>
  <sequence>4</sequence>
  <logger>com.mycompany.soft400051_hj_local</logger>
  <level>INFO</level>
  <class>com.mycompany.soft400051_hj_local.Logger_Controller</class>
  <method>log_info</method>
  <thread>23</thread>
  <message>Function login_details_check Started</message>
</record>
<record>
  <date>2022-12-27T00:10:58.591845833Z</date>
  <millis>1672099858591</millis>
  <nanos>845833</nanos>
  <sequence>5</sequence>
  <logger>com.mycompany.soft400051_hj_local</logger>
  <level>INFO</level>
  <class>com.mycompany.soft400051_hj_local.Logger_Controller</class>
  <method>log_info</method>
  <thread>23</thread>
  <message>Login Field Check 1 Success</message>
</record>
<record>
  <date>2022-12-27T00:10:58.755079996Z</date>
  <millis>1672099858755</millis>
  <nanos>79996</nanos>
  <sequence>6</sequence>
  <logger>com.mycompany.soft400051_hj_local</logger>
  <level>INFO</level>
  <class>com.mycompany.soft400051_hj_local.Logger_Controller</class>
  <method>log_info</method>
  <thread>23</thread>
  <message>Function data_login Started</message>
</record>
<record>
  <date>2022-12-27T00:10:58.771956474Z</date>
  <millis>1672099858771</millis>
  <nanos>956474</nanos>
  <sequence>7</sequence>
  <logger>com.mycompany.soft400051_hj_local</logger>
  <level>INFO</level>
  <class>com.mycompany.soft400051_hj_local.Logger_Controller</class>
  <method>log_info</method>
  <thread>23</thread>
  <message>User Details Found - Flag set Timestamp Set joshua@gmail.com</message>
</record>
<record>
  <date>2022-12-27T00:10:58.773388584Z</date>
  <millis>1672099858773</millis>
  <nanos>388584</nanos>
  <sequence>8</sequence>
  <logger>com.mycompany.soft400051_hj_local</logger>
  <level>INFO</level>
  <class>com.mycompany.soft400051_hj_local.Logger_Controller</class>
  <method>log_info</method>
  <thread>23</thread>
  <message>User Logged in Successfully joshua@gmail.com</message>
</record>
<record>
  <date>2022-12-27T00:10:59.561087574Z</date>
  <millis>1672099859561</millis>
  <nanos>87574</nanos>
  <sequence>9</sequence>
  <logger>com.mycompany.soft400051_hj_local</logger>
  <level>INFO</level>
  <class>com.mycompany.soft400051_hj_local.Logger_Controller</class>
  <method>log_info</method>
  <thread>23</thread>
  <message>Login Screen Loaded to User </message>
</record>
<record>
  <date>2022-12-27T00:10:59.562488464Z</date>
  <millis>1672099859562</millis>
  <nanos>488464</nanos>
  <sequence>10</sequence>
  <logger>com.mycompany.soft400051_hj_local</logger>
  <level>INFO</level>
  <class>com.mycompany.soft400051_hj_local.Logger_Controller</class>
  <method>log_info</method>
  <thread>23</thread>
  <message>Login Function Execution Success</message>
</record>
</log>
<?xml version="1.0" encoding="UTF-8" standalone="no"?>
<!DOCTYPE log SYSTEM "logger.dtd">
<log>
<record>
  <date>2022-12-27T00:13:17.848894834Z</date>
  <millis>1672099997848</millis>
  <nanos>894834</nanos>
  <sequence>0</sequence>
  <logger>com.mycompany.soft400051_hj_local</logger>
  <level>INFO</level>
  <class>com.mycompany.soft400051_hj_local.Logger_Controller</class>
  <method>log_info</method>
  <thread>23</thread>
  <message>Application Resource Loading...</message>
</record>
<record>
  <date>2022-12-27T00:13:18.632595694Z</date>
  <millis>1672099998632</millis>
  <nanos>595694</nanos>
  <sequence>1</sequence>
  <logger>com.mycompany.soft400051_hj_local</logger>
  <level>INFO</level>
  <class>com.mycompany.soft400051_hj_local.Logger_Controller</class>
  <method>log_info</method>
  <thread>23</thread>
  <message>Application Started...</message>
</record>
<record>
  <date>2022-12-27T00:13:28.419792796Z</date>
  <millis>1672100008419</millis>
  <nanos>792796</nanos>
  <sequence>2</sequence>
  <logger>com.mycompany.soft400051_hj_local</logger>
  <level>INFO</level>
  <class>com.mycompany.soft400051_hj_local.Logger_Controller</class>
  <method>log_info</method>
  <thread>23</thread>
  <message>Login Button Clicked</message>
</record>
<record>
  <date>2022-12-27T00:13:28.420781026Z</date>
  <millis>1672100008420</millis>
  <nanos>781026</nanos>
  <sequence>3</sequence>
  <logger>com.mycompany.soft400051_hj_local</logger>
  <level>INFO</level>
  <class>com.mycompany.soft400051_hj_local.Logger_Controller</class>
  <method>log_info</method>
  <thread>23</thread>
  <message>Login Function Execution to Start</message>
</record>
<record>
  <date>2022-12-27T00:13:28.422186215Z</date>
  <millis>1672100008422</millis>
  <nanos>186215</nanos>
  <sequence>4</sequence>
  <logger>com.mycompany.soft400051_hj_local</logger>
  <level>INFO</level>
  <class>com.mycompany.soft400051_hj_local.Logger_Controller</class>
  <method>log_info</method>
  <thread>23</thread>
  <message>Function login_details_check Started</message>
</record>
<record>
  <date>2022-12-27T00:13:28.423319453Z</date>
  <millis>1672100008423</millis>
  <nanos>319453</nanos>
  <sequence>5</sequence>
  <logger>com.mycompany.soft400051_hj_local</logger>
  <level>INFO</level>
  <class>com.mycompany.soft400051_hj_local.Logger_Controller</class>
  <method>log_info</method>
  <thread>23</thread>
  <message>Login Field Check 1 Success</message>
</record>
<record>
  <date>2022-12-27T00:13:28.557574682Z</date>
  <millis>1672100008557</millis>
  <nanos>574682</nanos>
  <sequence>6</sequence>
  <logger>com.mycompany.soft400051_hj_local</logger>
  <level>INFO</level>
  <class>com.mycompany.soft400051_hj_local.Logger_Controller</class>
  <method>log_info</method>
  <thread>23</thread>
  <message>Function data_login Started</message>
</record>
<record>
  <date>2022-12-27T00:13:28.567045913Z</date>
  <millis>1672100008567</millis>
  <nanos>45913</nanos>
  <sequence>7</sequence>
  <logger>com.mycompany.soft400051_hj_local</logger>
  <level>INFO</level>
  <class>com.mycompany.soft400051_hj_local.Logger_Controller</class>
  <method>log_info</method>
  <thread>23</thread>
  <message>User Already Logged in DB Checked joshua@gmail.com</message>
</record>
<record>
  <date>2022-12-27T00:13:28.568220771Z</date>
  <millis>1672100008568</millis>
  <nanos>220771</nanos>
  <sequence>8</sequence>
  <logger>com.mycompany.soft400051_hj_local</logger>
  <level>INFO</level>
  <class>com.mycompany.soft400051_hj_local.Logger_Controller</class>
  <method>log_info</method>
  <thread>23</thread>
  <message>User Already Logged in joshua@gmail.com</message>
</record>
<record>
  <date>2022-12-27T00:13:28.617049401Z</date>
  <millis>1672100008617</millis>
  <nanos>49401</nanos>
  <sequence>9</sequence>
  <logger>com.mycompany.soft400051_hj_local</logger>
  <level>INFO</level>
  <class>com.mycompany.soft400051_hj_local.Logger_Controller</class>
  <method>log_info</method>
  <thread>23</thread>
  <message>Login Function Execution Success</message>
</record>
<record>
  <date>2022-12-27T00:13:44.758483482Z</date>
  <millis>1672100024758</millis>
  <nanos>483482</nanos>
  <sequence>10</sequence>
  <logger>com.mycompany.soft400051_hj_local</logger>
  <level>INFO</level>
  <class>com.mycompany.soft400051_hj_local.Logger_Controller</class>
  <method>log_info</method>
  <thread>23</thread>
  <message>Login Button Clicked</message>
</record>
<record>
  <date>2022-12-27T00:13:44.759296457Z</date>
  <millis>1672100024759</millis>
  <nanos>296457</nanos>
  <sequence>11</sequence>
  <logger>com.mycompany.soft400051_hj_local</logger>
  <level>INFO</level>
  <class>com.mycompany.soft400051_hj_local.Logger_Controller</class>
  <method>log_info</method>
  <thread>23</thread>
  <message>Login Function Execution to Start</message>
</record>
<record>
  <date>2022-12-27T00:13:44.760014912Z</date>
  <millis>1672100024760</millis>
  <nanos>14912</nanos>
  <sequence>12</sequence>
  <logger>com.mycompany.soft400051_hj_local</logger>
  <level>INFO</level>
  <class>com.mycompany.soft400051_hj_local.Logger_Controller</class>
  <method>log_info</method>
  <thread>23</thread>
  <message>Function login_details_check Started</message>
</record>
<record>
  <date>2022-12-27T00:13:44.760846533Z</date>
  <millis>1672100024760</millis>
  <nanos>846533</nanos>
  <sequence>13</sequence>
  <logger>com.mycompany.soft400051_hj_local</logger>
  <level>INFO</level>
  <class>com.mycompany.soft400051_hj_local.Logger_Controller</class>
  <method>log_info</method>
  <thread>23</thread>
  <message>Login Field Check 1 Success</message>
</record>
<record>
  <date>2022-12-27T00:13:44.762694629Z</date>
  <millis>1672100024762</millis>
  <nanos>694629</nanos>
  <sequence>14</sequence>
  <logger>com.mycompany.soft400051_hj_local</logger>
  <level>INFO</level>
  <class>com.mycompany.soft400051_hj_local.Logger_Controller</class>
  <method>log_info</method>
  <thread>23</thread>
  <message>Function data_login Started</message>
</record>
<record>
  <date>2022-12-27T00:13:44.783577683Z</date>
  <millis>1672100024783</millis>
  <nanos>577683</nanos>
  <sequence>15</sequence>
  <logger>com.mycompany.soft400051_hj_local</logger>
  <level>INFO</level>
  <class>com.mycompany.soft400051_hj_local.Logger_Controller</class>
  <method>log_info</method>
  <thread>23</thread>
  <message>User Details Found - Flag set Timestamp Set joshua@gmail.com</message>
</record>
<record>
  <date>2022-12-27T00:13:44.784731210Z</date>
  <millis>1672100024784</millis>
  <nanos>731210</nanos>
  <sequence>16</sequence>
  <logger>com.mycompany.soft400051_hj_local</logger>
  <level>INFO</level>
  <class>com.mycompany.soft400051_hj_local.Logger_Controller</class>
  <method>log_info</method>
  <thread>23</thread>
  <message>User Logged in Successfully joshua@gmail.com</message>
</record>
<record>
  <date>2022-12-27T00:13:45.746491587Z</date>
  <millis>1672100025746</millis>
  <nanos>491587</nanos>
  <sequence>17</sequence>
  <logger>com.mycompany.soft400051_hj_local</logger>
  <level>INFO</level>
  <class>com.mycompany.soft400051_hj_local.Logger_Controller</class>
  <method>log_info</method>
  <thread>23</thread>
  <message>Login Screen Loaded to User </message>
</record>
<record>
  <date>2022-12-27T00:13:45.747539472Z</date>
  <millis>1672100025747</millis>
  <nanos>539472</nanos>
  <sequence>18</sequence>
  <logger>com.mycompany.soft400051_hj_local</logger>
  <level>INFO</level>
  <class>com.mycompany.soft400051_hj_local.Logger_Controller</class>
  <method>log_info</method>
  <thread>23</thread>
  <message>Login Function Execution Success</message>
</record>
</log>
<?xml version="1.0" encoding="UTF-8" standalone="no"?>
<!DOCTYPE log SYSTEM "logger.dtd">
<log>
<record>
  <date>2022-12-27T00:18:35.306484009Z</date>
  <millis>1672100315306</millis>
  <nanos>484009</nanos>
  <sequence>0</sequence>
  <logger>com.mycompany.soft400051_hj_local</logger>
  <level>INFO</level>
  <class>com.mycompany.soft400051_hj_local.Logger_Controller</class>
  <method>log_info</method>
  <thread>23</thread>
  <message>Application Resource Loading...</message>
</record>
<record>
  <date>2022-12-27T00:18:36.081454346Z</date>
  <millis>1672100316081</millis>
  <nanos>454346</nanos>
  <sequence>1</sequence>
  <logger>com.mycompany.soft400051_hj_local</logger>
  <level>INFO</level>
  <class>com.mycompany.soft400051_hj_local.Logger_Controller</class>
  <method>log_info</method>
  <thread>23</thread>
  <message>Application Started...</message>
</record>
<record>
  <date>2022-12-27T00:18:46.908587501Z</date>
  <millis>1672100326908</millis>
  <nanos>587501</nanos>
  <sequence>2</sequence>
  <logger>com.mycompany.soft400051_hj_local</logger>
  <level>INFO</level>
  <class>com.mycompany.soft400051_hj_local.Logger_Controller</class>
  <method>log_info</method>
  <thread>23</thread>
  <message>Login Button Clicked</message>
</record>
<record>
  <date>2022-12-27T00:18:46.909516809Z</date>
  <millis>1672100326909</millis>
  <nanos>516809</nanos>
  <sequence>3</sequence>
  <logger>com.mycompany.soft400051_hj_local</logger>
  <level>INFO</level>
  <class>com.mycompany.soft400051_hj_local.Logger_Controller</class>
  <method>log_info</method>
  <thread>23</thread>
  <message>Login Function Execution to Start</message>
</record>
<record>
  <date>2022-12-27T00:18:46.910929322Z</date>
  <millis>1672100326910</millis>
  <nanos>929322</nanos>
  <sequence>4</sequence>
  <logger>com.mycompany.soft400051_hj_local</logger>
  <level>INFO</level>
  <class>com.mycompany.soft400051_hj_local.Logger_Controller</class>
  <method>log_info</method>
  <thread>23</thread>
  <message>Function login_details_check Started</message>
</record>
<record>
  <date>2022-12-27T00:18:46.912109941Z</date>
  <millis>1672100326912</millis>
  <nanos>109941</nanos>
  <sequence>5</sequence>
  <logger>com.mycompany.soft400051_hj_local</logger>
  <level>INFO</level>
  <class>com.mycompany.soft400051_hj_local.Logger_Controller</class>
  <method>log_info</method>
  <thread>23</thread>
  <message>Login Field Check 1 Success</message>
</record>
<record>
  <date>2022-12-27T00:18:47.037291530Z</date>
  <millis>1672100327037</millis>
  <nanos>291530</nanos>
  <sequence>6</sequence>
  <logger>com.mycompany.soft400051_hj_local</logger>
  <level>INFO</level>
  <class>com.mycompany.soft400051_hj_local.Logger_Controller</class>
  <method>log_info</method>
  <thread>23</thread>
  <message>Function data_login Started</message>
</record>
<record>
  <date>2022-12-27T00:18:47.050806798Z</date>
  <millis>1672100327050</millis>
  <nanos>806798</nanos>
  <sequence>7</sequence>
  <logger>com.mycompany.soft400051_hj_local</logger>
  <level>INFO</level>
  <class>com.mycompany.soft400051_hj_local.Logger_Controller</class>
  <method>log_info</method>
  <thread>23</thread>
  <message>User Details Found - Flag set Timestamp Set joshua@gmail.com</message>
</record>
<record>
  <date>2022-12-27T00:18:47.052068271Z</date>
  <millis>1672100327052</millis>
  <nanos>68271</nanos>
  <sequence>8</sequence>
  <logger>com.mycompany.soft400051_hj_local</logger>
  <level>INFO</level>
  <class>com.mycompany.soft400051_hj_local.Logger_Controller</class>
  <method>log_info</method>
  <thread>23</thread>
  <message>User Logged in Successfully joshua@gmail.com</message>
</record>
<record>
  <date>2022-12-27T00:18:47.880776788Z</date>
  <millis>1672100327880</millis>
  <nanos>776788</nanos>
  <sequence>9</sequence>
  <logger>com.mycompany.soft400051_hj_local</logger>
  <level>INFO</level>
  <class>com.mycompany.soft400051_hj_local.Logger_Controller</class>
  <method>log_info</method>
  <thread>23</thread>
  <message>Login Screen Loaded to User </message>
</record>
<record>
  <date>2022-12-27T00:18:47.881731725Z</date>
  <millis>1672100327881</millis>
  <nanos>731725</nanos>
  <sequence>10</sequence>
  <logger>com.mycompany.soft400051_hj_local</logger>
  <level>INFO</level>
  <class>com.mycompany.soft400051_hj_local.Logger_Controller</class>
  <method>log_info</method>
  <thread>23</thread>
  <message>Login Function Execution Success</message>
</record>
<record>
  <date>2022-12-27T00:19:14.936093276Z</date>
  <millis>1672100354936</millis>
  <nanos>93276</nanos>
  <sequence>11</sequence>
  <logger>com.mycompany.soft400051_hj_local</logger>
  <level>INFO</level>
  <class>com.mycompany.soft400051_hj_local.Logger_Controller</class>
  <method>log_info</method>
  <thread>23</thread>
  <message>Function filesInsert Started</message>
</record>
<record>
  <date>2022-12-27T00:19:14.946207106Z</date>
  <millis>1672100354946</millis>
  <nanos>207106</nanos>
  <sequence>12</sequence>
  <logger>com.mycompany.soft400051_hj_local</logger>
  <level>INFO</level>
  <class>com.mycompany.soft400051_hj_local.Logger_Controller</class>
  <method>log_info</method>
  <thread>23</thread>
  <message>Insert Query Execution Success for File</message>
</record>
</log>
