<?xml version="1.0" encoding="UTF-8" standalone="no"?>
<!DOCTYPE log SYSTEM "logger.dtd">
<log>
<record>
  <date>2023-01-06T09:53:03.218610676Z</date>
  <millis>1672998783218</millis>
  <nanos>610676</nanos>
  <sequence>0</sequence>
  <logger>com.mycompany.soft400051_hj_local</logger>
  <level>INFO</level>
  <class>com.mycompany.soft400051_hj_local.Logger_Controller</class>
  <method>log_info</method>
  <thread>23</thread>
  <message>Application Resource Loading...</message>
</record>
<record>
  <date>2023-01-06T09:53:04.479280725Z</date>
  <millis>1672998784479</millis>
  <nanos>280725</nanos>
  <sequence>1</sequence>
  <logger>com.mycompany.soft400051_hj_local</logger>
  <level>INFO</level>
  <class>com.mycompany.soft400051_hj_local.Logger_Controller</class>
  <method>log_info</method>
  <thread>23</thread>
  <message>Application Started...</message>
</record>
<record>
  <date>2023-01-06T09:53:16.587834547Z</date>
  <millis>1672998796587</millis>
  <nanos>834547</nanos>
  <sequence>2</sequence>
  <logger>com.mycompany.soft400051_hj_local</logger>
  <level>INFO</level>
  <class>com.mycompany.soft400051_hj_local.Logger_Controller</class>
  <method>log_info</method>
  <thread>23</thread>
  <message>Login Button Clicked</message>
</record>
<record>
  <date>2023-01-06T09:53:16.588930603Z</date>
  <millis>1672998796588</millis>
  <nanos>930603</nanos>
  <sequence>3</sequence>
  <logger>com.mycompany.soft400051_hj_local</logger>
  <level>INFO</level>
  <class>com.mycompany.soft400051_hj_local.Logger_Controller</class>
  <method>log_info</method>
  <thread>23</thread>
  <message>Login Function Execution to Start</message>
</record>
<record>
  <date>2023-01-06T09:53:16.601983876Z</date>
  <millis>1672998796601</millis>
  <nanos>983876</nanos>
  <sequence>4</sequence>
  <logger>com.mycompany.soft400051_hj_local</logger>
  <level>INFO</level>
  <class>com.mycompany.soft400051_hj_local.Logger_Controller</class>
  <method>log_info</method>
  <thread>23</thread>
  <message>Function login_details_check Started</message>
</record>
<record>
  <date>2023-01-06T09:53:16.603218076Z</date>
  <millis>1672998796603</millis>
  <nanos>218076</nanos>
  <sequence>5</sequence>
  <logger>com.mycompany.soft400051_hj_local</logger>
  <level>INFO</level>
  <class>com.mycompany.soft400051_hj_local.Logger_Controller</class>
  <method>log_info</method>
  <thread>23</thread>
  <message>Login Field Check 1 Success</message>
</record>
<record>
  <date>2023-01-06T09:53:16.746337219Z</date>
  <millis>1672998796746</millis>
  <nanos>337219</nanos>
  <sequence>6</sequence>
  <logger>com.mycompany.soft400051_hj_local</logger>
  <level>INFO</level>
  <class>com.mycompany.soft400051_hj_local.Logger_Controller</class>
  <method>log_info</method>
  <thread>23</thread>
  <message>Function data_login Started</message>
</record>
<record>
  <date>2023-01-06T09:53:16.761244165Z</date>
  <millis>1672998796761</millis>
  <nanos>244165</nanos>
  <sequence>7</sequence>
  <logger>com.mycompany.soft400051_hj_local</logger>
  <level>INFO</level>
  <class>com.mycompany.soft400051_hj_local.Logger_Controller</class>
  <method>log_info</method>
  <thread>23</thread>
  <message>User Details Found - Flag set Timestamp Set joshua@gmail.com</message>
</record>
<record>
  <date>2023-01-06T09:53:16.762549151Z</date>
  <millis>1672998796762</millis>
  <nanos>549151</nanos>
  <sequence>8</sequence>
  <logger>com.mycompany.soft400051_hj_local</logger>
  <level>INFO</level>
  <class>com.mycompany.soft400051_hj_local.Logger_Controller</class>
  <method>log_info</method>
  <thread>23</thread>
  <message>User Logged in Successfully joshua@gmail.com</message>
</record>
<record>
  <date>2023-01-06T09:53:17.353899734Z</date>
  <millis>1672998797353</millis>
  <nanos>899734</nanos>
  <sequence>9</sequence>
  <logger>com.mycompany.soft400051_hj_local</logger>
  <level>INFO</level>
  <class>com.mycompany.soft400051_hj_local.Logger_Controller</class>
  <method>log_info</method>
  <thread>23</thread>
  <message>Function getOwnerId Started</message>
</record>
<record>
  <date>2023-01-06T09:53:17.560098021Z</date>
  <millis>1672998797560</millis>
  <nanos>98021</nanos>
  <sequence>10</sequence>
  <logger>com.mycompany.soft400051_hj_local</logger>
  <level>INFO</level>
  <class>com.mycompany.soft400051_hj_local.Logger_Controller</class>
  <method>log_info</method>
  <thread>23</thread>
  <message>Login Screen Loaded to User </message>
</record>
<record>
  <date>2023-01-06T09:53:17.562466731Z</date>
  <millis>1672998797562</millis>
  <nanos>466731</nanos>
  <sequence>11</sequence>
  <logger>com.mycompany.soft400051_hj_local</logger>
  <level>INFO</level>
  <class>com.mycompany.soft400051_hj_local.Logger_Controller</class>
  <method>log_info</method>
  <thread>23</thread>
  <message>Login Function Execution Success</message>
</record>
<record>
  <date>2023-01-06T09:53:43.287982289Z</date>
  <millis>1672998823287</millis>
  <nanos>982289</nanos>
  <sequence>12</sequence>
  <logger>com.mycompany.soft400051_hj_local</logger>
  <level>INFO</level>
  <class>com.mycompany.soft400051_hj_local.Logger_Controller</class>
  <method>log_info</method>
  <thread>23</thread>
  <message>Function getOwnerId Started</message>
</record>
<record>
  <date>2023-01-06T09:53:43.292240613Z</date>
  <millis>1672998823292</millis>
  <nanos>240613</nanos>
  <sequence>13</sequence>
  <logger>com.mycompany.soft400051_hj_local</logger>
  <level>INFO</level>
  <class>com.mycompany.soft400051_hj_local.Logger_Controller</class>
  <method>log_info</method>
  <thread>23</thread>
  <message>Function getOwnerId Started</message>
</record>
<record>
  <date>2023-01-06T09:53:43.303835065Z</date>
  <millis>1672998823303</millis>
  <nanos>835065</nanos>
  <sequence>14</sequence>
  <logger>com.mycompany.soft400051_hj_local</logger>
  <level>INFO</level>
  <class>com.mycompany.soft400051_hj_local.Logger_Controller</class>
  <method>log_info</method>
  <thread>23</thread>
  <message>Function getOwnerId Started</message>
</record>
<record>
  <date>2023-01-06T09:54:01.655735102Z</date>
  <millis>1672998841655</millis>
  <nanos>735102</nanos>
  <sequence>15</sequence>
  <logger>com.mycompany.soft400051_hj_local</logger>
  <level>INFO</level>
  <class>com.mycompany.soft400051_hj_local.Logger_Controller</class>
  <method>log_info</method>
  <thread>23</thread>
  <message>Function user_logout Started</message>
</record>
<record>
  <date>2023-01-06T09:54:01.657700470Z</date>
  <millis>1672998841657</millis>
  <nanos>700470</nanos>
  <sequence>16</sequence>
  <logger>com.mycompany.soft400051_hj_local</logger>
  <level>INFO</level>
  <class>com.mycompany.soft400051_hj_local.Logger_Controller</class>
  <method>log_info</method>
  <thread>23</thread>
  <message>Function user_logout Started</message>
</record>
<record>
  <date>2023-01-06T09:54:01.680548765Z</date>
  <millis>1672998841680</millis>
  <nanos>548765</nanos>
  <sequence>17</sequence>
  <logger>com.mycompany.soft400051_hj_local</logger>
  <level>INFO</level>
  <class>com.mycompany.soft400051_hj_local.Logger_Controller</class>
  <method>log_info</method>
  <thread>23</thread>
  <message>User Found and Unset Login and Timestamp</message>
</record>
<record>
  <date>2023-01-06T09:54:01.681891403Z</date>
  <millis>1672998841681</millis>
  <nanos>891403</nanos>
  <sequence>18</sequence>
  <logger>com.mycompany.soft400051_hj_local</logger>
  <level>INFO</level>
  <class>com.mycompany.soft400051_hj_local.Logger_Controller</class>
  <method>log_info</method>
  <thread>23</thread>
  <message>User Logged Out Success joshua@gmail.com</message>
</record>
</log>
