<?xml version="1.0" encoding="UTF-8" standalone="no"?>
<!DOCTYPE log SYSTEM "logger.dtd">
<log>
<record>
  <date>2023-01-05T18:37:40.662780089Z</date>
  <millis>1672943860662</millis>
  <nanos>780089</nanos>
  <sequence>0</sequence>
  <logger>com.mycompany.soft400051_hj_local</logger>
  <level>INFO</level>
  <class>com.mycompany.soft400051_hj_local.Logger_Controller</class>
  <method>log_info</method>
  <thread>23</thread>
  <message>Application Resource Loading...</message>
</record>
<record>
  <date>2023-01-05T18:37:41.896645715Z</date>
  <millis>1672943861896</millis>
  <nanos>645715</nanos>
  <sequence>1</sequence>
  <logger>com.mycompany.soft400051_hj_local</logger>
  <level>INFO</level>
  <class>com.mycompany.soft400051_hj_local.Logger_Controller</class>
  <method>log_info</method>
  <thread>23</thread>
  <message>Application Started...</message>
</record>
<record>
  <date>2023-01-05T18:37:55.160974450Z</date>
  <millis>1672943875160</millis>
  <nanos>974450</nanos>
  <sequence>2</sequence>
  <logger>com.mycompany.soft400051_hj_local</logger>
  <level>INFO</level>
  <class>com.mycompany.soft400051_hj_local.Logger_Controller</class>
  <method>log_info</method>
  <thread>23</thread>
  <message>Login Button Clicked</message>
</record>
<record>
  <date>2023-01-05T18:37:55.162445793Z</date>
  <millis>1672943875162</millis>
  <nanos>445793</nanos>
  <sequence>3</sequence>
  <logger>com.mycompany.soft400051_hj_local</logger>
  <level>INFO</level>
  <class>com.mycompany.soft400051_hj_local.Logger_Controller</class>
  <method>log_info</method>
  <thread>23</thread>
  <message>Login Function Execution to Start</message>
</record>
<record>
  <date>2023-01-05T18:37:55.179855071Z</date>
  <millis>1672943875179</millis>
  <nanos>855071</nanos>
  <sequence>4</sequence>
  <logger>com.mycompany.soft400051_hj_local</logger>
  <level>INFO</level>
  <class>com.mycompany.soft400051_hj_local.Logger_Controller</class>
  <method>log_info</method>
  <thread>23</thread>
  <message>Function login_details_check Started</message>
</record>
<record>
  <date>2023-01-05T18:37:55.181610557Z</date>
  <millis>1672943875181</millis>
  <nanos>610557</nanos>
  <sequence>5</sequence>
  <logger>com.mycompany.soft400051_hj_local</logger>
  <level>INFO</level>
  <class>com.mycompany.soft400051_hj_local.Logger_Controller</class>
  <method>log_info</method>
  <thread>23</thread>
  <message>Login Field Check 1 Success</message>
</record>
<record>
  <date>2023-01-05T18:37:55.383623800Z</date>
  <millis>1672943875383</millis>
  <nanos>623800</nanos>
  <sequence>6</sequence>
  <logger>com.mycompany.soft400051_hj_local</logger>
  <level>INFO</level>
  <class>com.mycompany.soft400051_hj_local.Logger_Controller</class>
  <method>log_info</method>
  <thread>23</thread>
  <message>Function data_login Started</message>
</record>
<record>
  <date>2023-01-05T18:37:55.403282809Z</date>
  <millis>1672943875403</millis>
  <nanos>282809</nanos>
  <sequence>7</sequence>
  <logger>com.mycompany.soft400051_hj_local</logger>
  <level>INFO</level>
  <class>com.mycompany.soft400051_hj_local.Logger_Controller</class>
  <method>log_info</method>
  <thread>23</thread>
  <message>User Details Found - Flag set Timestamp Set joshua@gmail.com</message>
</record>
<record>
  <date>2023-01-05T18:37:55.404715247Z</date>
  <millis>1672943875404</millis>
  <nanos>715247</nanos>
  <sequence>8</sequence>
  <logger>com.mycompany.soft400051_hj_local</logger>
  <level>INFO</level>
  <class>com.mycompany.soft400051_hj_local.Logger_Controller</class>
  <method>log_info</method>
  <thread>23</thread>
  <message>User Logged in Successfully joshua@gmail.com</message>
</record>
<record>
  <date>2023-01-05T18:37:56.218891816Z</date>
  <millis>1672943876218</millis>
  <nanos>891816</nanos>
  <sequence>9</sequence>
  <logger>com.mycompany.soft400051_hj_local</logger>
  <level>INFO</level>
  <class>com.mycompany.soft400051_hj_local.Logger_Controller</class>
  <method>log_info</method>
  <thread>23</thread>
  <message>Function getOwnerId Started</message>
</record>
<record>
  <date>2023-01-05T18:37:56.480581012Z</date>
  <millis>1672943876480</millis>
  <nanos>581012</nanos>
  <sequence>10</sequence>
  <logger>com.mycompany.soft400051_hj_local</logger>
  <level>INFO</level>
  <class>com.mycompany.soft400051_hj_local.Logger_Controller</class>
  <method>log_info</method>
  <thread>23</thread>
  <message>Login Screen Loaded to User </message>
</record>
<record>
  <date>2023-01-05T18:37:56.482413154Z</date>
  <millis>1672943876482</millis>
  <nanos>413154</nanos>
  <sequence>11</sequence>
  <logger>com.mycompany.soft400051_hj_local</logger>
  <level>INFO</level>
  <class>com.mycompany.soft400051_hj_local.Logger_Controller</class>
  <method>log_info</method>
  <thread>23</thread>
  <message>Login Function Execution Success</message>
</record>
<record>
  <date>2023-01-05T18:54:15.578803510Z</date>
  <millis>1672944855578</millis>
  <nanos>803510</nanos>
  <sequence>12</sequence>
  <logger>com.mycompany.soft400051_hj_local</logger>
  <level>INFO</level>
  <class>com.mycompany.soft400051_hj_local.Logger_Controller</class>
  <method>log_info</method>
  <thread>23</thread>
  <message>Function user_logout Started</message>
</record>
<record>
  <date>2023-01-05T18:54:15.582043032Z</date>
  <millis>1672944855582</millis>
  <nanos>43032</nanos>
  <sequence>13</sequence>
  <logger>com.mycompany.soft400051_hj_local</logger>
  <level>INFO</level>
  <class>com.mycompany.soft400051_hj_local.Logger_Controller</class>
  <method>log_info</method>
  <thread>23</thread>
  <message>Function user_logout Started</message>
</record>
<record>
  <date>2023-01-05T18:54:15.634490437Z</date>
  <millis>1672944855634</millis>
  <nanos>490437</nanos>
  <sequence>14</sequence>
  <logger>com.mycompany.soft400051_hj_local</logger>
  <level>INFO</level>
  <class>com.mycompany.soft400051_hj_local.Logger_Controller</class>
  <method>log_info</method>
  <thread>23</thread>
  <message>User Found and Unset Login and Timestamp</message>
</record>
<record>
  <date>2023-01-05T18:54:15.637024150Z</date>
  <millis>1672944855637</millis>
  <nanos>24150</nanos>
  <sequence>15</sequence>
  <logger>com.mycompany.soft400051_hj_local</logger>
  <level>INFO</level>
  <class>com.mycompany.soft400051_hj_local.Logger_Controller</class>
  <method>log_info</method>
  <thread>23</thread>
  <message>User Logged Out Success joshua@gmail.com</message>
</record>
</log>
<?xml version="1.0" encoding="UTF-8" standalone="no"?>
<!DOCTYPE log SYSTEM "logger.dtd">
<log>
<record>
  <date>2023-01-05T18:54:31.813833976Z</date>
  <millis>1672944871813</millis>
  <nanos>833976</nanos>
  <sequence>0</sequence>
  <logger>com.mycompany.soft400051_hj_local</logger>
  <level>INFO</level>
  <class>com.mycompany.soft400051_hj_local.Logger_Controller</class>
  <method>log_info</method>
  <thread>23</thread>
  <message>Application Resource Loading...</message>
</record>
<record>
  <date>2023-01-05T18:54:33.441016487Z</date>
  <millis>1672944873441</millis>
  <nanos>16487</nanos>
  <sequence>1</sequence>
  <logger>com.mycompany.soft400051_hj_local</logger>
  <level>INFO</level>
  <class>com.mycompany.soft400051_hj_local.Logger_Controller</class>
  <method>log_info</method>
  <thread>23</thread>
  <message>Application Started...</message>
</record>
<record>
  <date>2023-01-05T18:54:47.789299089Z</date>
  <millis>1672944887789</millis>
  <nanos>299089</nanos>
  <sequence>2</sequence>
  <logger>com.mycompany.soft400051_hj_local</logger>
  <level>INFO</level>
  <class>com.mycompany.soft400051_hj_local.Logger_Controller</class>
  <method>log_info</method>
  <thread>23</thread>
  <message>Login Button Clicked</message>
</record>
<record>
  <date>2023-01-05T18:54:47.790861725Z</date>
  <millis>1672944887790</millis>
  <nanos>861725</nanos>
  <sequence>3</sequence>
  <logger>com.mycompany.soft400051_hj_local</logger>
  <level>INFO</level>
  <class>com.mycompany.soft400051_hj_local.Logger_Controller</class>
  <method>log_info</method>
  <thread>23</thread>
  <message>Login Function Execution to Start</message>
</record>
<record>
  <date>2023-01-05T18:54:47.793508816Z</date>
  <millis>1672944887793</millis>
  <nanos>508816</nanos>
  <sequence>4</sequence>
  <logger>com.mycompany.soft400051_hj_local</logger>
  <level>INFO</level>
  <class>com.mycompany.soft400051_hj_local.Logger_Controller</class>
  <method>log_info</method>
  <thread>23</thread>
  <message>Function login_details_check Started</message>
</record>
<record>
  <date>2023-01-05T18:54:47.795425520Z</date>
  <millis>1672944887795</millis>
  <nanos>425520</nanos>
  <sequence>5</sequence>
  <logger>com.mycompany.soft400051_hj_local</logger>
  <level>INFO</level>
  <class>com.mycompany.soft400051_hj_local.Logger_Controller</class>
  <method>log_info</method>
  <thread>23</thread>
  <message>Login Field Check 1 Success</message>
</record>
<record>
  <date>2023-01-05T18:54:48.001011432Z</date>
  <millis>1672944888001</millis>
  <nanos>11432</nanos>
  <sequence>6</sequence>
  <logger>com.mycompany.soft400051_hj_local</logger>
  <level>INFO</level>
  <class>com.mycompany.soft400051_hj_local.Logger_Controller</class>
  <method>log_info</method>
  <thread>23</thread>
  <message>Function data_login Started</message>
</record>
<record>
  <date>2023-01-05T18:54:48.064992754Z</date>
  <millis>1672944888064</millis>
  <nanos>992754</nanos>
  <sequence>7</sequence>
  <logger>com.mycompany.soft400051_hj_local</logger>
  <level>INFO</level>
  <class>com.mycompany.soft400051_hj_local.Logger_Controller</class>
  <method>log_info</method>
  <thread>23</thread>
  <message>User Details Found - Flag set Timestamp Set joshua@gmail.com</message>
</record>
<record>
  <date>2023-01-05T18:54:48.066921962Z</date>
  <millis>1672944888066</millis>
  <nanos>921962</nanos>
  <sequence>8</sequence>
  <logger>com.mycompany.soft400051_hj_local</logger>
  <level>INFO</level>
  <class>com.mycompany.soft400051_hj_local.Logger_Controller</class>
  <method>log_info</method>
  <thread>23</thread>
  <message>User Logged in Successfully joshua@gmail.com</message>
</record>
<record>
  <date>2023-01-05T18:54:49.054008713Z</date>
  <millis>1672944889054</millis>
  <nanos>8713</nanos>
  <sequence>9</sequence>
  <logger>com.mycompany.soft400051_hj_local</logger>
  <level>INFO</level>
  <class>com.mycompany.soft400051_hj_local.Logger_Controller</class>
  <method>log_info</method>
  <thread>23</thread>
  <message>Function getOwnerId Started</message>
</record>
<record>
  <date>2023-01-05T18:54:49.359696303Z</date>
  <millis>1672944889359</millis>
  <nanos>696303</nanos>
  <sequence>10</sequence>
  <logger>com.mycompany.soft400051_hj_local</logger>
  <level>INFO</level>
  <class>com.mycompany.soft400051_hj_local.Logger_Controller</class>
  <method>log_info</method>
  <thread>23</thread>
  <message>Login Screen Loaded to User </message>
</record>
<record>
  <date>2023-01-05T18:54:49.360808700Z</date>
  <millis>1672944889360</millis>
  <nanos>808700</nanos>
  <sequence>11</sequence>
  <logger>com.mycompany.soft400051_hj_local</logger>
  <level>INFO</level>
  <class>com.mycompany.soft400051_hj_local.Logger_Controller</class>
  <method>log_info</method>
  <thread>23</thread>
  <message>Login Function Execution Success</message>
</record>
<record>
  <date>2023-01-05T18:56:53.043254262Z</date>
  <millis>1672945013043</millis>
  <nanos>254262</nanos>
  <sequence>12</sequence>
  <logger>com.mycompany.soft400051_hj_local</logger>
  <level>INFO</level>
  <class>com.mycompany.soft400051_hj_local.Logger_Controller</class>
  <method>log_info</method>
  <thread>23</thread>
  <message>Function user_logout Started</message>
</record>
<record>
  <date>2023-01-05T18:56:53.046023245Z</date>
  <millis>1672945013046</millis>
  <nanos>23245</nanos>
  <sequence>13</sequence>
  <logger>com.mycompany.soft400051_hj_local</logger>
  <level>INFO</level>
  <class>com.mycompany.soft400051_hj_local.Logger_Controller</class>
  <method>log_info</method>
  <thread>23</thread>
  <message>Function user_logout Started</message>
</record>
<record>
  <date>2023-01-05T18:56:53.101520369Z</date>
  <millis>1672945013101</millis>
  <nanos>520369</nanos>
  <sequence>14</sequence>
  <logger>com.mycompany.soft400051_hj_local</logger>
  <level>INFO</level>
  <class>com.mycompany.soft400051_hj_local.Logger_Controller</class>
  <method>log_info</method>
  <thread>23</thread>
  <message>User Found and Unset Login and Timestamp</message>
</record>
<record>
  <date>2023-01-05T18:56:53.103707870Z</date>
  <millis>1672945013103</millis>
  <nanos>707870</nanos>
  <sequence>15</sequence>
  <logger>com.mycompany.soft400051_hj_local</logger>
  <level>INFO</level>
  <class>com.mycompany.soft400051_hj_local.Logger_Controller</class>
  <method>log_info</method>
  <thread>23</thread>
  <message>User Logged Out Success joshua@gmail.com</message>
</record>
</log>
<?xml version="1.0" encoding="UTF-8" standalone="no"?>
<!DOCTYPE log SYSTEM "logger.dtd">
<log>
<record>
  <date>2023-01-05T18:57:03.056784910Z</date>
  <millis>1672945023056</millis>
  <nanos>784910</nanos>
  <sequence>0</sequence>
  <logger>com.mycompany.soft400051_hj_local</logger>
  <level>INFO</level>
  <class>com.mycompany.soft400051_hj_local.Logger_Controller</class>
  <method>log_info</method>
  <thread>23</thread>
  <message>Application Resource Loading...</message>
</record>
<record>
  <date>2023-01-05T18:57:04.778321100Z</date>
  <millis>1672945024778</millis>
  <nanos>321100</nanos>
  <sequence>1</sequence>
  <logger>com.mycompany.soft400051_hj_local</logger>
  <level>INFO</level>
  <class>com.mycompany.soft400051_hj_local.Logger_Controller</class>
  <method>log_info</method>
  <thread>23</thread>
  <message>Application Started...</message>
</record>
<record>
  <date>2023-01-05T18:57:20.182975284Z</date>
  <millis>1672945040182</millis>
  <nanos>975284</nanos>
  <sequence>2</sequence>
  <logger>com.mycompany.soft400051_hj_local</logger>
  <level>INFO</level>
  <class>com.mycompany.soft400051_hj_local.Logger_Controller</class>
  <method>log_info</method>
  <thread>23</thread>
  <message>Login Button Clicked</message>
</record>
<record>
  <date>2023-01-05T18:57:20.185699341Z</date>
  <millis>1672945040185</millis>
  <nanos>699341</nanos>
  <sequence>3</sequence>
  <logger>com.mycompany.soft400051_hj_local</logger>
  <level>INFO</level>
  <class>com.mycompany.soft400051_hj_local.Logger_Controller</class>
  <method>log_info</method>
  <thread>23</thread>
  <message>Login Function Execution to Start</message>
</record>
<record>
  <date>2023-01-05T18:57:20.188986374Z</date>
  <millis>1672945040188</millis>
  <nanos>986374</nanos>
  <sequence>4</sequence>
  <logger>com.mycompany.soft400051_hj_local</logger>
  <level>INFO</level>
  <class>com.mycompany.soft400051_hj_local.Logger_Controller</class>
  <method>log_info</method>
  <thread>23</thread>
  <message>Function login_details_check Started</message>
</record>
<record>
  <date>2023-01-05T18:57:20.191340353Z</date>
  <millis>1672945040191</millis>
  <nanos>340353</nanos>
  <sequence>5</sequence>
  <logger>com.mycompany.soft400051_hj_local</logger>
  <level>INFO</level>
  <class>com.mycompany.soft400051_hj_local.Logger_Controller</class>
  <method>log_info</method>
  <thread>23</thread>
  <message>Login Field Check 1 Success</message>
</record>
<record>
  <date>2023-01-05T18:57:20.407230042Z</date>
  <millis>1672945040407</millis>
  <nanos>230042</nanos>
  <sequence>6</sequence>
  <logger>com.mycompany.soft400051_hj_local</logger>
  <level>INFO</level>
  <class>com.mycompany.soft400051_hj_local.Logger_Controller</class>
  <method>log_info</method>
  <thread>23</thread>
  <message>Function data_login Started</message>
</record>
<record>
  <date>2023-01-05T18:57:20.479765896Z</date>
  <millis>1672945040479</millis>
  <nanos>765896</nanos>
  <sequence>7</sequence>
  <logger>com.mycompany.soft400051_hj_local</logger>
  <level>INFO</level>
  <class>com.mycompany.soft400051_hj_local.Logger_Controller</class>
  <method>log_info</method>
  <thread>23</thread>
  <message>User Details Found - Flag set Timestamp Set joshua@gmail.com</message>
</record>
<record>
  <date>2023-01-05T18:57:20.481860690Z</date>
  <millis>1672945040481</millis>
  <nanos>860690</nanos>
  <sequence>8</sequence>
  <logger>com.mycompany.soft400051_hj_local</logger>
  <level>INFO</level>
  <class>com.mycompany.soft400051_hj_local.Logger_Controller</class>
  <method>log_info</method>
  <thread>23</thread>
  <message>User Logged in Successfully joshua@gmail.com</message>
</record>
<record>
  <date>2023-01-05T18:57:21.575980068Z</date>
  <millis>1672945041575</millis>
  <nanos>980068</nanos>
  <sequence>9</sequence>
  <logger>com.mycompany.soft400051_hj_local</logger>
  <level>INFO</level>
  <class>com.mycompany.soft400051_hj_local.Logger_Controller</class>
  <method>log_info</method>
  <thread>23</thread>
  <message>Function getOwnerId Started</message>
</record>
<record>
  <date>2023-01-05T18:57:21.842171489Z</date>
  <millis>1672945041842</millis>
  <nanos>171489</nanos>
  <sequence>10</sequence>
  <logger>com.mycompany.soft400051_hj_local</logger>
  <level>INFO</level>
  <class>com.mycompany.soft400051_hj_local.Logger_Controller</class>
  <method>log_info</method>
  <thread>23</thread>
  <message>Login Screen Loaded to User </message>
</record>
<record>
  <date>2023-01-05T18:57:21.843202009Z</date>
  <millis>1672945041843</millis>
  <nanos>202009</nanos>
  <sequence>11</sequence>
  <logger>com.mycompany.soft400051_hj_local</logger>
  <level>INFO</level>
  <class>com.mycompany.soft400051_hj_local.Logger_Controller</class>
  <method>log_info</method>
  <thread>23</thread>
  <message>Login Function Execution Success</message>
</record>
<record>
  <date>2023-01-05T18:59:17.823670417Z</date>
  <millis>1672945157823</millis>
  <nanos>670417</nanos>
  <sequence>12</sequence>
  <logger>com.mycompany.soft400051_hj_local</logger>
  <level>INFO</level>
  <class>com.mycompany.soft400051_hj_local.Logger_Controller</class>
  <method>log_info</method>
  <thread>23</thread>
  <message>Function user_logout Started</message>
</record>
<record>
  <date>2023-01-05T18:59:17.826021Z</date>
  <millis>1672945157826</millis>
  <nanos>21000</nanos>
  <sequence>13</sequence>
  <logger>com.mycompany.soft400051_hj_local</logger>
  <level>INFO</level>
  <class>com.mycompany.soft400051_hj_local.Logger_Controller</class>
  <method>log_info</method>
  <thread>23</thread>
  <message>Function user_logout Started</message>
</record>
<record>
  <date>2023-01-05T18:59:17.870742467Z</date>
  <millis>1672945157870</millis>
  <nanos>742467</nanos>
  <sequence>14</sequence>
  <logger>com.mycompany.soft400051_hj_local</logger>
  <level>INFO</level>
  <class>com.mycompany.soft400051_hj_local.Logger_Controller</class>
  <method>log_info</method>
  <thread>23</thread>
  <message>User Found and Unset Login and Timestamp</message>
</record>
<record>
  <date>2023-01-05T18:59:17.873004250Z</date>
  <millis>1672945157873</millis>
  <nanos>4250</nanos>
  <sequence>15</sequence>
  <logger>com.mycompany.soft400051_hj_local</logger>
  <level>INFO</level>
  <class>com.mycompany.soft400051_hj_local.Logger_Controller</class>
  <method>log_info</method>
  <thread>23</thread>
  <message>User Logged Out Success joshua@gmail.com</message>
</record>
</log>
<?xml version="1.0" encoding="UTF-8" standalone="no"?>
<!DOCTYPE log SYSTEM "logger.dtd">
<log>
<record>
  <date>2023-01-05T18:59:27.278265538Z</date>
  <millis>1672945167278</millis>
  <nanos>265538</nanos>
  <sequence>0</sequence>
  <logger>com.mycompany.soft400051_hj_local</logger>
  <level>INFO</level>
  <class>com.mycompany.soft400051_hj_local.Logger_Controller</class>
  <method>log_info</method>
  <thread>23</thread>
  <message>Application Resource Loading...</message>
</record>
<record>
  <date>2023-01-05T18:59:28.842799927Z</date>
  <millis>1672945168842</millis>
  <nanos>799927</nanos>
  <sequence>1</sequence>
  <logger>com.mycompany.soft400051_hj_local</logger>
  <level>INFO</level>
  <class>com.mycompany.soft400051_hj_local.Logger_Controller</class>
  <method>log_info</method>
  <thread>23</thread>
  <message>Application Started...</message>
</record>
<record>
  <date>2023-01-05T18:59:42.733570468Z</date>
  <millis>1672945182733</millis>
  <nanos>570468</nanos>
  <sequence>2</sequence>
  <logger>com.mycompany.soft400051_hj_local</logger>
  <level>INFO</level>
  <class>com.mycompany.soft400051_hj_local.Logger_Controller</class>
  <method>log_info</method>
  <thread>23</thread>
  <message>Login Button Clicked</message>
</record>
<record>
  <date>2023-01-05T18:59:42.735204832Z</date>
  <millis>1672945182735</millis>
  <nanos>204832</nanos>
  <sequence>3</sequence>
  <logger>com.mycompany.soft400051_hj_local</logger>
  <level>INFO</level>
  <class>com.mycompany.soft400051_hj_local.Logger_Controller</class>
  <method>log_info</method>
  <thread>23</thread>
  <message>Login Function Execution to Start</message>
</record>
<record>
  <date>2023-01-05T18:59:42.737904683Z</date>
  <millis>1672945182737</millis>
  <nanos>904683</nanos>
  <sequence>4</sequence>
  <logger>com.mycompany.soft400051_hj_local</logger>
  <level>INFO</level>
  <class>com.mycompany.soft400051_hj_local.Logger_Controller</class>
  <method>log_info</method>
  <thread>23</thread>
  <message>Function login_details_check Started</message>
</record>
<record>
  <date>2023-01-05T18:59:42.739819964Z</date>
  <millis>1672945182739</millis>
  <nanos>819964</nanos>
  <sequence>5</sequence>
  <logger>com.mycompany.soft400051_hj_local</logger>
  <level>INFO</level>
  <class>com.mycompany.soft400051_hj_local.Logger_Controller</class>
  <method>log_info</method>
  <thread>23</thread>
  <message>Login Field Check 1 Success</message>
</record>
<record>
  <date>2023-01-05T18:59:42.945691964Z</date>
  <millis>1672945182945</millis>
  <nanos>691964</nanos>
  <sequence>6</sequence>
  <logger>com.mycompany.soft400051_hj_local</logger>
  <level>INFO</level>
  <class>com.mycompany.soft400051_hj_local.Logger_Controller</class>
  <method>log_info</method>
  <thread>23</thread>
  <message>Function data_login Started</message>
</record>
<record>
  <date>2023-01-05T18:59:43.008509351Z</date>
  <millis>1672945183008</millis>
  <nanos>509351</nanos>
  <sequence>7</sequence>
  <logger>com.mycompany.soft400051_hj_local</logger>
  <level>INFO</level>
  <class>com.mycompany.soft400051_hj_local.Logger_Controller</class>
  <method>log_info</method>
  <thread>23</thread>
  <message>User Details Found - Flag set Timestamp Set joshua@gmail.com</message>
</record>
<record>
  <date>2023-01-05T18:59:43.010341373Z</date>
  <millis>1672945183010</millis>
  <nanos>341373</nanos>
  <sequence>8</sequence>
  <logger>com.mycompany.soft400051_hj_local</logger>
  <level>INFO</level>
  <class>com.mycompany.soft400051_hj_local.Logger_Controller</class>
  <method>log_info</method>
  <thread>23</thread>
  <message>User Logged in Successfully joshua@gmail.com</message>
</record>
<record>
  <date>2023-01-05T18:59:44.100419836Z</date>
  <millis>1672945184100</millis>
  <nanos>419836</nanos>
  <sequence>9</sequence>
  <logger>com.mycompany.soft400051_hj_local</logger>
  <level>INFO</level>
  <class>com.mycompany.soft400051_hj_local.Logger_Controller</class>
  <method>log_info</method>
  <thread>23</thread>
  <message>Function getOwnerId Started</message>
</record>
<record>
  <date>2023-01-05T18:59:44.436575847Z</date>
  <millis>1672945184436</millis>
  <nanos>575847</nanos>
  <sequence>10</sequence>
  <logger>com.mycompany.soft400051_hj_local</logger>
  <level>INFO</level>
  <class>com.mycompany.soft400051_hj_local.Logger_Controller</class>
  <method>log_info</method>
  <thread>23</thread>
  <message>Login Screen Loaded to User </message>
</record>
<record>
  <date>2023-01-05T18:59:44.438372381Z</date>
  <millis>1672945184438</millis>
  <nanos>372381</nanos>
  <sequence>11</sequence>
  <logger>com.mycompany.soft400051_hj_local</logger>
  <level>INFO</level>
  <class>com.mycompany.soft400051_hj_local.Logger_Controller</class>
  <method>log_info</method>
  <thread>23</thread>
  <message>Login Function Execution Success</message>
</record>
<record>
  <date>2023-01-05T19:00:18.365845388Z</date>
  <millis>1672945218365</millis>
  <nanos>845388</nanos>
  <sequence>12</sequence>
  <logger>com.mycompany.soft400051_hj_local</logger>
  <level>INFO</level>
  <class>com.mycompany.soft400051_hj_local.Logger_Controller</class>
  <method>log_info</method>
  <thread>23</thread>
  <message>Function user_logout Started</message>
</record>
<record>
  <date>2023-01-05T19:00:18.368419038Z</date>
  <millis>1672945218368</millis>
  <nanos>419038</nanos>
  <sequence>13</sequence>
  <logger>com.mycompany.soft400051_hj_local</logger>
  <level>INFO</level>
  <class>com.mycompany.soft400051_hj_local.Logger_Controller</class>
  <method>log_info</method>
  <thread>23</thread>
  <message>Function user_logout Started</message>
</record>
<record>
  <date>2023-01-05T19:00:18.427480946Z</date>
  <millis>1672945218427</millis>
  <nanos>480946</nanos>
  <sequence>14</sequence>
  <logger>com.mycompany.soft400051_hj_local</logger>
  <level>INFO</level>
  <class>com.mycompany.soft400051_hj_local.Logger_Controller</class>
  <method>log_info</method>
  <thread>23</thread>
  <message>User Found and Unset Login and Timestamp</message>
</record>
<record>
  <date>2023-01-05T19:00:18.429892947Z</date>
  <millis>1672945218429</millis>
  <nanos>892947</nanos>
  <sequence>15</sequence>
  <logger>com.mycompany.soft400051_hj_local</logger>
  <level>INFO</level>
  <class>com.mycompany.soft400051_hj_local.Logger_Controller</class>
  <method>log_info</method>
  <thread>23</thread>
  <message>User Logged Out Success joshua@gmail.com</message>
</record>
</log>
<?xml version="1.0" encoding="UTF-8" standalone="no"?>
<!DOCTYPE log SYSTEM "logger.dtd">
<log>
<record>
  <date>2023-01-05T19:00:49.906663672Z</date>
  <millis>1672945249906</millis>
  <nanos>663672</nanos>
  <sequence>0</sequence>
  <logger>com.mycompany.soft400051_hj_local</logger>
  <level>INFO</level>
  <class>com.mycompany.soft400051_hj_local.Logger_Controller</class>
  <method>log_info</method>
  <thread>26</thread>
  <message>Application Resource Loading...</message>
</record>
<record>
  <date>2023-01-05T19:00:51.689467196Z</date>
  <millis>1672945251689</millis>
  <nanos>467196</nanos>
  <sequence>1</sequence>
  <logger>com.mycompany.soft400051_hj_local</logger>
  <level>INFO</level>
  <class>com.mycompany.soft400051_hj_local.Logger_Controller</class>
  <method>log_info</method>
  <thread>26</thread>
  <message>Application Started...</message>
</record>
<record>
  <date>2023-01-05T19:01:04.175397897Z</date>
  <millis>1672945264175</millis>
  <nanos>397897</nanos>
  <sequence>2</sequence>
  <logger>com.mycompany.soft400051_hj_local</logger>
  <level>INFO</level>
  <class>com.mycompany.soft400051_hj_local.Logger_Controller</class>
  <method>log_info</method>
  <thread>26</thread>
  <message>Login Button Clicked</message>
</record>
<record>
  <date>2023-01-05T19:01:04.177086114Z</date>
  <millis>1672945264177</millis>
  <nanos>86114</nanos>
  <sequence>3</sequence>
  <logger>com.mycompany.soft400051_hj_local</logger>
  <level>INFO</level>
  <class>com.mycompany.soft400051_hj_local.Logger_Controller</class>
  <method>log_info</method>
  <thread>26</thread>
  <message>Login Function Execution to Start</message>
</record>
<record>
  <date>2023-01-05T19:01:04.179760777Z</date>
  <millis>1672945264179</millis>
  <nanos>760777</nanos>
  <sequence>4</sequence>
  <logger>com.mycompany.soft400051_hj_local</logger>
  <level>INFO</level>
  <class>com.mycompany.soft400051_hj_local.Logger_Controller</class>
  <method>log_info</method>
  <thread>26</thread>
  <message>Function login_details_check Started</message>
</record>
<record>
  <date>2023-01-05T19:01:04.181752574Z</date>
  <millis>1672945264181</millis>
  <nanos>752574</nanos>
  <sequence>5</sequence>
  <logger>com.mycompany.soft400051_hj_local</logger>
  <level>INFO</level>
  <class>com.mycompany.soft400051_hj_local.Logger_Controller</class>
  <method>log_info</method>
  <thread>26</thread>
  <message>Login Field Check 1 Success</message>
</record>
<record>
  <date>2023-01-05T19:01:04.416770186Z</date>
  <millis>1672945264416</millis>
  <nanos>770186</nanos>
  <sequence>6</sequence>
  <logger>com.mycompany.soft400051_hj_local</logger>
  <level>INFO</level>
  <class>com.mycompany.soft400051_hj_local.Logger_Controller</class>
  <method>log_info</method>
  <thread>26</thread>
  <message>Function data_login Started</message>
</record>
<record>
  <date>2023-01-05T19:01:04.494726983Z</date>
  <millis>1672945264494</millis>
  <nanos>726983</nanos>
  <sequence>7</sequence>
  <logger>com.mycompany.soft400051_hj_local</logger>
  <level>INFO</level>
  <class>com.mycompany.soft400051_hj_local.Logger_Controller</class>
  <method>log_info</method>
  <thread>26</thread>
  <message>User Details Found - Flag set Timestamp Set joshua@gmail.com</message>
</record>
<record>
  <date>2023-01-05T19:01:04.496638076Z</date>
  <millis>1672945264496</millis>
  <nanos>638076</nanos>
  <sequence>8</sequence>
  <logger>com.mycompany.soft400051_hj_local</logger>
  <level>INFO</level>
  <class>com.mycompany.soft400051_hj_local.Logger_Controller</class>
  <method>log_info</method>
  <thread>26</thread>
  <message>User Logged in Successfully joshua@gmail.com</message>
</record>
<record>
  <date>2023-01-05T19:01:05.629004875Z</date>
  <millis>1672945265629</millis>
  <nanos>4875</nanos>
  <sequence>9</sequence>
  <logger>com.mycompany.soft400051_hj_local</logger>
  <level>INFO</level>
  <class>com.mycompany.soft400051_hj_local.Logger_Controller</class>
  <method>log_info</method>
  <thread>26</thread>
  <message>Function getOwnerId Started</message>
</record>
<record>
  <date>2023-01-05T19:01:05.966006061Z</date>
  <millis>1672945265966</millis>
  <nanos>6061</nanos>
  <sequence>10</sequence>
  <logger>com.mycompany.soft400051_hj_local</logger>
  <level>INFO</level>
  <class>com.mycompany.soft400051_hj_local.Logger_Controller</class>
  <method>log_info</method>
  <thread>26</thread>
  <message>Login Screen Loaded to User </message>
</record>
<record>
  <date>2023-01-05T19:01:05.967861187Z</date>
  <millis>1672945265967</millis>
  <nanos>861187</nanos>
  <sequence>11</sequence>
  <logger>com.mycompany.soft400051_hj_local</logger>
  <level>INFO</level>
  <class>com.mycompany.soft400051_hj_local.Logger_Controller</class>
  <method>log_info</method>
  <thread>26</thread>
  <message>Login Function Execution Success</message>
</record>
<record>
  <date>2023-01-05T19:04:19.826792430Z</date>
  <millis>1672945459826</millis>
  <nanos>792430</nanos>
  <sequence>12</sequence>
  <logger>com.mycompany.soft400051_hj_local</logger>
  <level>INFO</level>
  <class>com.mycompany.soft400051_hj_local.Logger_Controller</class>
  <method>log_info</method>
  <thread>26</thread>
  <message>Function user_logout Started</message>
</record>
<record>
  <date>2023-01-05T19:04:19.829751215Z</date>
  <millis>1672945459829</millis>
  <nanos>751215</nanos>
  <sequence>13</sequence>
  <logger>com.mycompany.soft400051_hj_local</logger>
  <level>INFO</level>
  <class>com.mycompany.soft400051_hj_local.Logger_Controller</class>
  <method>log_info</method>
  <thread>26</thread>
  <message>Function user_logout Started</message>
</record>
<record>
  <date>2023-01-05T19:04:19.883025030Z</date>
  <millis>1672945459883</millis>
  <nanos>25030</nanos>
  <sequence>14</sequence>
  <logger>com.mycompany.soft400051_hj_local</logger>
  <level>INFO</level>
  <class>com.mycompany.soft400051_hj_local.Logger_Controller</class>
  <method>log_info</method>
  <thread>26</thread>
  <message>User Found and Unset Login and Timestamp</message>
</record>
<record>
  <date>2023-01-05T19:04:19.885983165Z</date>
  <millis>1672945459885</millis>
  <nanos>983165</nanos>
  <sequence>15</sequence>
  <logger>com.mycompany.soft400051_hj_local</logger>
  <level>INFO</level>
  <class>com.mycompany.soft400051_hj_local.Logger_Controller</class>
  <method>log_info</method>
  <thread>26</thread>
  <message>User Logged Out Success joshua@gmail.com</message>
</record>
</log>
<?xml version="1.0" encoding="UTF-8" standalone="no"?>
<!DOCTYPE log SYSTEM "logger.dtd">
<log>
<record>
  <date>2023-01-05T19:04:31.158351346Z</date>
  <millis>1672945471158</millis>
  <nanos>351346</nanos>
  <sequence>0</sequence>
  <logger>com.mycompany.soft400051_hj_local</logger>
  <level>INFO</level>
  <class>com.mycompany.soft400051_hj_local.Logger_Controller</class>
  <method>log_info</method>
  <thread>26</thread>
  <message>Application Resource Loading...</message>
</record>
<record>
  <date>2023-01-05T19:04:32.995877235Z</date>
  <millis>1672945472995</millis>
  <nanos>877235</nanos>
  <sequence>1</sequence>
  <logger>com.mycompany.soft400051_hj_local</logger>
  <level>INFO</level>
  <class>com.mycompany.soft400051_hj_local.Logger_Controller</class>
  <method>log_info</method>
  <thread>26</thread>
  <message>Application Started...</message>
</record>
<record>
  <date>2023-01-05T19:04:42.594271943Z</date>
  <millis>1672945482594</millis>
  <nanos>271943</nanos>
  <sequence>2</sequence>
  <logger>com.mycompany.soft400051_hj_local</logger>
  <level>INFO</level>
  <class>com.mycompany.soft400051_hj_local.Logger_Controller</class>
  <method>log_info</method>
  <thread>26</thread>
  <message>Login Button Clicked</message>
</record>
<record>
  <date>2023-01-05T19:04:42.595959799Z</date>
  <millis>1672945482595</millis>
  <nanos>959799</nanos>
  <sequence>3</sequence>
  <logger>com.mycompany.soft400051_hj_local</logger>
  <level>INFO</level>
  <class>com.mycompany.soft400051_hj_local.Logger_Controller</class>
  <method>log_info</method>
  <thread>26</thread>
  <message>Login Function Execution to Start</message>
</record>
<record>
  <date>2023-01-05T19:04:42.598726709Z</date>
  <millis>1672945482598</millis>
  <nanos>726709</nanos>
  <sequence>4</sequence>
  <logger>com.mycompany.soft400051_hj_local</logger>
  <level>INFO</level>
  <class>com.mycompany.soft400051_hj_local.Logger_Controller</class>
  <method>log_info</method>
  <thread>26</thread>
  <message>Function login_details_check Started</message>
</record>
<record>
  <date>2023-01-05T19:04:42.600746860Z</date>
  <millis>1672945482600</millis>
  <nanos>746860</nanos>
  <sequence>5</sequence>
  <logger>com.mycompany.soft400051_hj_local</logger>
  <level>INFO</level>
  <class>com.mycompany.soft400051_hj_local.Logger_Controller</class>
  <method>log_info</method>
  <thread>26</thread>
  <message>Login Field Check 1 Success</message>
</record>
<record>
  <date>2023-01-05T19:04:42.843856060Z</date>
  <millis>1672945482843</millis>
  <nanos>856060</nanos>
  <sequence>6</sequence>
  <logger>com.mycompany.soft400051_hj_local</logger>
  <level>INFO</level>
  <class>com.mycompany.soft400051_hj_local.Logger_Controller</class>
  <method>log_info</method>
  <thread>26</thread>
  <message>Function data_login Started</message>
</record>
<record>
  <date>2023-01-05T19:04:42.909281923Z</date>
  <millis>1672945482909</millis>
  <nanos>281923</nanos>
  <sequence>7</sequence>
  <logger>com.mycompany.soft400051_hj_local</logger>
  <level>INFO</level>
  <class>com.mycompany.soft400051_hj_local.Logger_Controller</class>
  <method>log_info</method>
  <thread>26</thread>
  <message>User Details Found - Flag set Timestamp Set joshua@gmail.com</message>
</record>
<record>
  <date>2023-01-05T19:04:42.912996714Z</date>
  <millis>1672945482912</millis>
  <nanos>996714</nanos>
  <sequence>8</sequence>
  <logger>com.mycompany.soft400051_hj_local</logger>
  <level>INFO</level>
  <class>com.mycompany.soft400051_hj_local.Logger_Controller</class>
  <method>log_info</method>
  <thread>26</thread>
  <message>User Logged in Successfully joshua@gmail.com</message>
</record>
<record>
  <date>2023-01-05T19:04:44.663755144Z</date>
  <millis>1672945484663</millis>
  <nanos>755144</nanos>
  <sequence>9</sequence>
  <logger>com.mycompany.soft400051_hj_local</logger>
  <level>INFO</level>
  <class>com.mycompany.soft400051_hj_local.Logger_Controller</class>
  <method>log_info</method>
  <thread>26</thread>
  <message>Function getOwnerId Started</message>
</record>
<record>
  <date>2023-01-05T19:04:45.001556129Z</date>
  <millis>1672945485001</millis>
  <nanos>556129</nanos>
  <sequence>10</sequence>
  <logger>com.mycompany.soft400051_hj_local</logger>
  <level>INFO</level>
  <class>com.mycompany.soft400051_hj_local.Logger_Controller</class>
  <method>log_info</method>
  <thread>26</thread>
  <message>Login Screen Loaded to User </message>
</record>
<record>
  <date>2023-01-05T19:04:45.002660430Z</date>
  <millis>1672945485002</millis>
  <nanos>660430</nanos>
  <sequence>11</sequence>
  <logger>com.mycompany.soft400051_hj_local</logger>
  <level>INFO</level>
  <class>com.mycompany.soft400051_hj_local.Logger_Controller</class>
  <method>log_info</method>
  <thread>26</thread>
  <message>Login Function Execution Success</message>
</record>
<?xml version="1.0" encoding="UTF-8" standalone="no"?>
<!DOCTYPE log SYSTEM "logger.dtd">
<log>
<record>
  <date>2023-01-05T19:05:50.662046622Z</date>
  <millis>1672945550662</millis>
  <nanos>46622</nanos>
  <sequence>0</sequence>
  <logger>com.mycompany.soft400051_hj_local</logger>
  <level>INFO</level>
  <class>com.mycompany.soft400051_hj_local.Logger_Controller</class>
  <method>log_info</method>
  <thread>26</thread>
  <message>Application Resource Loading...</message>
</record>
<record>
  <date>2023-01-05T19:05:52.463465521Z</date>
  <millis>1672945552463</millis>
  <nanos>465521</nanos>
  <sequence>1</sequence>
  <logger>com.mycompany.soft400051_hj_local</logger>
  <level>INFO</level>
  <class>com.mycompany.soft400051_hj_local.Logger_Controller</class>
  <method>log_info</method>
  <thread>26</thread>
  <message>Application Started...</message>
</record>
<record>
  <date>2023-01-05T19:06:02.260733310Z</date>
  <millis>1672945562260</millis>
  <nanos>733310</nanos>
  <sequence>2</sequence>
  <logger>com.mycompany.soft400051_hj_local</logger>
  <level>INFO</level>
  <class>com.mycompany.soft400051_hj_local.Logger_Controller</class>
  <method>log_info</method>
  <thread>26</thread>
  <message>Login Button Clicked</message>
</record>
<record>
  <date>2023-01-05T19:06:02.262400687Z</date>
  <millis>1672945562262</millis>
  <nanos>400687</nanos>
  <sequence>3</sequence>
  <logger>com.mycompany.soft400051_hj_local</logger>
  <level>INFO</level>
  <class>com.mycompany.soft400051_hj_local.Logger_Controller</class>
  <method>log_info</method>
  <thread>26</thread>
  <message>Login Function Execution to Start</message>
</record>
<record>
  <date>2023-01-05T19:06:02.265160482Z</date>
  <millis>1672945562265</millis>
  <nanos>160482</nanos>
  <sequence>4</sequence>
  <logger>com.mycompany.soft400051_hj_local</logger>
  <level>INFO</level>
  <class>com.mycompany.soft400051_hj_local.Logger_Controller</class>
  <method>log_info</method>
  <thread>26</thread>
  <message>Function login_details_check Started</message>
</record>
<record>
  <date>2023-01-05T19:06:02.269874253Z</date>
  <millis>1672945562269</millis>
  <nanos>874253</nanos>
  <sequence>5</sequence>
  <logger>com.mycompany.soft400051_hj_local</logger>
  <level>INFO</level>
  <class>com.mycompany.soft400051_hj_local.Logger_Controller</class>
  <method>log_info</method>
  <thread>26</thread>
  <message>Login Field Check 1 Success</message>
</record>
<record>
  <date>2023-01-05T19:06:02.523702441Z</date>
  <millis>1672945562523</millis>
  <nanos>702441</nanos>
  <sequence>6</sequence>
  <logger>com.mycompany.soft400051_hj_local</logger>
  <level>INFO</level>
  <class>com.mycompany.soft400051_hj_local.Logger_Controller</class>
  <method>log_info</method>
  <thread>26</thread>
  <message>Function data_login Started</message>
</record>
<record>
  <date>2023-01-05T19:06:02.536696600Z</date>
  <millis>1672945562536</millis>
  <nanos>696600</nanos>
  <sequence>7</sequence>
  <logger>com.mycompany.soft400051_hj_local</logger>
  <level>INFO</level>
  <class>com.mycompany.soft400051_hj_local.Logger_Controller</class>
  <method>log_info</method>
  <thread>26</thread>
  <message>User Already Logged in DB Checked joshua@gmail.com</message>
</record>
<record>
  <date>2023-01-05T19:06:02.539349581Z</date>
  <millis>1672945562539</millis>
  <nanos>349581</nanos>
  <sequence>8</sequence>
  <logger>com.mycompany.soft400051_hj_local</logger>
  <level>INFO</level>
  <class>com.mycompany.soft400051_hj_local.Logger_Controller</class>
  <method>log_info</method>
  <thread>26</thread>
  <message>User Already Logged in joshua@gmail.com</message>
</record>
<record>
  <date>2023-01-05T19:06:02.624998351Z</date>
  <millis>1672945562624</millis>
  <nanos>998351</nanos>
  <sequence>9</sequence>
  <logger>com.mycompany.soft400051_hj_local</logger>
  <level>INFO</level>
  <class>com.mycompany.soft400051_hj_local.Logger_Controller</class>
  <method>log_info</method>
  <thread>26</thread>
  <message>Login Function Execution Success</message>
</record>
<record>
  <date>2023-01-05T19:06:05.747412056Z</date>
  <millis>1672945565747</millis>
  <nanos>412056</nanos>
  <sequence>10</sequence>
  <logger>com.mycompany.soft400051_hj_local</logger>
  <level>INFO</level>
  <class>com.mycompany.soft400051_hj_local.Logger_Controller</class>
  <method>log_info</method>
  <thread>26</thread>
  <message>Login Button Clicked</message>
</record>
<record>
  <date>2023-01-05T19:06:05.748994391Z</date>
  <millis>1672945565748</millis>
  <nanos>994391</nanos>
  <sequence>11</sequence>
  <logger>com.mycompany.soft400051_hj_local</logger>
  <level>INFO</level>
  <class>com.mycompany.soft400051_hj_local.Logger_Controller</class>
  <method>log_info</method>
  <thread>26</thread>
  <message>Login Function Execution to Start</message>
</record>
<record>
  <date>2023-01-05T19:06:05.788796082Z</date>
  <millis>1672945565788</millis>
  <nanos>796082</nanos>
  <sequence>12</sequence>
  <logger>com.mycompany.soft400051_hj_local</logger>
  <level>INFO</level>
  <class>com.mycompany.soft400051_hj_local.Logger_Controller</class>
  <method>log_info</method>
  <thread>26</thread>
  <message>Function login_details_check Started</message>
</record>
<record>
  <date>2023-01-05T19:06:05.790564272Z</date>
  <millis>1672945565790</millis>
  <nanos>564272</nanos>
  <sequence>13</sequence>
  <logger>com.mycompany.soft400051_hj_local</logger>
  <level>INFO</level>
  <class>com.mycompany.soft400051_hj_local.Logger_Controller</class>
  <method>log_info</method>
  <thread>26</thread>
  <message>Login Field Check 1 Success</message>
</record>
<record>
  <date>2023-01-05T19:06:05.794259035Z</date>
  <millis>1672945565794</millis>
  <nanos>259035</nanos>
  <sequence>14</sequence>
  <logger>com.mycompany.soft400051_hj_local</logger>
  <level>INFO</level>
  <class>com.mycompany.soft400051_hj_local.Logger_Controller</class>
  <method>log_info</method>
  <thread>26</thread>
  <message>Function data_login Started</message>
</record>
<record>
  <date>2023-01-05T19:06:05.796822294Z</date>
  <millis>1672945565796</millis>
  <nanos>822294</nanos>
  <sequence>15</sequence>
  <logger>com.mycompany.soft400051_hj_local</logger>
  <level>INFO</level>
  <class>com.mycompany.soft400051_hj_local.Logger_Controller</class>
  <method>log_info</method>
  <thread>26</thread>
  <message>User Already Logged in DB Checked joshua@gmail.com</message>
</record>
<record>
  <date>2023-01-05T19:06:05.799364845Z</date>
  <millis>1672945565799</millis>
  <nanos>364845</nanos>
  <sequence>16</sequence>
  <logger>com.mycompany.soft400051_hj_local</logger>
  <level>INFO</level>
  <class>com.mycompany.soft400051_hj_local.Logger_Controller</class>
  <method>log_info</method>
  <thread>26</thread>
  <message>User Already Logged in joshua@gmail.com</message>
</record>
<record>
  <date>2023-01-05T19:06:05.829431638Z</date>
  <millis>1672945565829</millis>
  <nanos>431638</nanos>
  <sequence>17</sequence>
  <logger>com.mycompany.soft400051_hj_local</logger>
  <level>INFO</level>
  <class>com.mycompany.soft400051_hj_local.Logger_Controller</class>
  <method>log_info</method>
  <thread>26</thread>
  <message>Login Function Execution Success</message>
</record>
<record>
  <date>2023-01-05T19:06:18.568915189Z</date>
  <millis>1672945578568</millis>
  <nanos>915189</nanos>
  <sequence>18</sequence>
  <logger>com.mycompany.soft400051_hj_local</logger>
  <level>INFO</level>
  <class>com.mycompany.soft400051_hj_local.Logger_Controller</class>
  <method>log_info</method>
  <thread>26</thread>
  <message>Login Button Clicked</message>
</record>
<record>
  <date>2023-01-05T19:06:18.570036933Z</date>
  <millis>1672945578570</millis>
  <nanos>36933</nanos>
  <sequence>19</sequence>
  <logger>com.mycompany.soft400051_hj_local</logger>
  <level>INFO</level>
  <class>com.mycompany.soft400051_hj_local.Logger_Controller</class>
  <method>log_info</method>
  <thread>26</thread>
  <message>Login Function Execution to Start</message>
</record>
<record>
  <date>2023-01-05T19:06:18.571525068Z</date>
  <millis>1672945578571</millis>
  <nanos>525068</nanos>
  <sequence>20</sequence>
  <logger>com.mycompany.soft400051_hj_local</logger>
  <level>INFO</level>
  <class>com.mycompany.soft400051_hj_local.Logger_Controller</class>
  <method>log_info</method>
  <thread>26</thread>
  <message>Function login_details_check Started</message>
</record>
<record>
  <date>2023-01-05T19:06:18.572730622Z</date>
  <millis>1672945578572</millis>
  <nanos>730622</nanos>
  <sequence>21</sequence>
  <logger>com.mycompany.soft400051_hj_local</logger>
  <level>INFO</level>
  <class>com.mycompany.soft400051_hj_local.Logger_Controller</class>
  <method>log_info</method>
  <thread>26</thread>
  <message>Login Field Check 1 Success</message>
</record>
<record>
  <date>2023-01-05T19:06:18.575107265Z</date>
  <millis>1672945578575</millis>
  <nanos>107265</nanos>
  <sequence>22</sequence>
  <logger>com.mycompany.soft400051_hj_local</logger>
  <level>INFO</level>
  <class>com.mycompany.soft400051_hj_local.Logger_Controller</class>
  <method>log_info</method>
  <thread>26</thread>
  <message>Function data_login Started</message>
</record>
<record>
  <date>2023-01-05T19:06:18.594596950Z</date>
  <millis>1672945578594</millis>
  <nanos>596950</nanos>
  <sequence>23</sequence>
  <logger>com.mycompany.soft400051_hj_local</logger>
  <level>INFO</level>
  <class>com.mycompany.soft400051_hj_local.Logger_Controller</class>
  <method>log_info</method>
  <thread>26</thread>
  <message>User Details Found - Flag set Timestamp Set joshua@gmail.com</message>
</record>
<record>
  <date>2023-01-05T19:06:18.596024739Z</date>
  <millis>1672945578596</millis>
  <nanos>24739</nanos>
  <sequence>24</sequence>
  <logger>com.mycompany.soft400051_hj_local</logger>
  <level>INFO</level>
  <class>com.mycompany.soft400051_hj_local.Logger_Controller</class>
  <method>log_info</method>
  <thread>26</thread>
  <message>User Logged in Successfully joshua@gmail.com</message>
</record>
<record>
  <date>2023-01-05T19:06:19.297936732Z</date>
  <millis>1672945579297</millis>
  <nanos>936732</nanos>
  <sequence>25</sequence>
  <logger>com.mycompany.soft400051_hj_local</logger>
  <level>INFO</level>
  <class>com.mycompany.soft400051_hj_local.Logger_Controller</class>
  <method>log_info</method>
  <thread>26</thread>
  <message>Function getOwnerId Started</message>
</record>
<record>
  <date>2023-01-05T19:06:19.611739885Z</date>
  <millis>1672945579611</millis>
  <nanos>739885</nanos>
  <sequence>26</sequence>
  <logger>com.mycompany.soft400051_hj_local</logger>
  <level>INFO</level>
  <class>com.mycompany.soft400051_hj_local.Logger_Controller</class>
  <method>log_info</method>
  <thread>26</thread>
  <message>Login Screen Loaded to User </message>
</record>
<record>
  <date>2023-01-05T19:06:19.612666316Z</date>
  <millis>1672945579612</millis>
  <nanos>666316</nanos>
  <sequence>27</sequence>
  <logger>com.mycompany.soft400051_hj_local</logger>
  <level>INFO</level>
  <class>com.mycompany.soft400051_hj_local.Logger_Controller</class>
  <method>log_info</method>
  <thread>26</thread>
  <message>Login Function Execution Success</message>
</record>
<record>
  <date>2023-01-05T19:08:43.870268132Z</date>
  <millis>1672945723870</millis>
  <nanos>268132</nanos>
  <sequence>28</sequence>
  <logger>com.mycompany.soft400051_hj_local</logger>
  <level>INFO</level>
  <class>com.mycompany.soft400051_hj_local.Logger_Controller</class>
  <method>log_info</method>
  <thread>26</thread>
  <message>Function user_logout Started</message>
</record>
<record>
  <date>2023-01-05T19:08:43.872577166Z</date>
  <millis>1672945723872</millis>
  <nanos>577166</nanos>
  <sequence>29</sequence>
  <logger>com.mycompany.soft400051_hj_local</logger>
  <level>INFO</level>
  <class>com.mycompany.soft400051_hj_local.Logger_Controller</class>
  <method>log_info</method>
  <thread>26</thread>
  <message>Function user_logout Started</message>
</record>
<record>
  <date>2023-01-05T19:08:43.928514882Z</date>
  <millis>1672945723928</millis>
  <nanos>514882</nanos>
  <sequence>30</sequence>
  <logger>com.mycompany.soft400051_hj_local</logger>
  <level>INFO</level>
  <class>com.mycompany.soft400051_hj_local.Logger_Controller</class>
  <method>log_info</method>
  <thread>26</thread>
  <message>User Found and Unset Login and Timestamp</message>
</record>
<record>
  <date>2023-01-05T19:08:43.930178893Z</date>
  <millis>1672945723930</millis>
  <nanos>178893</nanos>
  <sequence>31</sequence>
  <logger>com.mycompany.soft400051_hj_local</logger>
  <level>INFO</level>
  <class>com.mycompany.soft400051_hj_local.Logger_Controller</class>
  <method>log_info</method>
  <thread>26</thread>
  <message>User Logged Out Success joshua@gmail.com</message>
</record>
</log>
