<?xml version="1.0" encoding="UTF-8" standalone="no"?>
<!DOCTYPE log SYSTEM "logger.dtd">
<log>
<record>
  <date>2023-01-08T23:00:13.185908677Z</date>
  <millis>1673218813185</millis>
  <nanos>908677</nanos>
  <sequence>0</sequence>
  <logger>com.mycompany.soft400051_hj_local</logger>
  <level>INFO</level>
  <class>com.mycompany.soft400051_hj_local.Logger_Controller</class>
  <method>log_info</method>
  <thread>23</thread>
  <message>Application Resource Loading...</message>
</record>
<record>
  <date>2023-01-08T23:00:15.435062756Z</date>
  <millis>1673218815435</millis>
  <nanos>62756</nanos>
  <sequence>1</sequence>
  <logger>com.mycompany.soft400051_hj_local</logger>
  <level>INFO</level>
  <class>com.mycompany.soft400051_hj_local.Logger_Controller</class>
  <method>log_info</method>
  <thread>23</thread>
  <message>Application Started...</message>
</record>
<record>
  <date>2023-01-08T23:00:34.733679927Z</date>
  <millis>1673218834733</millis>
  <nanos>679927</nanos>
  <sequence>2</sequence>
  <logger>com.mycompany.soft400051_hj_local</logger>
  <level>INFO</level>
  <class>com.mycompany.soft400051_hj_local.Logger_Controller</class>
  <method>log_info</method>
  <thread>23</thread>
  <message>Login Button Clicked</message>
</record>
<record>
  <date>2023-01-08T23:00:34.735237797Z</date>
  <millis>1673218834735</millis>
  <nanos>237797</nanos>
  <sequence>3</sequence>
  <logger>com.mycompany.soft400051_hj_local</logger>
  <level>INFO</level>
  <class>com.mycompany.soft400051_hj_local.Logger_Controller</class>
  <method>log_info</method>
  <thread>23</thread>
  <message>Login Function Execution to Start</message>
</record>
<record>
  <date>2023-01-08T23:00:34.737959431Z</date>
  <millis>1673218834737</millis>
  <nanos>959431</nanos>
  <sequence>4</sequence>
  <logger>com.mycompany.soft400051_hj_local</logger>
  <level>INFO</level>
  <class>com.mycompany.soft400051_hj_local.Logger_Controller</class>
  <method>log_info</method>
  <thread>23</thread>
  <message>Function login_details_check Started</message>
</record>
<record>
  <date>2023-01-08T23:00:34.739769603Z</date>
  <millis>1673218834739</millis>
  <nanos>769603</nanos>
  <sequence>5</sequence>
  <logger>com.mycompany.soft400051_hj_local</logger>
  <level>INFO</level>
  <class>com.mycompany.soft400051_hj_local.Logger_Controller</class>
  <method>log_info</method>
  <thread>23</thread>
  <message>Login Field Check 1 Success</message>
</record>
<record>
  <date>2023-01-08T23:00:34.978388111Z</date>
  <millis>1673218834978</millis>
  <nanos>388111</nanos>
  <sequence>6</sequence>
  <logger>com.mycompany.soft400051_hj_local</logger>
  <level>INFO</level>
  <class>com.mycompany.soft400051_hj_local.Logger_Controller</class>
  <method>log_info</method>
  <thread>23</thread>
  <message>Function data_login Started</message>
</record>
<record>
  <date>2023-01-08T23:00:34.997330390Z</date>
  <millis>1673218834997</millis>
  <nanos>330390</nanos>
  <sequence>7</sequence>
  <logger>com.mycompany.soft400051_hj_local</logger>
  <level>INFO</level>
  <class>com.mycompany.soft400051_hj_local.Logger_Controller</class>
  <method>log_info</method>
  <thread>23</thread>
  <message>User Details Found - Flag set Timestamp Set joshua@gmail.com</message>
</record>
<record>
  <date>2023-01-08T23:00:34.998720729Z</date>
  <millis>1673218834998</millis>
  <nanos>720729</nanos>
  <sequence>8</sequence>
  <logger>com.mycompany.soft400051_hj_local</logger>
  <level>INFO</level>
  <class>com.mycompany.soft400051_hj_local.Logger_Controller</class>
  <method>log_info</method>
  <thread>23</thread>
  <message>User Logged in Successfully joshua@gmail.com</message>
</record>
<record>
  <date>2023-01-08T23:00:35.726827309Z</date>
  <millis>1673218835726</millis>
  <nanos>827309</nanos>
  <sequence>9</sequence>
  <logger>com.mycompany.soft400051_hj_local</logger>
  <level>INFO</level>
  <class>com.mycompany.soft400051_hj_local.Logger_Controller</class>
  <method>log_info</method>
  <thread>23</thread>
  <message>Function getOwnerId Started</message>
</record>
<record>
  <date>2023-01-08T23:00:35.730799315Z</date>
  <millis>1673218835730</millis>
  <nanos>799315</nanos>
  <sequence>10</sequence>
  <logger>com.mycompany.soft400051_hj_local</logger>
  <level>INFO</level>
  <class>com.mycompany.soft400051_hj_local.Logger_Controller</class>
  <method>log_info</method>
  <thread>23</thread>
  <message>Function getOwnerId Started</message>
</record>
<record>
  <date>2023-01-08T23:00:36.037120581Z</date>
  <millis>1673218836037</millis>
  <nanos>120581</nanos>
  <sequence>11</sequence>
  <logger>com.mycompany.soft400051_hj_local</logger>
  <level>INFO</level>
  <class>com.mycompany.soft400051_hj_local.Logger_Controller</class>
  <method>log_info</method>
  <thread>23</thread>
  <message>Login Screen Loaded to User </message>
</record>
<record>
  <date>2023-01-08T23:00:36.039628928Z</date>
  <millis>1673218836039</millis>
  <nanos>628928</nanos>
  <sequence>12</sequence>
  <logger>com.mycompany.soft400051_hj_local</logger>
  <level>INFO</level>
  <class>com.mycompany.soft400051_hj_local.Logger_Controller</class>
  <method>log_info</method>
  <thread>23</thread>
  <message>Login Function Execution Success</message>
</record>
<record>
  <date>2023-01-08T23:00:42.344689763Z</date>
  <millis>1673218842344</millis>
  <nanos>689763</nanos>
  <sequence>13</sequence>
  <logger>com.mycompany.soft400051_hj_local</logger>
  <level>INFO</level>
  <class>com.mycompany.soft400051_hj_local.Logger_Controller</class>
  <method>log_info</method>
  <thread>23</thread>
  <message>Function getOwnerId Started</message>
</record>
<record>
  <date>2023-01-08T23:00:42.347845117Z</date>
  <millis>1673218842347</millis>
  <nanos>845117</nanos>
  <sequence>14</sequence>
  <logger>com.mycompany.soft400051_hj_local</logger>
  <level>INFO</level>
  <class>com.mycompany.soft400051_hj_local.Logger_Controller</class>
  <method>log_info</method>
  <thread>23</thread>
  <message>Function getOwnerId Started</message>
</record>
<record>
  <date>2023-01-08T23:00:42.403372822Z</date>
  <millis>1673218842403</millis>
  <nanos>372822</nanos>
  <sequence>15</sequence>
  <logger>com.mycompany.soft400051_hj_local</logger>
  <level>INFO</level>
  <class>com.mycompany.soft400051_hj_local.Logger_Controller</class>
  <method>log_info</method>
  <thread>23</thread>
  <message>Function getOwnerId Started</message>
</record>
<record>
  <date>2023-01-08T23:00:42.406789106Z</date>
  <millis>1673218842406</millis>
  <nanos>789106</nanos>
  <sequence>16</sequence>
  <logger>com.mycompany.soft400051_hj_local</logger>
  <level>INFO</level>
  <class>com.mycompany.soft400051_hj_local.Logger_Controller</class>
  <method>log_info</method>
  <thread>23</thread>
  <message>Function getOwnerId Started</message>
</record>
<record>
  <date>2023-01-08T23:00:43.163753370Z</date>
  <millis>1673218843163</millis>
  <nanos>753370</nanos>
  <sequence>17</sequence>
  <logger>com.mycompany.soft400051_hj_local</logger>
  <level>INFO</level>
  <class>com.mycompany.soft400051_hj_local.Logger_Controller</class>
  <method>log_info</method>
  <thread>23</thread>
  <message>Function getOwnerId Started</message>
</record>
<record>
  <date>2023-01-08T23:00:43.166508288Z</date>
  <millis>1673218843166</millis>
  <nanos>508288</nanos>
  <sequence>18</sequence>
  <logger>com.mycompany.soft400051_hj_local</logger>
  <level>INFO</level>
  <class>com.mycompany.soft400051_hj_local.Logger_Controller</class>
  <method>log_info</method>
  <thread>23</thread>
  <message>Function getOwnerId Started</message>
</record>
<record>
  <date>2023-01-08T23:00:44.766918603Z</date>
  <millis>1673218844766</millis>
  <nanos>918603</nanos>
  <sequence>19</sequence>
  <logger>com.mycompany.soft400051_hj_local</logger>
  <level>INFO</level>
  <class>com.mycompany.soft400051_hj_local.Logger_Controller</class>
  <method>log_info</method>
  <thread>23</thread>
  <message>Function getOwnerId Started</message>
</record>
<record>
  <date>2023-01-08T23:00:44.770151886Z</date>
  <millis>1673218844770</millis>
  <nanos>151886</nanos>
  <sequence>20</sequence>
  <logger>com.mycompany.soft400051_hj_local</logger>
  <level>INFO</level>
  <class>com.mycompany.soft400051_hj_local.Logger_Controller</class>
  <method>log_info</method>
  <thread>23</thread>
  <message>Function getOwnerId Started</message>
</record>
<record>
  <date>2023-01-08T23:00:45.914163472Z</date>
  <millis>1673218845914</millis>
  <nanos>163472</nanos>
  <sequence>21</sequence>
  <logger>com.mycompany.soft400051_hj_local</logger>
  <level>INFO</level>
  <class>com.mycompany.soft400051_hj_local.Logger_Controller</class>
  <method>log_info</method>
  <thread>23</thread>
  <message>Function getOwnerId Started</message>
</record>
<record>
  <date>2023-01-08T23:00:45.917035785Z</date>
  <millis>1673218845917</millis>
  <nanos>35785</nanos>
  <sequence>22</sequence>
  <logger>com.mycompany.soft400051_hj_local</logger>
  <level>INFO</level>
  <class>com.mycompany.soft400051_hj_local.Logger_Controller</class>
  <method>log_info</method>
  <thread>23</thread>
  <message>Function getOwnerId Started</message>
</record>
<record>
  <date>2023-01-08T23:00:46.560401914Z</date>
  <millis>1673218846560</millis>
  <nanos>401914</nanos>
  <sequence>23</sequence>
  <logger>com.mycompany.soft400051_hj_local</logger>
  <level>INFO</level>
  <class>com.mycompany.soft400051_hj_local.Logger_Controller</class>
  <method>log_info</method>
  <thread>23</thread>
  <message>Function getOwnerId Started</message>
</record>
<record>
  <date>2023-01-08T23:00:46.563490922Z</date>
  <millis>1673218846563</millis>
  <nanos>490922</nanos>
  <sequence>24</sequence>
  <logger>com.mycompany.soft400051_hj_local</logger>
  <level>INFO</level>
  <class>com.mycompany.soft400051_hj_local.Logger_Controller</class>
  <method>log_info</method>
  <thread>23</thread>
  <message>Function getOwnerId Started</message>
</record>
<record>
  <date>2023-01-08T23:00:53.914236571Z</date>
  <millis>1673218853914</millis>
  <nanos>236571</nanos>
  <sequence>25</sequence>
  <logger>com.mycompany.soft400051_hj_local</logger>
  <level>INFO</level>
  <class>com.mycompany.soft400051_hj_local.Logger_Controller</class>
  <method>log_info</method>
  <thread>23</thread>
  <message>Function getOwnerId Started</message>
</record>
<record>
  <date>2023-01-08T23:00:53.917405832Z</date>
  <millis>1673218853917</millis>
  <nanos>405832</nanos>
  <sequence>26</sequence>
  <logger>com.mycompany.soft400051_hj_local</logger>
  <level>INFO</level>
  <class>com.mycompany.soft400051_hj_local.Logger_Controller</class>
  <method>log_info</method>
  <thread>23</thread>
  <message>Function getOwnerId Started</message>
</record>
<record>
  <date>2023-01-08T23:00:54.765034889Z</date>
  <millis>1673218854765</millis>
  <nanos>34889</nanos>
  <sequence>27</sequence>
  <logger>com.mycompany.soft400051_hj_local</logger>
  <level>INFO</level>
  <class>com.mycompany.soft400051_hj_local.Logger_Controller</class>
  <method>log_info</method>
  <thread>23</thread>
  <message>Function getOwnerId Started</message>
</record>
<record>
  <date>2023-01-08T23:00:54.768263644Z</date>
  <millis>1673218854768</millis>
  <nanos>263644</nanos>
  <sequence>28</sequence>
  <logger>com.mycompany.soft400051_hj_local</logger>
  <level>INFO</level>
  <class>com.mycompany.soft400051_hj_local.Logger_Controller</class>
  <method>log_info</method>
  <thread>23</thread>
  <message>Function getOwnerId Started</message>
</record>
<record>
  <date>2023-01-08T23:00:58.359682191Z</date>
  <millis>1673218858359</millis>
  <nanos>682191</nanos>
  <sequence>29</sequence>
  <logger>com.mycompany.soft400051_hj_local</logger>
  <level>INFO</level>
  <class>com.mycompany.soft400051_hj_local.Logger_Controller</class>
  <method>log_info</method>
  <thread>23</thread>
  <message>Function user_logout Started</message>
</record>
<record>
  <date>2023-01-08T23:00:58.362558302Z</date>
  <millis>1673218858362</millis>
  <nanos>558302</nanos>
  <sequence>30</sequence>
  <logger>com.mycompany.soft400051_hj_local</logger>
  <level>INFO</level>
  <class>com.mycompany.soft400051_hj_local.Logger_Controller</class>
  <method>log_info</method>
  <thread>23</thread>
  <message>Function user_logout Started</message>
</record>
<record>
  <date>2023-01-08T23:00:58.420209673Z</date>
  <millis>1673218858420</millis>
  <nanos>209673</nanos>
  <sequence>31</sequence>
  <logger>com.mycompany.soft400051_hj_local</logger>
  <level>INFO</level>
  <class>com.mycompany.soft400051_hj_local.Logger_Controller</class>
  <method>log_info</method>
  <thread>23</thread>
  <message>User Found and Unset Login and Timestamp</message>
</record>
<record>
  <date>2023-01-08T23:00:58.422849772Z</date>
  <millis>1673218858422</millis>
  <nanos>849772</nanos>
  <sequence>32</sequence>
  <logger>com.mycompany.soft400051_hj_local</logger>
  <level>INFO</level>
  <class>com.mycompany.soft400051_hj_local.Logger_Controller</class>
  <method>log_info</method>
  <thread>23</thread>
  <message>User Logged Out Success joshua@gmail.com</message>
</record>
</log>
