<?xml version="1.0" encoding="UTF-8" standalone="no"?>
<!DOCTYPE log SYSTEM "logger.dtd">
<log>
<record>
  <date>2022-12-23T12:15:03.338966016Z</date>
  <millis>1671797703338</millis>
  <nanos>966016</nanos>
  <sequence>0</sequence>
  <logger>com.mycompany.soft400051_hj_local</logger>
  <level>INFO</level>
  <class>com.mycompany.soft400051_hj_local.Logger_Controller</class>
  <method>log_info</method>
  <thread>23</thread>
  <message>Application Resource Loading...</message>
</record>
<record>
  <date>2022-12-23T12:15:03.931342955Z</date>
  <millis>1671797703931</millis>
  <nanos>342955</nanos>
  <sequence>1</sequence>
  <logger>com.mycompany.soft400051_hj_local</logger>
  <level>INFO</level>
  <class>com.mycompany.soft400051_hj_local.Logger_Controller</class>
  <method>log_info</method>
  <thread>23</thread>
  <message>Application Started...</message>
</record>
<record>
  <date>2022-12-23T12:15:09.826075792Z</date>
  <millis>1671797709826</millis>
  <nanos>75792</nanos>
  <sequence>2</sequence>
  <logger>com.mycompany.soft400051_hj_local.model.FileMethods</logger>
  <level>SEVERE</level>
  <class>com.mycompany.soft400051_hj_local.UserProfileController</class>
  <method>SendFile</method>
  <thread>23</thread>
  <exception>
    <message>com.jcraft.jsch.JSchException: UnknownHostKey: 172.18.0.4. RSA key fingerprint is 77:1c:74:69:67:65:17:3a:f2:a8:86:b6:4b:c9:f0:1f</message>
    <frame>
      <class>com.jcraft.jsch.Session</class>
      <method>checkHost</method>
      <line>805</line>
    </frame>
    <frame>
      <class>com.jcraft.jsch.Session</class>
      <method>connect</method>
      <line>345</line>
    </frame>
    <frame>
      <class>com.jcraft.jsch.Session</class>
      <method>connect</method>
      <line>183</line>
    </frame>
    <frame>
      <class>com.mycompany.soft400051_hj_local.UserProfileController</class>
      <method>SendFile</method>
      <line>109</line>
    </frame>
    <frame>
      <class>com.mycompany.soft400051_hj_local.UserProfileController</class>
      <method>ChunkFile</method>
      <line>89</line>
    </frame>
    <frame>
      <class>com.mycompany.soft400051_hj_local.UserProfileController</class>
      <method>UploadFile</method>
      <line>135</line>
    </frame>
    <frame>
      <class>jdk.internal.reflect.DirectMethodHandleAccessor</class>
      <method>invoke</method>
      <line>104</line>
    </frame>
    <frame>
      <class>java.lang.reflect.Method</class>
      <method>invoke</method>
      <line>578</line>
    </frame>
    <frame>
      <class>com.sun.javafx.reflect.Trampoline</class>
      <method>invoke</method>
      <line>77</line>
    </frame>
    <frame>
      <class>jdk.internal.reflect.DirectMethodHandleAccessor</class>
      <method>invoke</method>
      <line>104</line>
    </frame>
    <frame>
      <class>java.lang.reflect.Method</class>
      <method>invoke</method>
      <line>578</line>
    </frame>
    <frame>
      <class>com.sun.javafx.reflect.MethodUtil</class>
      <method>invoke</method>
      <line>275</line>
    </frame>
    <frame>
      <class>com.sun.javafx.fxml.MethodHelper</class>
      <method>invoke</method>
      <line>84</line>
    </frame>
    <frame>
      <class>javafx.fxml.FXMLLoader$MethodHandler</class>
      <method>invoke</method>
      <line>1854</line>
    </frame>
    <frame>
      <class>javafx.fxml.FXMLLoader$ControllerMethodEventHandler</class>
      <method>handle</method>
      <line>1724</line>
    </frame>
    <frame>
      <class>com.sun.javafx.event.CompositeEventHandler</class>
      <method>dispatchBubblingEvent</method>
      <line>86</line>
    </frame>
    <frame>
      <class>com.sun.javafx.event.EventHandlerManager</class>
      <method>dispatchBubblingEvent</method>
      <line>234</line>
    </frame>
    <frame>
      <class>com.sun.javafx.event.EventHandlerManager</class>
      <method>dispatchBubblingEvent</method>
      <line>191</line>
    </frame>
    <frame>
      <class>com.sun.javafx.event.CompositeEventDispatcher</class>
      <method>dispatchBubblingEvent</method>
      <line>59</line>
    </frame>
    <frame>
      <class>com.sun.javafx.event.BasicEventDispatcher</class>
      <method>dispatchEvent</method>
      <line>58</line>
    </frame>
    <frame>
      <class>com.sun.javafx.event.EventDispatchChainImpl</class>
      <method>dispatchEvent</method>
      <line>114</line>
    </frame>
    <frame>
      <class>com.sun.javafx.event.BasicEventDispatcher</class>
      <method>dispatchEvent</method>
      <line>56</line>
    </frame>
    <frame>
      <class>com.sun.javafx.event.EventDispatchChainImpl</class>
      <method>dispatchEvent</method>
      <line>114</line>
    </frame>
    <frame>
      <class>com.sun.javafx.event.BasicEventDispatcher</class>
      <method>dispatchEvent</method>
      <line>56</line>
    </frame>
    <frame>
      <class>com.sun.javafx.event.EventDispatchChainImpl</class>
      <method>dispatchEvent</method>
      <line>114</line>
    </frame>
    <frame>
      <class>com.sun.javafx.event.EventUtil</class>
      <method>fireEventImpl</method>
      <line>74</line>
    </frame>
    <frame>
      <class>com.sun.javafx.event.EventUtil</class>
      <method>fireEvent</method>
      <line>49</line>
    </frame>
    <frame>
      <class>javafx.event.Event</class>
      <method>fireEvent</method>
      <line>198</line>
    </frame>
    <frame>
      <class>javafx.scene.Node</class>
      <method>fireEvent</method>
      <line>8923</line>
    </frame>
    <frame>
      <class>javafx.scene.control.Button</class>
      <method>fire</method>
      <line>203</line>
    </frame>
    <frame>
      <class>com.sun.javafx.scene.control.behavior.ButtonBehavior</class>
      <method>mouseReleased</method>
      <line>207</line>
    </frame>
    <frame>
      <class>com.sun.javafx.scene.control.inputmap.InputMap</class>
      <method>handle</method>
      <line>274</line>
    </frame>
    <frame>
      <class>com.sun.javafx.event.CompositeEventHandler$NormalEventHandlerRecord</class>
      <method>handleBubblingEvent</method>
      <line>247</line>
    </frame>
    <frame>
      <class>com.sun.javafx.event.CompositeEventHandler</class>
      <method>dispatchBubblingEvent</method>
      <line>80</line>
    </frame>
    <frame>
      <class>com.sun.javafx.event.EventHandlerManager</class>
      <method>dispatchBubblingEvent</method>
      <line>234</line>
    </frame>
    <frame>
      <class>com.sun.javafx.event.EventHandlerManager</class>
      <method>dispatchBubblingEvent</method>
      <line>191</line>
    </frame>
    <frame>
      <class>com.sun.javafx.event.CompositeEventDispatcher</class>
      <method>dispatchBubblingEvent</method>
      <line>59</line>
    </frame>
    <frame>
      <class>com.sun.javafx.event.BasicEventDispatcher</class>
      <method>dispatchEvent</method>
      <line>58</line>
    </frame>
    <frame>
      <class>com.sun.javafx.event.EventDispatchChainImpl</class>
      <method>dispatchEvent</method>
      <line>114</line>
    </frame>
    <frame>
      <class>com.sun.javafx.event.BasicEventDispatcher</class>
      <method>dispatchEvent</method>
      <line>56</line>
    </frame>
    <frame>
      <class>com.sun.javafx.event.EventDispatchChainImpl</class>
      <method>dispatchEvent</method>
      <line>114</line>
    </frame>
    <frame>
      <class>com.sun.javafx.event.BasicEventDispatcher</class>
      <method>dispatchEvent</method>
      <line>56</line>
    </frame>
    <frame>
      <class>com.sun.javafx.event.EventDispatchChainImpl</class>
      <method>dispatchEvent</method>
      <line>114</line>
    </frame>
    <frame>
      <class>com.sun.javafx.event.EventUtil</class>
      <method>fireEventImpl</method>
      <line>74</line>
    </frame>
    <frame>
      <class>com.sun.javafx.event.EventUtil</class>
      <method>fireEvent</method>
      <line>54</line>
    </frame>
    <frame>
      <class>javafx.event.Event</class>
      <method>fireEvent</method>
      <line>198</line>
    </frame>
    <frame>
      <class>javafx.scene.Scene$MouseHandler</class>
      <method>process</method>
      <line>3894</line>
    </frame>
    <frame>
      <class>javafx.scene.Scene</class>
      <method>processMouseEvent</method>
      <line>1887</line>
    </frame>
    <frame>
      <class>javafx.scene.Scene$ScenePeerListener</class>
      <method>mouseEvent</method>
      <line>2620</line>
    </frame>
    <frame>
      <class>com.sun.javafx.tk.quantum.GlassViewEventHandler$MouseEventNotification</class>
      <method>run</method>
      <line>411</line>
    </frame>
    <frame>
      <class>com.sun.javafx.tk.quantum.GlassViewEventHandler$MouseEventNotification</class>
      <method>run</method>
      <line>301</line>
    </frame>
    <frame>
      <class>java.security.AccessController</class>
      <method>doPrivileged</method>
      <line>399</line>
    </frame>
    <frame>
      <class>com.sun.javafx.tk.quantum.GlassViewEventHandler</class>
      <method>lambda$handleMouseEvent$2</method>
      <line>450</line>
    </frame>
    <frame>
      <class>com.sun.javafx.tk.quantum.QuantumToolkit</class>
      <method>runWithoutRenderLock</method>
      <line>424</line>
    </frame>
    <frame>
      <class>com.sun.javafx.tk.quantum.GlassViewEventHandler</class>
      <method>handleMouseEvent</method>
      <line>449</line>
    </frame>
    <frame>
      <class>com.sun.glass.ui.View</class>
      <method>handleMouseEvent</method>
      <line>551</line>
    </frame>
    <frame>
      <class>com.sun.glass.ui.View</class>
      <method>notifyMouse</method>
      <line>937</line>
    </frame>
    <frame>
      <class>com.sun.glass.ui.gtk.GtkApplication</class>
      <method>_runLoop</method>
    </frame>
    <frame>
      <class>com.sun.glass.ui.gtk.GtkApplication</class>
      <method>lambda$runLoop$11</method>
      <line>316</line>
    </frame>
    <frame>
      <class>java.lang.Thread</class>
      <method>run</method>
      <line>1589</line>
    </frame>
  </exception>
</record>
<record>
  <date>2022-12-23T12:15:09.994279239Z</date>
  <millis>1671797709994</millis>
  <nanos>279239</nanos>
  <sequence>3</sequence>
  <logger>com.mycompany.soft400051_hj_local.model.FileMethods</logger>
  <level>SEVERE</level>
  <class>com.mycompany.soft400051_hj_local.UserProfileController</class>
  <method>SendFile</method>
  <thread>23</thread>
  <exception>
    <message>com.jcraft.jsch.JSchException: UnknownHostKey: 172.18.0.5. RSA key fingerprint is 77:1c:74:69:67:65:17:3a:f2:a8:86:b6:4b:c9:f0:1f</message>
    <frame>
      <class>com.jcraft.jsch.Session</class>
      <method>checkHost</method>
      <line>805</line>
    </frame>
    <frame>
      <class>com.jcraft.jsch.Session</class>
      <method>connect</method>
      <line>345</line>
    </frame>
    <frame>
      <class>com.jcraft.jsch.Session</class>
      <method>connect</method>
      <line>183</line>
    </frame>
    <frame>
      <class>com.mycompany.soft400051_hj_local.UserProfileController</class>
      <method>SendFile</method>
      <line>109</line>
    </frame>
    <frame>
      <class>com.mycompany.soft400051_hj_local.UserProfileController</class>
      <method>ChunkFile</method>
      <line>89</line>
    </frame>
    <frame>
      <class>com.mycompany.soft400051_hj_local.UserProfileController</class>
      <method>UploadFile</method>
      <line>135</line>
    </frame>
    <frame>
      <class>jdk.internal.reflect.DirectMethodHandleAccessor</class>
      <method>invoke</method>
      <line>104</line>
    </frame>
    <frame>
      <class>java.lang.reflect.Method</class>
      <method>invoke</method>
      <line>578</line>
    </frame>
    <frame>
      <class>com.sun.javafx.reflect.Trampoline</class>
      <method>invoke</method>
      <line>77</line>
    </frame>
    <frame>
      <class>jdk.internal.reflect.DirectMethodHandleAccessor</class>
      <method>invoke</method>
      <line>104</line>
    </frame>
    <frame>
      <class>java.lang.reflect.Method</class>
      <method>invoke</method>
      <line>578</line>
    </frame>
    <frame>
      <class>com.sun.javafx.reflect.MethodUtil</class>
      <method>invoke</method>
      <line>275</line>
    </frame>
    <frame>
      <class>com.sun.javafx.fxml.MethodHelper</class>
      <method>invoke</method>
      <line>84</line>
    </frame>
    <frame>
      <class>javafx.fxml.FXMLLoader$MethodHandler</class>
      <method>invoke</method>
      <line>1854</line>
    </frame>
    <frame>
      <class>javafx.fxml.FXMLLoader$ControllerMethodEventHandler</class>
      <method>handle</method>
      <line>1724</line>
    </frame>
    <frame>
      <class>com.sun.javafx.event.CompositeEventHandler</class>
      <method>dispatchBubblingEvent</method>
      <line>86</line>
    </frame>
    <frame>
      <class>com.sun.javafx.event.EventHandlerManager</class>
      <method>dispatchBubblingEvent</method>
      <line>234</line>
    </frame>
    <frame>
      <class>com.sun.javafx.event.EventHandlerManager</class>
      <method>dispatchBubblingEvent</method>
      <line>191</line>
    </frame>
    <frame>
      <class>com.sun.javafx.event.CompositeEventDispatcher</class>
      <method>dispatchBubblingEvent</method>
      <line>59</line>
    </frame>
    <frame>
      <class>com.sun.javafx.event.BasicEventDispatcher</class>
      <method>dispatchEvent</method>
      <line>58</line>
    </frame>
    <frame>
      <class>com.sun.javafx.event.EventDispatchChainImpl</class>
      <method>dispatchEvent</method>
      <line>114</line>
    </frame>
    <frame>
      <class>com.sun.javafx.event.BasicEventDispatcher</class>
      <method>dispatchEvent</method>
      <line>56</line>
    </frame>
    <frame>
      <class>com.sun.javafx.event.EventDispatchChainImpl</class>
      <method>dispatchEvent</method>
      <line>114</line>
    </frame>
    <frame>
      <class>com.sun.javafx.event.BasicEventDispatcher</class>
      <method>dispatchEvent</method>
      <line>56</line>
    </frame>
    <frame>
      <class>com.sun.javafx.event.EventDispatchChainImpl</class>
      <method>dispatchEvent</method>
      <line>114</line>
    </frame>
    <frame>
      <class>com.sun.javafx.event.EventUtil</class>
      <method>fireEventImpl</method>
      <line>74</line>
    </frame>
    <frame>
      <class>com.sun.javafx.event.EventUtil</class>
      <method>fireEvent</method>
      <line>49</line>
    </frame>
    <frame>
      <class>javafx.event.Event</class>
      <method>fireEvent</method>
      <line>198</line>
    </frame>
    <frame>
      <class>javafx.scene.Node</class>
      <method>fireEvent</method>
      <line>8923</line>
    </frame>
    <frame>
      <class>javafx.scene.control.Button</class>
      <method>fire</method>
      <line>203</line>
    </frame>
    <frame>
      <class>com.sun.javafx.scene.control.behavior.ButtonBehavior</class>
      <method>mouseReleased</method>
      <line>207</line>
    </frame>
    <frame>
      <class>com.sun.javafx.scene.control.inputmap.InputMap</class>
      <method>handle</method>
      <line>274</line>
    </frame>
    <frame>
      <class>com.sun.javafx.event.CompositeEventHandler$NormalEventHandlerRecord</class>
      <method>handleBubblingEvent</method>
      <line>247</line>
    </frame>
    <frame>
      <class>com.sun.javafx.event.CompositeEventHandler</class>
      <method>dispatchBubblingEvent</method>
      <line>80</line>
    </frame>
    <frame>
      <class>com.sun.javafx.event.EventHandlerManager</class>
      <method>dispatchBubblingEvent</method>
      <line>234</line>
    </frame>
    <frame>
      <class>com.sun.javafx.event.EventHandlerManager</class>
      <method>dispatchBubblingEvent</method>
      <line>191</line>
    </frame>
    <frame>
      <class>com.sun.javafx.event.CompositeEventDispatcher</class>
      <method>dispatchBubblingEvent</method>
      <line>59</line>
    </frame>
    <frame>
      <class>com.sun.javafx.event.BasicEventDispatcher</class>
      <method>dispatchEvent</method>
      <line>58</line>
    </frame>
    <frame>
      <class>com.sun.javafx.event.EventDispatchChainImpl</class>
      <method>dispatchEvent</method>
      <line>114</line>
    </frame>
    <frame>
      <class>com.sun.javafx.event.BasicEventDispatcher</class>
      <method>dispatchEvent</method>
      <line>56</line>
    </frame>
    <frame>
      <class>com.sun.javafx.event.EventDispatchChainImpl</class>
      <method>dispatchEvent</method>
      <line>114</line>
    </frame>
    <frame>
      <class>com.sun.javafx.event.BasicEventDispatcher</class>
      <method>dispatchEvent</method>
      <line>56</line>
    </frame>
    <frame>
      <class>com.sun.javafx.event.EventDispatchChainImpl</class>
      <method>dispatchEvent</method>
      <line>114</line>
    </frame>
    <frame>
      <class>com.sun.javafx.event.EventUtil</class>
      <method>fireEventImpl</method>
      <line>74</line>
    </frame>
    <frame>
      <class>com.sun.javafx.event.EventUtil</class>
      <method>fireEvent</method>
      <line>54</line>
    </frame>
    <frame>
      <class>javafx.event.Event</class>
      <method>fireEvent</method>
      <line>198</line>
    </frame>
    <frame>
      <class>javafx.scene.Scene$MouseHandler</class>
      <method>process</method>
      <line>3894</line>
    </frame>
    <frame>
      <class>javafx.scene.Scene</class>
      <method>processMouseEvent</method>
      <line>1887</line>
    </frame>
    <frame>
      <class>javafx.scene.Scene$ScenePeerListener</class>
      <method>mouseEvent</method>
      <line>2620</line>
    </frame>
    <frame>
      <class>com.sun.javafx.tk.quantum.GlassViewEventHandler$MouseEventNotification</class>
      <method>run</method>
      <line>411</line>
    </frame>
    <frame>
      <class>com.sun.javafx.tk.quantum.GlassViewEventHandler$MouseEventNotification</class>
      <method>run</method>
      <line>301</line>
    </frame>
    <frame>
      <class>java.security.AccessController</class>
      <method>doPrivileged</method>
      <line>399</line>
    </frame>
    <frame>
      <class>com.sun.javafx.tk.quantum.GlassViewEventHandler</class>
      <method>lambda$handleMouseEvent$2</method>
      <line>450</line>
    </frame>
    <frame>
      <class>com.sun.javafx.tk.quantum.QuantumToolkit</class>
      <method>runWithoutRenderLock</method>
      <line>424</line>
    </frame>
    <frame>
      <class>com.sun.javafx.tk.quantum.GlassViewEventHandler</class>
      <method>handleMouseEvent</method>
      <line>449</line>
    </frame>
    <frame>
      <class>com.sun.glass.ui.View</class>
      <method>handleMouseEvent</method>
      <line>551</line>
    </frame>
    <frame>
      <class>com.sun.glass.ui.View</class>
      <method>notifyMouse</method>
      <line>937</line>
    </frame>
    <frame>
      <class>com.sun.glass.ui.gtk.GtkApplication</class>
      <method>_runLoop</method>
    </frame>
    <frame>
      <class>com.sun.glass.ui.gtk.GtkApplication</class>
      <method>lambda$runLoop$11</method>
      <line>316</line>
    </frame>
    <frame>
      <class>java.lang.Thread</class>
      <method>run</method>
      <line>1589</line>
    </frame>
  </exception>
</record>
<record>
  <date>2022-12-23T12:15:10.159886221Z</date>
  <millis>1671797710159</millis>
  <nanos>886221</nanos>
  <sequence>4</sequence>
  <logger>com.mycompany.soft400051_hj_local.model.FileMethods</logger>
  <level>SEVERE</level>
  <class>com.mycompany.soft400051_hj_local.UserProfileController</class>
  <method>SendFile</method>
  <thread>23</thread>
  <exception>
    <message>com.jcraft.jsch.JSchException: UnknownHostKey: 172.18.0.6. RSA key fingerprint is 77:1c:74:69:67:65:17:3a:f2:a8:86:b6:4b:c9:f0:1f</message>
    <frame>
      <class>com.jcraft.jsch.Session</class>
      <method>checkHost</method>
      <line>805</line>
    </frame>
    <frame>
      <class>com.jcraft.jsch.Session</class>
      <method>connect</method>
      <line>345</line>
    </frame>
    <frame>
      <class>com.jcraft.jsch.Session</class>
      <method>connect</method>
      <line>183</line>
    </frame>
    <frame>
      <class>com.mycompany.soft400051_hj_local.UserProfileController</class>
      <method>SendFile</method>
      <line>109</line>
    </frame>
    <frame>
      <class>com.mycompany.soft400051_hj_local.UserProfileController</class>
      <method>ChunkFile</method>
      <line>89</line>
    </frame>
    <frame>
      <class>com.mycompany.soft400051_hj_local.UserProfileController</class>
      <method>UploadFile</method>
      <line>135</line>
    </frame>
    <frame>
      <class>jdk.internal.reflect.DirectMethodHandleAccessor</class>
      <method>invoke</method>
      <line>104</line>
    </frame>
    <frame>
      <class>java.lang.reflect.Method</class>
      <method>invoke</method>
      <line>578</line>
    </frame>
    <frame>
      <class>com.sun.javafx.reflect.Trampoline</class>
      <method>invoke</method>
      <line>77</line>
    </frame>
    <frame>
      <class>jdk.internal.reflect.DirectMethodHandleAccessor</class>
      <method>invoke</method>
      <line>104</line>
    </frame>
    <frame>
      <class>java.lang.reflect.Method</class>
      <method>invoke</method>
      <line>578</line>
    </frame>
    <frame>
      <class>com.sun.javafx.reflect.MethodUtil</class>
      <method>invoke</method>
      <line>275</line>
    </frame>
    <frame>
      <class>com.sun.javafx.fxml.MethodHelper</class>
      <method>invoke</method>
      <line>84</line>
    </frame>
    <frame>
      <class>javafx.fxml.FXMLLoader$MethodHandler</class>
      <method>invoke</method>
      <line>1854</line>
    </frame>
    <frame>
      <class>javafx.fxml.FXMLLoader$ControllerMethodEventHandler</class>
      <method>handle</method>
      <line>1724</line>
    </frame>
    <frame>
      <class>com.sun.javafx.event.CompositeEventHandler</class>
      <method>dispatchBubblingEvent</method>
      <line>86</line>
    </frame>
    <frame>
      <class>com.sun.javafx.event.EventHandlerManager</class>
      <method>dispatchBubblingEvent</method>
      <line>234</line>
    </frame>
    <frame>
      <class>com.sun.javafx.event.EventHandlerManager</class>
      <method>dispatchBubblingEvent</method>
      <line>191</line>
    </frame>
    <frame>
      <class>com.sun.javafx.event.CompositeEventDispatcher</class>
      <method>dispatchBubblingEvent</method>
      <line>59</line>
    </frame>
    <frame>
      <class>com.sun.javafx.event.BasicEventDispatcher</class>
      <method>dispatchEvent</method>
      <line>58</line>
    </frame>
    <frame>
      <class>com.sun.javafx.event.EventDispatchChainImpl</class>
      <method>dispatchEvent</method>
      <line>114</line>
    </frame>
    <frame>
      <class>com.sun.javafx.event.BasicEventDispatcher</class>
      <method>dispatchEvent</method>
      <line>56</line>
    </frame>
    <frame>
      <class>com.sun.javafx.event.EventDispatchChainImpl</class>
      <method>dispatchEvent</method>
      <line>114</line>
    </frame>
    <frame>
      <class>com.sun.javafx.event.BasicEventDispatcher</class>
      <method>dispatchEvent</method>
      <line>56</line>
    </frame>
    <frame>
      <class>com.sun.javafx.event.EventDispatchChainImpl</class>
      <method>dispatchEvent</method>
      <line>114</line>
    </frame>
    <frame>
      <class>com.sun.javafx.event.EventUtil</class>
      <method>fireEventImpl</method>
      <line>74</line>
    </frame>
    <frame>
      <class>com.sun.javafx.event.EventUtil</class>
      <method>fireEvent</method>
      <line>49</line>
    </frame>
    <frame>
      <class>javafx.event.Event</class>
      <method>fireEvent</method>
      <line>198</line>
    </frame>
    <frame>
      <class>javafx.scene.Node</class>
      <method>fireEvent</method>
      <line>8923</line>
    </frame>
    <frame>
      <class>javafx.scene.control.Button</class>
      <method>fire</method>
      <line>203</line>
    </frame>
    <frame>
      <class>com.sun.javafx.scene.control.behavior.ButtonBehavior</class>
      <method>mouseReleased</method>
      <line>207</line>
    </frame>
    <frame>
      <class>com.sun.javafx.scene.control.inputmap.InputMap</class>
      <method>handle</method>
      <line>274</line>
    </frame>
    <frame>
      <class>com.sun.javafx.event.CompositeEventHandler$NormalEventHandlerRecord</class>
      <method>handleBubblingEvent</method>
      <line>247</line>
    </frame>
    <frame>
      <class>com.sun.javafx.event.CompositeEventHandler</class>
      <method>dispatchBubblingEvent</method>
      <line>80</line>
    </frame>
    <frame>
      <class>com.sun.javafx.event.EventHandlerManager</class>
      <method>dispatchBubblingEvent</method>
      <line>234</line>
    </frame>
    <frame>
      <class>com.sun.javafx.event.EventHandlerManager</class>
      <method>dispatchBubblingEvent</method>
      <line>191</line>
    </frame>
    <frame>
      <class>com.sun.javafx.event.CompositeEventDispatcher</class>
      <method>dispatchBubblingEvent</method>
      <line>59</line>
    </frame>
    <frame>
      <class>com.sun.javafx.event.BasicEventDispatcher</class>
      <method>dispatchEvent</method>
      <line>58</line>
    </frame>
    <frame>
      <class>com.sun.javafx.event.EventDispatchChainImpl</class>
      <method>dispatchEvent</method>
      <line>114</line>
    </frame>
    <frame>
      <class>com.sun.javafx.event.BasicEventDispatcher</class>
      <method>dispatchEvent</method>
      <line>56</line>
    </frame>
    <frame>
      <class>com.sun.javafx.event.EventDispatchChainImpl</class>
      <method>dispatchEvent</method>
      <line>114</line>
    </frame>
    <frame>
      <class>com.sun.javafx.event.BasicEventDispatcher</class>
      <method>dispatchEvent</method>
      <line>56</line>
    </frame>
    <frame>
      <class>com.sun.javafx.event.EventDispatchChainImpl</class>
      <method>dispatchEvent</method>
      <line>114</line>
    </frame>
    <frame>
      <class>com.sun.javafx.event.EventUtil</class>
      <method>fireEventImpl</method>
      <line>74</line>
    </frame>
    <frame>
      <class>com.sun.javafx.event.EventUtil</class>
      <method>fireEvent</method>
      <line>54</line>
    </frame>
    <frame>
      <class>javafx.event.Event</class>
      <method>fireEvent</method>
      <line>198</line>
    </frame>
    <frame>
      <class>javafx.scene.Scene$MouseHandler</class>
      <method>process</method>
      <line>3894</line>
    </frame>
    <frame>
      <class>javafx.scene.Scene</class>
      <method>processMouseEvent</method>
      <line>1887</line>
    </frame>
    <frame>
      <class>javafx.scene.Scene$ScenePeerListener</class>
      <method>mouseEvent</method>
      <line>2620</line>
    </frame>
    <frame>
      <class>com.sun.javafx.tk.quantum.GlassViewEventHandler$MouseEventNotification</class>
      <method>run</method>
      <line>411</line>
    </frame>
    <frame>
      <class>com.sun.javafx.tk.quantum.GlassViewEventHandler$MouseEventNotification</class>
      <method>run</method>
      <line>301</line>
    </frame>
    <frame>
      <class>java.security.AccessController</class>
      <method>doPrivileged</method>
      <line>399</line>
    </frame>
    <frame>
      <class>com.sun.javafx.tk.quantum.GlassViewEventHandler</class>
      <method>lambda$handleMouseEvent$2</method>
      <line>450</line>
    </frame>
    <frame>
      <class>com.sun.javafx.tk.quantum.QuantumToolkit</class>
      <method>runWithoutRenderLock</method>
      <line>424</line>
    </frame>
    <frame>
      <class>com.sun.javafx.tk.quantum.GlassViewEventHandler</class>
      <method>handleMouseEvent</method>
      <line>449</line>
    </frame>
    <frame>
      <class>com.sun.glass.ui.View</class>
      <method>handleMouseEvent</method>
      <line>551</line>
    </frame>
    <frame>
      <class>com.sun.glass.ui.View</class>
      <method>notifyMouse</method>
      <line>937</line>
    </frame>
    <frame>
      <class>com.sun.glass.ui.gtk.GtkApplication</class>
      <method>_runLoop</method>
    </frame>
    <frame>
      <class>com.sun.glass.ui.gtk.GtkApplication</class>
      <method>lambda$runLoop$11</method>
      <line>316</line>
    </frame>
    <frame>
      <class>java.lang.Thread</class>
      <method>run</method>
      <line>1589</line>
    </frame>
  </exception>
</record>
<record>
  <date>2022-12-23T12:15:10.344096558Z</date>
  <millis>1671797710344</millis>
  <nanos>96558</nanos>
  <sequence>5</sequence>
  <logger>com.mycompany.soft400051_hj_local.model.FileMethods</logger>
  <level>SEVERE</level>
  <class>com.mycompany.soft400051_hj_local.UserProfileController</class>
  <method>SendFile</method>
  <thread>23</thread>
  <exception>
    <message>com.jcraft.jsch.JSchException: Auth fail</message>
    <frame>
      <class>com.jcraft.jsch.Session</class>
      <method>connect</method>
      <line>519</line>
    </frame>
    <frame>
      <class>com.jcraft.jsch.Session</class>
      <method>connect</method>
      <line>183</line>
    </frame>
    <frame>
      <class>com.mycompany.soft400051_hj_local.UserProfileController</class>
      <method>SendFile</method>
      <line>109</line>
    </frame>
    <frame>
      <class>com.mycompany.soft400051_hj_local.UserProfileController</class>
      <method>ChunkFile</method>
      <line>89</line>
    </frame>
    <frame>
      <class>com.mycompany.soft400051_hj_local.UserProfileController</class>
      <method>UploadFile</method>
      <line>135</line>
    </frame>
    <frame>
      <class>jdk.internal.reflect.DirectMethodHandleAccessor</class>
      <method>invoke</method>
      <line>104</line>
    </frame>
    <frame>
      <class>java.lang.reflect.Method</class>
      <method>invoke</method>
      <line>578</line>
    </frame>
    <frame>
      <class>com.sun.javafx.reflect.Trampoline</class>
      <method>invoke</method>
      <line>77</line>
    </frame>
    <frame>
      <class>jdk.internal.reflect.DirectMethodHandleAccessor</class>
      <method>invoke</method>
      <line>104</line>
    </frame>
    <frame>
      <class>java.lang.reflect.Method</class>
      <method>invoke</method>
      <line>578</line>
    </frame>
    <frame>
      <class>com.sun.javafx.reflect.MethodUtil</class>
      <method>invoke</method>
      <line>275</line>
    </frame>
    <frame>
      <class>com.sun.javafx.fxml.MethodHelper</class>
      <method>invoke</method>
      <line>84</line>
    </frame>
    <frame>
      <class>javafx.fxml.FXMLLoader$MethodHandler</class>
      <method>invoke</method>
      <line>1854</line>
    </frame>
    <frame>
      <class>javafx.fxml.FXMLLoader$ControllerMethodEventHandler</class>
      <method>handle</method>
      <line>1724</line>
    </frame>
    <frame>
      <class>com.sun.javafx.event.CompositeEventHandler</class>
      <method>dispatchBubblingEvent</method>
      <line>86</line>
    </frame>
    <frame>
      <class>com.sun.javafx.event.EventHandlerManager</class>
      <method>dispatchBubblingEvent</method>
      <line>234</line>
    </frame>
    <frame>
      <class>com.sun.javafx.event.EventHandlerManager</class>
      <method>dispatchBubblingEvent</method>
      <line>191</line>
    </frame>
    <frame>
      <class>com.sun.javafx.event.CompositeEventDispatcher</class>
      <method>dispatchBubblingEvent</method>
      <line>59</line>
    </frame>
    <frame>
      <class>com.sun.javafx.event.BasicEventDispatcher</class>
      <method>dispatchEvent</method>
      <line>58</line>
    </frame>
    <frame>
      <class>com.sun.javafx.event.EventDispatchChainImpl</class>
      <method>dispatchEvent</method>
      <line>114</line>
    </frame>
    <frame>
      <class>com.sun.javafx.event.BasicEventDispatcher</class>
      <method>dispatchEvent</method>
      <line>56</line>
    </frame>
    <frame>
      <class>com.sun.javafx.event.EventDispatchChainImpl</class>
      <method>dispatchEvent</method>
      <line>114</line>
    </frame>
    <frame>
      <class>com.sun.javafx.event.BasicEventDispatcher</class>
      <method>dispatchEvent</method>
      <line>56</line>
    </frame>
    <frame>
      <class>com.sun.javafx.event.EventDispatchChainImpl</class>
      <method>dispatchEvent</method>
      <line>114</line>
    </frame>
    <frame>
      <class>com.sun.javafx.event.EventUtil</class>
      <method>fireEventImpl</method>
      <line>74</line>
    </frame>
    <frame>
      <class>com.sun.javafx.event.EventUtil</class>
      <method>fireEvent</method>
      <line>49</line>
    </frame>
    <frame>
      <class>javafx.event.Event</class>
      <method>fireEvent</method>
      <line>198</line>
    </frame>
    <frame>
      <class>javafx.scene.Node</class>
      <method>fireEvent</method>
      <line>8923</line>
    </frame>
    <frame>
      <class>javafx.scene.control.Button</class>
      <method>fire</method>
      <line>203</line>
    </frame>
    <frame>
      <class>com.sun.javafx.scene.control.behavior.ButtonBehavior</class>
      <method>mouseReleased</method>
      <line>207</line>
    </frame>
    <frame>
      <class>com.sun.javafx.scene.control.inputmap.InputMap</class>
      <method>handle</method>
      <line>274</line>
    </frame>
    <frame>
      <class>com.sun.javafx.event.CompositeEventHandler$NormalEventHandlerRecord</class>
      <method>handleBubblingEvent</method>
      <line>247</line>
    </frame>
    <frame>
      <class>com.sun.javafx.event.CompositeEventHandler</class>
      <method>dispatchBubblingEvent</method>
      <line>80</line>
    </frame>
    <frame>
      <class>com.sun.javafx.event.EventHandlerManager</class>
      <method>dispatchBubblingEvent</method>
      <line>234</line>
    </frame>
    <frame>
      <class>com.sun.javafx.event.EventHandlerManager</class>
      <method>dispatchBubblingEvent</method>
      <line>191</line>
    </frame>
    <frame>
      <class>com.sun.javafx.event.CompositeEventDispatcher</class>
      <method>dispatchBubblingEvent</method>
      <line>59</line>
    </frame>
    <frame>
      <class>com.sun.javafx.event.BasicEventDispatcher</class>
      <method>dispatchEvent</method>
      <line>58</line>
    </frame>
    <frame>
      <class>com.sun.javafx.event.EventDispatchChainImpl</class>
      <method>dispatchEvent</method>
      <line>114</line>
    </frame>
    <frame>
      <class>com.sun.javafx.event.BasicEventDispatcher</class>
      <method>dispatchEvent</method>
      <line>56</line>
    </frame>
    <frame>
      <class>com.sun.javafx.event.EventDispatchChainImpl</class>
      <method>dispatchEvent</method>
      <line>114</line>
    </frame>
    <frame>
      <class>com.sun.javafx.event.BasicEventDispatcher</class>
      <method>dispatchEvent</method>
      <line>56</line>
    </frame>
    <frame>
      <class>com.sun.javafx.event.EventDispatchChainImpl</class>
      <method>dispatchEvent</method>
      <line>114</line>
    </frame>
    <frame>
      <class>com.sun.javafx.event.EventUtil</class>
      <method>fireEventImpl</method>
      <line>74</line>
    </frame>
    <frame>
      <class>com.sun.javafx.event.EventUtil</class>
      <method>fireEvent</method>
      <line>54</line>
    </frame>
    <frame>
      <class>javafx.event.Event</class>
      <method>fireEvent</method>
      <line>198</line>
    </frame>
    <frame>
      <class>javafx.scene.Scene$MouseHandler</class>
      <method>process</method>
      <line>3894</line>
    </frame>
    <frame>
      <class>javafx.scene.Scene</class>
      <method>processMouseEvent</method>
      <line>1887</line>
    </frame>
    <frame>
      <class>javafx.scene.Scene$ScenePeerListener</class>
      <method>mouseEvent</method>
      <line>2620</line>
    </frame>
    <frame>
      <class>com.sun.javafx.tk.quantum.GlassViewEventHandler$MouseEventNotification</class>
      <method>run</method>
      <line>411</line>
    </frame>
    <frame>
      <class>com.sun.javafx.tk.quantum.GlassViewEventHandler$MouseEventNotification</class>
      <method>run</method>
      <line>301</line>
    </frame>
    <frame>
      <class>java.security.AccessController</class>
      <method>doPrivileged</method>
      <line>399</line>
    </frame>
    <frame>
      <class>com.sun.javafx.tk.quantum.GlassViewEventHandler</class>
      <method>lambda$handleMouseEvent$2</method>
      <line>450</line>
    </frame>
    <frame>
      <class>com.sun.javafx.tk.quantum.QuantumToolkit</class>
      <method>runWithoutRenderLock</method>
      <line>424</line>
    </frame>
    <frame>
      <class>com.sun.javafx.tk.quantum.GlassViewEventHandler</class>
      <method>handleMouseEvent</method>
      <line>449</line>
    </frame>
    <frame>
      <class>com.sun.glass.ui.View</class>
      <method>handleMouseEvent</method>
      <line>551</line>
    </frame>
    <frame>
      <class>com.sun.glass.ui.View</class>
      <method>notifyMouse</method>
      <line>937</line>
    </frame>
    <frame>
      <class>com.sun.glass.ui.gtk.GtkApplication</class>
      <method>_runLoop</method>
    </frame>
    <frame>
      <class>com.sun.glass.ui.gtk.GtkApplication</class>
      <method>lambda$runLoop$11</method>
      <line>316</line>
    </frame>
    <frame>
      <class>java.lang.Thread</class>
      <method>run</method>
      <line>1589</line>
    </frame>
  </exception>
</record>
</log>
<?xml version="1.0" encoding="UTF-8" standalone="no"?>
<!DOCTYPE log SYSTEM "logger.dtd">
<log>
<record>
  <date>2022-12-23T12:39:38.671478746Z</date>
  <millis>1671799178671</millis>
  <nanos>478746</nanos>
  <sequence>0</sequence>
  <logger>com.mycompany.soft400051_hj_local</logger>
  <level>INFO</level>
  <class>com.mycompany.soft400051_hj_local.Logger_Controller</class>
  <method>log_info</method>
  <thread>23</thread>
  <message>Application Resource Loading...</message>
</record>
<record>
  <date>2022-12-23T12:39:39.355144486Z</date>
  <millis>1671799179355</millis>
  <nanos>144486</nanos>
  <sequence>1</sequence>
  <logger>com.mycompany.soft400051_hj_local</logger>
  <level>INFO</level>
  <class>com.mycompany.soft400051_hj_local.Logger_Controller</class>
  <method>log_info</method>
  <thread>23</thread>
  <message>Application Started...</message>
</record>
</log>
<?xml version="1.0" encoding="UTF-8" standalone="no"?>
<!DOCTYPE log SYSTEM "logger.dtd">
<log>
<record>
  <date>2022-12-23T12:47:04.133679562Z</date>
  <millis>1671799624133</millis>
  <nanos>679562</nanos>
  <sequence>0</sequence>
  <logger>com.mycompany.soft400051_hj_local</logger>
  <level>INFO</level>
  <class>com.mycompany.soft400051_hj_local.Logger_Controller</class>
  <method>log_info</method>
  <thread>23</thread>
  <message>Application Resource Loading...</message>
</record>
<record>
  <date>2022-12-23T12:47:04.637909828Z</date>
  <millis>1671799624637</millis>
  <nanos>909828</nanos>
  <sequence>1</sequence>
  <logger>com.mycompany.soft400051_hj_local</logger>
  <level>INFO</level>
  <class>com.mycompany.soft400051_hj_local.Logger_Controller</class>
  <method>log_info</method>
  <thread>23</thread>
  <message>Application Started...</message>
</record>
