<?xml version="1.0" encoding="UTF-8" standalone="no"?>
<!DOCTYPE log SYSTEM "logger.dtd">
<log>
<record>
  <date>2023-01-04T15:24:49.826458145Z</date>
  <millis>1672845889826</millis>
  <nanos>458145</nanos>
  <sequence>0</sequence>
  <logger>com.mycompany.soft400051_hj_local</logger>
  <level>INFO</level>
  <class>com.mycompany.soft400051_hj_local.Logger_Controller</class>
  <method>log_info</method>
  <thread>23</thread>
  <message>Application Resource Loading...</message>
</record>
<record>
  <date>2023-01-04T15:24:51.117885897Z</date>
  <millis>1672845891117</millis>
  <nanos>885897</nanos>
  <sequence>1</sequence>
  <logger>com.mycompany.soft400051_hj_local</logger>
  <level>INFO</level>
  <class>com.mycompany.soft400051_hj_local.Logger_Controller</class>
  <method>log_info</method>
  <thread>23</thread>
  <message>Application Started...</message>
</record>
<record>
  <date>2023-01-04T15:25:04.980732205Z</date>
  <millis>1672845904980</millis>
  <nanos>732205</nanos>
  <sequence>2</sequence>
  <logger>com.mycompany.soft400051_hj_local</logger>
  <level>INFO</level>
  <class>com.mycompany.soft400051_hj_local.Logger_Controller</class>
  <method>log_info</method>
  <thread>23</thread>
  <message>Login Button Clicked</message>
</record>
<record>
  <date>2023-01-04T15:25:04.981619820Z</date>
  <millis>1672845904981</millis>
  <nanos>619820</nanos>
  <sequence>3</sequence>
  <logger>com.mycompany.soft400051_hj_local</logger>
  <level>INFO</level>
  <class>com.mycompany.soft400051_hj_local.Logger_Controller</class>
  <method>log_info</method>
  <thread>23</thread>
  <message>Login Function Execution to Start</message>
</record>
<record>
  <date>2023-01-04T15:25:04.983679083Z</date>
  <millis>1672845904983</millis>
  <nanos>679083</nanos>
  <sequence>4</sequence>
  <logger>com.mycompany.soft400051_hj_local</logger>
  <level>INFO</level>
  <class>com.mycompany.soft400051_hj_local.Logger_Controller</class>
  <method>log_info</method>
  <thread>23</thread>
  <message>Function login_details_check Started</message>
</record>
<record>
  <date>2023-01-04T15:25:04.984781979Z</date>
  <millis>1672845904984</millis>
  <nanos>781979</nanos>
  <sequence>5</sequence>
  <logger>com.mycompany.soft400051_hj_local</logger>
  <level>INFO</level>
  <class>com.mycompany.soft400051_hj_local.Logger_Controller</class>
  <method>log_info</method>
  <thread>23</thread>
  <message>Login Field Check 1 Success</message>
</record>
<record>
  <date>2023-01-04T15:25:05.125165589Z</date>
  <millis>1672845905125</millis>
  <nanos>165589</nanos>
  <sequence>6</sequence>
  <logger>com.mycompany.soft400051_hj_local</logger>
  <level>INFO</level>
  <class>com.mycompany.soft400051_hj_local.Logger_Controller</class>
  <method>log_info</method>
  <thread>23</thread>
  <message>Function data_login Started</message>
</record>
<record>
  <date>2023-01-04T15:25:05.139041539Z</date>
  <millis>1672845905139</millis>
  <nanos>41539</nanos>
  <sequence>7</sequence>
  <logger>com.mycompany.soft400051_hj_local</logger>
  <level>INFO</level>
  <class>com.mycompany.soft400051_hj_local.Logger_Controller</class>
  <method>log_info</method>
  <thread>23</thread>
  <message>User Details Found - Flag set Timestamp Set joshua@gmail.com</message>
</record>
<record>
  <date>2023-01-04T15:25:05.140106974Z</date>
  <millis>1672845905140</millis>
  <nanos>106974</nanos>
  <sequence>8</sequence>
  <logger>com.mycompany.soft400051_hj_local</logger>
  <level>INFO</level>
  <class>com.mycompany.soft400051_hj_local.Logger_Controller</class>
  <method>log_info</method>
  <thread>23</thread>
  <message>User Logged in Successfully joshua@gmail.com</message>
</record>
<record>
  <date>2023-01-04T15:25:05.810542825Z</date>
  <millis>1672845905810</millis>
  <nanos>542825</nanos>
  <sequence>9</sequence>
  <logger>com.mycompany.soft400051_hj_local</logger>
  <level>INFO</level>
  <class>com.mycompany.soft400051_hj_local.Logger_Controller</class>
  <method>log_info</method>
  <thread>23</thread>
  <message>Function getOwnerId Started</message>
</record>
<record>
  <date>2023-01-04T15:25:06.034408300Z</date>
  <millis>1672845906034</millis>
  <nanos>408300</nanos>
  <sequence>10</sequence>
  <logger>com.mycompany.soft400051_hj_local</logger>
  <level>INFO</level>
  <class>com.mycompany.soft400051_hj_local.Logger_Controller</class>
  <method>log_info</method>
  <thread>23</thread>
  <message>Login Screen Loaded to User </message>
</record>
<record>
  <date>2023-01-04T15:25:06.035624453Z</date>
  <millis>1672845906035</millis>
  <nanos>624453</nanos>
  <sequence>11</sequence>
  <logger>com.mycompany.soft400051_hj_local</logger>
  <level>INFO</level>
  <class>com.mycompany.soft400051_hj_local.Logger_Controller</class>
  <method>log_info</method>
  <thread>23</thread>
  <message>Login Function Execution Success</message>
</record>
<record>
  <date>2023-01-04T15:25:10.016858457Z</date>
  <millis>1672845910016</millis>
  <nanos>858457</nanos>
  <sequence>12</sequence>
  <logger>com.mycompany.soft400051_hj_local</logger>
  <level>INFO</level>
  <class>com.mycompany.soft400051_hj_local.Logger_Controller</class>
  <method>log_info</method>
  <thread>23</thread>
  <message>Function getOwnerId Started</message>
</record>
<record>
  <date>2023-01-04T15:25:11.991452914Z</date>
  <millis>1672845911991</millis>
  <nanos>452914</nanos>
  <sequence>13</sequence>
  <logger>com.mycompany.soft400051_hj_local</logger>
  <level>INFO</level>
  <class>com.mycompany.soft400051_hj_local.Logger_Controller</class>
  <method>log_info</method>
  <thread>23</thread>
  <message>Function getOwnerId Started</message>
</record>
<record>
  <date>2023-01-04T15:25:12.511621419Z</date>
  <millis>1672845912511</millis>
  <nanos>621419</nanos>
  <sequence>14</sequence>
  <logger>com.mycompany.soft400051_hj_local</logger>
  <level>INFO</level>
  <class>com.mycompany.soft400051_hj_local.Logger_Controller</class>
  <method>log_info</method>
  <thread>23</thread>
  <message>Function getOwnerId Started</message>
</record>
<record>
  <date>2023-01-04T15:25:13.140779105Z</date>
  <millis>1672845913140</millis>
  <nanos>779105</nanos>
  <sequence>15</sequence>
  <logger>com.mycompany.soft400051_hj_local</logger>
  <level>INFO</level>
  <class>com.mycompany.soft400051_hj_local.Logger_Controller</class>
  <method>log_info</method>
  <thread>23</thread>
  <message>Function getOwnerId Started</message>
</record>
<record>
  <date>2023-01-04T15:25:13.647741980Z</date>
  <millis>1672845913647</millis>
  <nanos>741980</nanos>
  <sequence>16</sequence>
  <logger>com.mycompany.soft400051_hj_local</logger>
  <level>INFO</level>
  <class>com.mycompany.soft400051_hj_local.Logger_Controller</class>
  <method>log_info</method>
  <thread>23</thread>
  <message>Function getOwnerId Started</message>
</record>
<record>
  <date>2023-01-04T15:25:15.631706171Z</date>
  <millis>1672845915631</millis>
  <nanos>706171</nanos>
  <sequence>17</sequence>
  <logger>com.mycompany.soft400051_hj_local</logger>
  <level>INFO</level>
  <class>com.mycompany.soft400051_hj_local.Logger_Controller</class>
  <method>log_info</method>
  <thread>23</thread>
  <message>Function getOwnerId Started</message>
</record>
<record>
  <date>2023-01-04T15:46:30.148581380Z</date>
  <millis>1672847190148</millis>
  <nanos>581380</nanos>
  <sequence>18</sequence>
  <logger>com.mycompany.soft400051_hj_local</logger>
  <level>INFO</level>
  <class>com.mycompany.soft400051_hj_local.Logger_Controller</class>
  <method>log_info</method>
  <thread>23</thread>
  <message>Function user_logout Started</message>
</record>
<record>
  <date>2023-01-04T15:46:30.150941186Z</date>
  <millis>1672847190150</millis>
  <nanos>941186</nanos>
  <sequence>19</sequence>
  <logger>com.mycompany.soft400051_hj_local</logger>
  <level>INFO</level>
  <class>com.mycompany.soft400051_hj_local.Logger_Controller</class>
  <method>log_info</method>
  <thread>23</thread>
  <message>Function user_logout Started</message>
</record>
<record>
  <date>2023-01-04T15:46:30.163246738Z</date>
  <millis>1672847190163</millis>
  <nanos>246738</nanos>
  <sequence>20</sequence>
  <logger>com.mycompany.soft400051_hj_local</logger>
  <level>INFO</level>
  <class>com.mycompany.soft400051_hj_local.Logger_Controller</class>
  <method>log_info</method>
  <thread>23</thread>
  <message>User Found and Unset Login and Timestamp</message>
</record>
<record>
  <date>2023-01-04T15:46:30.164389491Z</date>
  <millis>1672847190164</millis>
  <nanos>389491</nanos>
  <sequence>21</sequence>
  <logger>com.mycompany.soft400051_hj_local</logger>
  <level>INFO</level>
  <class>com.mycompany.soft400051_hj_local.Logger_Controller</class>
  <method>log_info</method>
  <thread>23</thread>
  <message>User Logged Out Success joshua@gmail.com</message>
</record>
<record>
  <date>2023-01-04T15:46:35.001062050Z</date>
  <millis>1672847195001</millis>
  <nanos>62050</nanos>
  <sequence>22</sequence>
  <logger>com.mycompany.soft400051_hj_local</logger>
  <level>INFO</level>
  <class>com.mycompany.soft400051_hj_local.Logger_Controller</class>
  <method>log_info</method>
  <thread>23</thread>
  <message>Login Button Clicked</message>
</record>
<record>
  <date>2023-01-04T15:46:35.001884630Z</date>
  <millis>1672847195001</millis>
  <nanos>884630</nanos>
  <sequence>23</sequence>
  <logger>com.mycompany.soft400051_hj_local</logger>
  <level>INFO</level>
  <class>com.mycompany.soft400051_hj_local.Logger_Controller</class>
  <method>log_info</method>
  <thread>23</thread>
  <message>Login Function Execution to Start</message>
</record>
<record>
  <date>2023-01-04T15:46:35.002845125Z</date>
  <millis>1672847195002</millis>
  <nanos>845125</nanos>
  <sequence>24</sequence>
  <logger>com.mycompany.soft400051_hj_local</logger>
  <level>INFO</level>
  <class>com.mycompany.soft400051_hj_local.Logger_Controller</class>
  <method>log_info</method>
  <thread>23</thread>
  <message>Function login_details_check Started</message>
</record>
<record>
  <date>2023-01-04T15:46:35.003764200Z</date>
  <millis>1672847195003</millis>
  <nanos>764200</nanos>
  <sequence>25</sequence>
  <logger>com.mycompany.soft400051_hj_local</logger>
  <level>INFO</level>
  <class>com.mycompany.soft400051_hj_local.Logger_Controller</class>
  <method>log_info</method>
  <thread>23</thread>
  <message>Login Field Check 1 Success</message>
</record>
<record>
  <date>2023-01-04T15:46:35.006126281Z</date>
  <millis>1672847195006</millis>
  <nanos>126281</nanos>
  <sequence>26</sequence>
  <logger>com.mycompany.soft400051_hj_local</logger>
  <level>INFO</level>
  <class>com.mycompany.soft400051_hj_local.Logger_Controller</class>
  <method>log_info</method>
  <thread>23</thread>
  <message>Function data_login Started</message>
</record>
<record>
  <date>2023-01-04T15:46:35.018022020Z</date>
  <millis>1672847195018</millis>
  <nanos>22020</nanos>
  <sequence>27</sequence>
  <logger>com.mycompany.soft400051_hj_local</logger>
  <level>INFO</level>
  <class>com.mycompany.soft400051_hj_local.Logger_Controller</class>
  <method>log_info</method>
  <thread>23</thread>
  <message>User Details Found - Flag set Timestamp Set joshua@gmail.com</message>
</record>
<record>
  <date>2023-01-04T15:46:35.019168971Z</date>
  <millis>1672847195019</millis>
  <nanos>168971</nanos>
  <sequence>28</sequence>
  <logger>com.mycompany.soft400051_hj_local</logger>
  <level>INFO</level>
  <class>com.mycompany.soft400051_hj_local.Logger_Controller</class>
  <method>log_info</method>
  <thread>23</thread>
  <message>User Logged in Successfully joshua@gmail.com</message>
</record>
<record>
  <date>2023-01-04T15:46:36.005900434Z</date>
  <millis>1672847196005</millis>
  <nanos>900434</nanos>
  <sequence>29</sequence>
  <logger>com.mycompany.soft400051_hj_local</logger>
  <level>INFO</level>
  <class>com.mycompany.soft400051_hj_local.Logger_Controller</class>
  <method>log_info</method>
  <thread>23</thread>
  <message>Function getOwnerId Started</message>
</record>
<record>
  <date>2023-01-04T15:46:36.089362462Z</date>
  <millis>1672847196089</millis>
  <nanos>362462</nanos>
  <sequence>30</sequence>
  <logger>com.mycompany.soft400051_hj_local</logger>
  <level>INFO</level>
  <class>com.mycompany.soft400051_hj_local.Logger_Controller</class>
  <method>log_info</method>
  <thread>23</thread>
  <message>Login Screen Loaded to User </message>
</record>
<record>
  <date>2023-01-04T15:46:36.090069112Z</date>
  <millis>1672847196090</millis>
  <nanos>69112</nanos>
  <sequence>31</sequence>
  <logger>com.mycompany.soft400051_hj_local</logger>
  <level>INFO</level>
  <class>com.mycompany.soft400051_hj_local.Logger_Controller</class>
  <method>log_info</method>
  <thread>23</thread>
  <message>Login Function Execution Success</message>
</record>
<record>
  <date>2023-01-04T15:46:43.557041476Z</date>
  <millis>1672847203557</millis>
  <nanos>41476</nanos>
  <sequence>32</sequence>
  <logger>com.mycompany.soft400051_hj_local</logger>
  <level>INFO</level>
  <class>com.mycompany.soft400051_hj_local.Logger_Controller</class>
  <method>log_info</method>
  <thread>23</thread>
  <message>Login Button Clicked</message>
</record>
<record>
  <date>2023-01-04T15:46:43.557743116Z</date>
  <millis>1672847203557</millis>
  <nanos>743116</nanos>
  <sequence>33</sequence>
  <logger>com.mycompany.soft400051_hj_local</logger>
  <level>INFO</level>
  <class>com.mycompany.soft400051_hj_local.Logger_Controller</class>
  <method>log_info</method>
  <thread>23</thread>
  <message>Login Function Execution to Start</message>
</record>
<record>
  <date>2023-01-04T15:46:43.558388879Z</date>
  <millis>1672847203558</millis>
  <nanos>388879</nanos>
  <sequence>34</sequence>
  <logger>com.mycompany.soft400051_hj_local</logger>
  <level>INFO</level>
  <class>com.mycompany.soft400051_hj_local.Logger_Controller</class>
  <method>log_info</method>
  <thread>23</thread>
  <message>Function login_details_check Started</message>
</record>
<record>
  <date>2023-01-04T15:46:43.559088776Z</date>
  <millis>1672847203559</millis>
  <nanos>88776</nanos>
  <sequence>35</sequence>
  <logger>com.mycompany.soft400051_hj_local</logger>
  <level>INFO</level>
  <class>com.mycompany.soft400051_hj_local.Logger_Controller</class>
  <method>log_info</method>
  <thread>23</thread>
  <message>Login Field Check 1 Success</message>
</record>
<record>
  <date>2023-01-04T15:46:43.560799543Z</date>
  <millis>1672847203560</millis>
  <nanos>799543</nanos>
  <sequence>36</sequence>
  <logger>com.mycompany.soft400051_hj_local</logger>
  <level>INFO</level>
  <class>com.mycompany.soft400051_hj_local.Logger_Controller</class>
  <method>log_info</method>
  <thread>23</thread>
  <message>Function data_login Started</message>
</record>
<record>
  <date>2023-01-04T15:46:43.584110703Z</date>
  <millis>1672847203584</millis>
  <nanos>110703</nanos>
  <sequence>37</sequence>
  <logger>com.mycompany.soft400051_hj_local</logger>
  <level>INFO</level>
  <class>com.mycompany.soft400051_hj_local.Logger_Controller</class>
  <method>log_info</method>
  <thread>23</thread>
  <message>User Details Found - Flag set Timestamp Set nilesha@gmail.com</message>
</record>
<record>
  <date>2023-01-04T15:46:43.584899870Z</date>
  <millis>1672847203584</millis>
  <nanos>899870</nanos>
  <sequence>38</sequence>
  <logger>com.mycompany.soft400051_hj_local</logger>
  <level>INFO</level>
  <class>com.mycompany.soft400051_hj_local.Logger_Controller</class>
  <method>log_info</method>
  <thread>23</thread>
  <message>User Logged in Successfully nilesha@gmail.com</message>
</record>
<record>
  <date>2023-01-04T15:46:44.681549969Z</date>
  <millis>1672847204681</millis>
  <nanos>549969</nanos>
  <sequence>39</sequence>
  <logger>com.mycompany.soft400051_hj_local</logger>
  <level>INFO</level>
  <class>com.mycompany.soft400051_hj_local.Logger_Controller</class>
  <method>log_info</method>
  <thread>23</thread>
  <message>Function getOwnerId Started</message>
</record>
<record>
  <date>2023-01-04T15:46:44.746754670Z</date>
  <millis>1672847204746</millis>
  <nanos>754670</nanos>
  <sequence>40</sequence>
  <logger>com.mycompany.soft400051_hj_local</logger>
  <level>INFO</level>
  <class>com.mycompany.soft400051_hj_local.Logger_Controller</class>
  <method>log_info</method>
  <thread>23</thread>
  <message>Login Screen Loaded to User </message>
</record>
<record>
  <date>2023-01-04T15:46:44.747724862Z</date>
  <millis>1672847204747</millis>
  <nanos>724862</nanos>
  <sequence>41</sequence>
  <logger>com.mycompany.soft400051_hj_local</logger>
  <level>INFO</level>
  <class>com.mycompany.soft400051_hj_local.Logger_Controller</class>
  <method>log_info</method>
  <thread>23</thread>
  <message>Login Function Execution Success</message>
</record>
<record>
  <date>2023-01-04T15:46:46.325012142Z</date>
  <millis>1672847206325</millis>
  <nanos>12142</nanos>
  <sequence>42</sequence>
  <logger>com.mycompany.soft400051_hj_local</logger>
  <level>INFO</level>
  <class>com.mycompany.soft400051_hj_local.Logger_Controller</class>
  <method>log_info</method>
  <thread>23</thread>
  <message>Function user_logout Started</message>
</record>
<record>
  <date>2023-01-04T15:46:46.326164804Z</date>
  <millis>1672847206326</millis>
  <nanos>164804</nanos>
  <sequence>43</sequence>
  <logger>com.mycompany.soft400051_hj_local</logger>
  <level>INFO</level>
  <class>com.mycompany.soft400051_hj_local.Logger_Controller</class>
  <method>log_info</method>
  <thread>23</thread>
  <message>Function user_logout Started</message>
</record>
<record>
  <date>2023-01-04T15:46:46.332003464Z</date>
  <millis>1672847206332</millis>
  <nanos>3464</nanos>
  <sequence>44</sequence>
  <logger>com.mycompany.soft400051_hj_local</logger>
  <level>INFO</level>
  <class>com.mycompany.soft400051_hj_local.Logger_Controller</class>
  <method>log_info</method>
  <thread>23</thread>
  <message>User Found and Unset Login and Timestamp</message>
</record>
<record>
  <date>2023-01-04T15:46:46.332880740Z</date>
  <millis>1672847206332</millis>
  <nanos>880740</nanos>
  <sequence>45</sequence>
  <logger>com.mycompany.soft400051_hj_local</logger>
  <level>INFO</level>
  <class>com.mycompany.soft400051_hj_local.Logger_Controller</class>
  <method>log_info</method>
  <thread>23</thread>
  <message>User Logged Out Success nilesha@gmail.com</message>
</record>
<record>
  <date>2023-01-04T15:46:49.187723865Z</date>
  <millis>1672847209187</millis>
  <nanos>723865</nanos>
  <sequence>46</sequence>
  <logger>com.mycompany.soft400051_hj_local</logger>
  <level>INFO</level>
  <class>com.mycompany.soft400051_hj_local.Logger_Controller</class>
  <method>log_info</method>
  <thread>23</thread>
  <message>Function user_logout Started</message>
</record>
<record>
  <date>2023-01-04T15:46:49.190602513Z</date>
  <millis>1672847209190</millis>
  <nanos>602513</nanos>
  <sequence>47</sequence>
  <logger>com.mycompany.soft400051_hj_local</logger>
  <level>INFO</level>
  <class>com.mycompany.soft400051_hj_local.Logger_Controller</class>
  <method>log_info</method>
  <thread>23</thread>
  <message>Function user_logout Started</message>
</record>
<record>
  <date>2023-01-04T15:46:49.197250299Z</date>
  <millis>1672847209197</millis>
  <nanos>250299</nanos>
  <sequence>48</sequence>
  <logger>com.mycompany.soft400051_hj_local</logger>
  <level>INFO</level>
  <class>com.mycompany.soft400051_hj_local.Logger_Controller</class>
  <method>log_info</method>
  <thread>23</thread>
  <message>User Found and Unset Login and Timestamp</message>
</record>
<record>
  <date>2023-01-04T15:46:49.198912734Z</date>
  <millis>1672847209198</millis>
  <nanos>912734</nanos>
  <sequence>49</sequence>
  <logger>com.mycompany.soft400051_hj_local</logger>
  <level>INFO</level>
  <class>com.mycompany.soft400051_hj_local.Logger_Controller</class>
  <method>log_info</method>
  <thread>23</thread>
  <message>User Logged Out Success joshua@gmail.com</message>
</record>
<record>
  <date>2023-01-04T15:46:51.410729746Z</date>
  <millis>1672847211410</millis>
  <nanos>729746</nanos>
  <sequence>50</sequence>
  <logger>com.mycompany.soft400051_hj_local</logger>
  <level>INFO</level>
  <class>com.mycompany.soft400051_hj_local.Logger_Controller</class>
  <method>log_info</method>
  <thread>23</thread>
  <message>Login Button Clicked</message>
</record>
<record>
  <date>2023-01-04T15:46:51.411392341Z</date>
  <millis>1672847211411</millis>
  <nanos>392341</nanos>
  <sequence>51</sequence>
  <logger>com.mycompany.soft400051_hj_local</logger>
  <level>INFO</level>
  <class>com.mycompany.soft400051_hj_local.Logger_Controller</class>
  <method>log_info</method>
  <thread>23</thread>
  <message>Login Function Execution to Start</message>
</record>
<record>
  <date>2023-01-04T15:46:51.412188272Z</date>
  <millis>1672847211412</millis>
  <nanos>188272</nanos>
  <sequence>52</sequence>
  <logger>com.mycompany.soft400051_hj_local</logger>
  <level>INFO</level>
  <class>com.mycompany.soft400051_hj_local.Logger_Controller</class>
  <method>log_info</method>
  <thread>23</thread>
  <message>Function login_details_check Started</message>
</record>
<record>
  <date>2023-01-04T15:46:51.412886445Z</date>
  <millis>1672847211412</millis>
  <nanos>886445</nanos>
  <sequence>53</sequence>
  <logger>com.mycompany.soft400051_hj_local</logger>
  <level>INFO</level>
  <class>com.mycompany.soft400051_hj_local.Logger_Controller</class>
  <method>log_info</method>
  <thread>23</thread>
  <message>Login Field Check 1 Success</message>
</record>
<record>
  <date>2023-01-04T15:46:51.414704207Z</date>
  <millis>1672847211414</millis>
  <nanos>704207</nanos>
  <sequence>54</sequence>
  <logger>com.mycompany.soft400051_hj_local</logger>
  <level>INFO</level>
  <class>com.mycompany.soft400051_hj_local.Logger_Controller</class>
  <method>log_info</method>
  <thread>23</thread>
  <message>Function data_login Started</message>
</record>
<record>
  <date>2023-01-04T15:46:51.434244134Z</date>
  <millis>1672847211434</millis>
  <nanos>244134</nanos>
  <sequence>55</sequence>
  <logger>com.mycompany.soft400051_hj_local</logger>
  <level>INFO</level>
  <class>com.mycompany.soft400051_hj_local.Logger_Controller</class>
  <method>log_info</method>
  <thread>23</thread>
  <message>User Details Found - Flag set Timestamp Set nilesha@gmail.com</message>
</record>
<record>
  <date>2023-01-04T15:46:51.435200441Z</date>
  <millis>1672847211435</millis>
  <nanos>200441</nanos>
  <sequence>56</sequence>
  <logger>com.mycompany.soft400051_hj_local</logger>
  <level>INFO</level>
  <class>com.mycompany.soft400051_hj_local.Logger_Controller</class>
  <method>log_info</method>
  <thread>23</thread>
  <message>User Logged in Successfully nilesha@gmail.com</message>
</record>
<record>
  <date>2023-01-04T15:46:55.757928692Z</date>
  <millis>1672847215757</millis>
  <nanos>928692</nanos>
  <sequence>57</sequence>
  <logger>com.mycompany.soft400051_hj_local</logger>
  <level>INFO</level>
  <class>com.mycompany.soft400051_hj_local.Logger_Controller</class>
  <method>log_info</method>
  <thread>23</thread>
  <message>Function getOwnerId Started</message>
</record>
<record>
  <date>2023-01-04T15:46:55.816030336Z</date>
  <millis>1672847215816</millis>
  <nanos>30336</nanos>
  <sequence>58</sequence>
  <logger>com.mycompany.soft400051_hj_local</logger>
  <level>INFO</level>
  <class>com.mycompany.soft400051_hj_local.Logger_Controller</class>
  <method>log_info</method>
  <thread>23</thread>
  <message>Login Screen Loaded to User </message>
</record>
<record>
  <date>2023-01-04T15:46:55.816839181Z</date>
  <millis>1672847215816</millis>
  <nanos>839181</nanos>
  <sequence>59</sequence>
  <logger>com.mycompany.soft400051_hj_local</logger>
  <level>INFO</level>
  <class>com.mycompany.soft400051_hj_local.Logger_Controller</class>
  <method>log_info</method>
  <thread>23</thread>
  <message>Login Function Execution Success</message>
</record>
<record>
  <date>2023-01-04T15:47:00.565124475Z</date>
  <millis>1672847220565</millis>
  <nanos>124475</nanos>
  <sequence>60</sequence>
  <logger>com.mycompany.soft400051_hj_local</logger>
  <level>INFO</level>
  <class>com.mycompany.soft400051_hj_local.Logger_Controller</class>
  <method>log_info</method>
  <thread>23</thread>
  <message>Function user_logout Started</message>
</record>
<record>
  <date>2023-01-04T15:47:00.566991792Z</date>
  <millis>1672847220566</millis>
  <nanos>991792</nanos>
  <sequence>61</sequence>
  <logger>com.mycompany.soft400051_hj_local</logger>
  <level>INFO</level>
  <class>com.mycompany.soft400051_hj_local.Logger_Controller</class>
  <method>log_info</method>
  <thread>23</thread>
  <message>Function user_logout Started</message>
</record>
<record>
  <date>2023-01-04T15:47:00.573476607Z</date>
  <millis>1672847220573</millis>
  <nanos>476607</nanos>
  <sequence>62</sequence>
  <logger>com.mycompany.soft400051_hj_local</logger>
  <level>INFO</level>
  <class>com.mycompany.soft400051_hj_local.Logger_Controller</class>
  <method>log_info</method>
  <thread>23</thread>
  <message>User Found and Unset Login and Timestamp</message>
</record>
<record>
  <date>2023-01-04T15:47:00.574498899Z</date>
  <millis>1672847220574</millis>
  <nanos>498899</nanos>
  <sequence>63</sequence>
  <logger>com.mycompany.soft400051_hj_local</logger>
  <level>INFO</level>
  <class>com.mycompany.soft400051_hj_local.Logger_Controller</class>
  <method>log_info</method>
  <thread>23</thread>
  <message>User Logged Out Success nilesha@gmail.com</message>
</record>
</log>
