<?xml version="1.0" encoding="UTF-8" standalone="no"?>
<!DOCTYPE log SYSTEM "logger.dtd">
<log>
<record>
  <date>2023-01-07T00:34:12.221464088Z</date>
  <millis>1673051652221</millis>
  <nanos>464088</nanos>
  <sequence>0</sequence>
  <logger>com.mycompany.soft400051_hj_local</logger>
  <level>INFO</level>
  <class>com.mycompany.soft400051_hj_local.Logger_Controller</class>
  <method>log_info</method>
  <thread>23</thread>
  <message>Application Resource Loading...</message>
</record>
<record>
  <date>2023-01-07T00:34:14.079608942Z</date>
  <millis>1673051654079</millis>
  <nanos>608942</nanos>
  <sequence>1</sequence>
  <logger>com.mycompany.soft400051_hj_local</logger>
  <level>INFO</level>
  <class>com.mycompany.soft400051_hj_local.Logger_Controller</class>
  <method>log_info</method>
  <thread>23</thread>
  <message>Application Started...</message>
</record>
<record>
  <date>2023-01-07T00:34:26.627836669Z</date>
  <millis>1673051666627</millis>
  <nanos>836669</nanos>
  <sequence>2</sequence>
  <logger>com.mycompany.soft400051_hj_local</logger>
  <level>INFO</level>
  <class>com.mycompany.soft400051_hj_local.Logger_Controller</class>
  <method>log_info</method>
  <thread>23</thread>
  <message>Login Button Clicked</message>
</record>
<record>
  <date>2023-01-07T00:34:26.632702439Z</date>
  <millis>1673051666632</millis>
  <nanos>702439</nanos>
  <sequence>3</sequence>
  <logger>com.mycompany.soft400051_hj_local</logger>
  <level>INFO</level>
  <class>com.mycompany.soft400051_hj_local.Logger_Controller</class>
  <method>log_info</method>
  <thread>23</thread>
  <message>Login Function Execution to Start</message>
</record>
<record>
  <date>2023-01-07T00:34:26.634766266Z</date>
  <millis>1673051666634</millis>
  <nanos>766266</nanos>
  <sequence>4</sequence>
  <logger>com.mycompany.soft400051_hj_local</logger>
  <level>INFO</level>
  <class>com.mycompany.soft400051_hj_local.Logger_Controller</class>
  <method>log_info</method>
  <thread>23</thread>
  <message>Function login_details_check Started</message>
</record>
<record>
  <date>2023-01-07T00:34:26.639187992Z</date>
  <millis>1673051666639</millis>
  <nanos>187992</nanos>
  <sequence>5</sequence>
  <logger>com.mycompany.soft400051_hj_local</logger>
  <level>INFO</level>
  <class>com.mycompany.soft400051_hj_local.Logger_Controller</class>
  <method>log_info</method>
  <thread>23</thread>
  <message>Login Field Check 1 Success</message>
</record>
<record>
  <date>2023-01-07T00:34:26.828351197Z</date>
  <millis>1673051666828</millis>
  <nanos>351197</nanos>
  <sequence>6</sequence>
  <logger>com.mycompany.soft400051_hj_local</logger>
  <level>INFO</level>
  <class>com.mycompany.soft400051_hj_local.Logger_Controller</class>
  <method>log_info</method>
  <thread>23</thread>
  <message>Function data_login Started</message>
</record>
<record>
  <date>2023-01-07T00:34:26.867566972Z</date>
  <millis>1673051666867</millis>
  <nanos>566972</nanos>
  <sequence>7</sequence>
  <logger>com.mycompany.soft400051_hj_local</logger>
  <level>INFO</level>
  <class>com.mycompany.soft400051_hj_local.Logger_Controller</class>
  <method>log_info</method>
  <thread>23</thread>
  <message>User Details Found - Flag set Timestamp Set joshua@gmail.com</message>
</record>
<record>
  <date>2023-01-07T00:34:26.869321507Z</date>
  <millis>1673051666869</millis>
  <nanos>321507</nanos>
  <sequence>8</sequence>
  <logger>com.mycompany.soft400051_hj_local</logger>
  <level>INFO</level>
  <class>com.mycompany.soft400051_hj_local.Logger_Controller</class>
  <method>log_info</method>
  <thread>23</thread>
  <message>User Logged in Successfully joshua@gmail.com</message>
</record>
<record>
  <date>2023-01-07T00:34:27.685637367Z</date>
  <millis>1673051667685</millis>
  <nanos>637367</nanos>
  <sequence>9</sequence>
  <logger>com.mycompany.soft400051_hj_local</logger>
  <level>INFO</level>
  <class>com.mycompany.soft400051_hj_local.Logger_Controller</class>
  <method>log_info</method>
  <thread>23</thread>
  <message>Function getOwnerId Started</message>
</record>
<record>
  <date>2023-01-07T00:34:27.690925320Z</date>
  <millis>1673051667690</millis>
  <nanos>925320</nanos>
  <sequence>10</sequence>
  <logger>com.mycompany.soft400051_hj_local</logger>
  <level>INFO</level>
  <class>com.mycompany.soft400051_hj_local.Logger_Controller</class>
  <method>log_info</method>
  <thread>23</thread>
  <message>Function getOwnerId Started</message>
</record>
<record>
  <date>2023-01-07T00:34:28.062566551Z</date>
  <millis>1673051668062</millis>
  <nanos>566551</nanos>
  <sequence>11</sequence>
  <logger>com.mycompany.soft400051_hj_local</logger>
  <level>INFO</level>
  <class>com.mycompany.soft400051_hj_local.Logger_Controller</class>
  <method>log_info</method>
  <thread>23</thread>
  <message>Login Screen Loaded to User </message>
</record>
<record>
  <date>2023-01-07T00:34:28.063749072Z</date>
  <millis>1673051668063</millis>
  <nanos>749072</nanos>
  <sequence>12</sequence>
  <logger>com.mycompany.soft400051_hj_local</logger>
  <level>INFO</level>
  <class>com.mycompany.soft400051_hj_local.Logger_Controller</class>
  <method>log_info</method>
  <thread>23</thread>
  <message>Login Function Execution Success</message>
</record>
<record>
  <date>2023-01-07T00:34:29.046059901Z</date>
  <millis>1673051669046</millis>
  <nanos>59901</nanos>
  <sequence>13</sequence>
  <logger>com.mycompany.soft400051_hj_local</logger>
  <level>INFO</level>
  <class>com.mycompany.soft400051_hj_local.Logger_Controller</class>
  <method>log_info</method>
  <thread>23</thread>
  <message>Function getOwnerId Started</message>
</record>
<record>
  <date>2023-01-07T00:34:29.054622185Z</date>
  <millis>1673051669054</millis>
  <nanos>622185</nanos>
  <sequence>14</sequence>
  <logger>com.mycompany.soft400051_hj_local</logger>
  <level>INFO</level>
  <class>com.mycompany.soft400051_hj_local.Logger_Controller</class>
  <method>log_info</method>
  <thread>23</thread>
  <message>Function getOwnerId Started</message>
</record>
<record>
  <date>2023-01-07T00:34:31.321853364Z</date>
  <millis>1673051671321</millis>
  <nanos>853364</nanos>
  <sequence>15</sequence>
  <logger>com.mycompany.soft400051_hj_local</logger>
  <level>INFO</level>
  <class>com.mycompany.soft400051_hj_local.Logger_Controller</class>
  <method>log_info</method>
  <thread>23</thread>
  <message>Function getOwnerId Started</message>
</record>
<record>
  <date>2023-01-07T00:34:31.324125479Z</date>
  <millis>1673051671324</millis>
  <nanos>125479</nanos>
  <sequence>16</sequence>
  <logger>com.mycompany.soft400051_hj_local</logger>
  <level>INFO</level>
  <class>com.mycompany.soft400051_hj_local.Logger_Controller</class>
  <method>log_info</method>
  <thread>23</thread>
  <message>Function getOwnerId Started</message>
</record>
<record>
  <date>2023-01-07T00:34:32.797568149Z</date>
  <millis>1673051672797</millis>
  <nanos>568149</nanos>
  <sequence>17</sequence>
  <logger>com.mycompany.soft400051_hj_local</logger>
  <level>INFO</level>
  <class>com.mycompany.soft400051_hj_local.Logger_Controller</class>
  <method>log_info</method>
  <thread>23</thread>
  <message>Function getOwnerId Started</message>
</record>
<record>
  <date>2023-01-07T00:34:32.799659228Z</date>
  <millis>1673051672799</millis>
  <nanos>659228</nanos>
  <sequence>18</sequence>
  <logger>com.mycompany.soft400051_hj_local</logger>
  <level>INFO</level>
  <class>com.mycompany.soft400051_hj_local.Logger_Controller</class>
  <method>log_info</method>
  <thread>23</thread>
  <message>Function getOwnerId Started</message>
</record>
<record>
  <date>2023-01-07T00:34:33.421662981Z</date>
  <millis>1673051673421</millis>
  <nanos>662981</nanos>
  <sequence>19</sequence>
  <logger>com.mycompany.soft400051_hj_local</logger>
  <level>INFO</level>
  <class>com.mycompany.soft400051_hj_local.Logger_Controller</class>
  <method>log_info</method>
  <thread>23</thread>
  <message>Function getOwnerId Started</message>
</record>
<record>
  <date>2023-01-07T00:34:33.423901091Z</date>
  <millis>1673051673423</millis>
  <nanos>901091</nanos>
  <sequence>20</sequence>
  <logger>com.mycompany.soft400051_hj_local</logger>
  <level>INFO</level>
  <class>com.mycompany.soft400051_hj_local.Logger_Controller</class>
  <method>log_info</method>
  <thread>23</thread>
  <message>Function getOwnerId Started</message>
</record>
<record>
  <date>2023-01-07T00:34:38.484963509Z</date>
  <millis>1673051678484</millis>
  <nanos>963509</nanos>
  <sequence>21</sequence>
  <logger>com.mycompany.soft400051_hj_local</logger>
  <level>INFO</level>
  <class>com.mycompany.soft400051_hj_local.Logger_Controller</class>
  <method>log_info</method>
  <thread>23</thread>
  <message>Function user_logout Started</message>
</record>
<record>
  <date>2023-01-07T00:34:38.486353347Z</date>
  <millis>1673051678486</millis>
  <nanos>353347</nanos>
  <sequence>22</sequence>
  <logger>com.mycompany.soft400051_hj_local</logger>
  <level>INFO</level>
  <class>com.mycompany.soft400051_hj_local.Logger_Controller</class>
  <method>log_info</method>
  <thread>23</thread>
  <message>Function user_logout Started</message>
</record>
<record>
  <date>2023-01-07T00:34:38.506820383Z</date>
  <millis>1673051678506</millis>
  <nanos>820383</nanos>
  <sequence>23</sequence>
  <logger>com.mycompany.soft400051_hj_local</logger>
  <level>INFO</level>
  <class>com.mycompany.soft400051_hj_local.Logger_Controller</class>
  <method>log_info</method>
  <thread>23</thread>
  <message>User Found and Unset Login and Timestamp</message>
</record>
<record>
  <date>2023-01-07T00:34:38.507993897Z</date>
  <millis>1673051678507</millis>
  <nanos>993897</nanos>
  <sequence>24</sequence>
  <logger>com.mycompany.soft400051_hj_local</logger>
  <level>INFO</level>
  <class>com.mycompany.soft400051_hj_local.Logger_Controller</class>
  <method>log_info</method>
  <thread>23</thread>
  <message>User Logged Out Success joshua@gmail.com</message>
</record>
</log>
<?xml version="1.0" encoding="UTF-8" standalone="no"?>
<!DOCTYPE log SYSTEM "logger.dtd">
<log>
<record>
  <date>2023-01-07T00:40:04.049422649Z</date>
  <millis>1673052004049</millis>
  <nanos>422649</nanos>
  <sequence>0</sequence>
  <logger>com.mycompany.soft400051_hj_local</logger>
  <level>INFO</level>
  <class>com.mycompany.soft400051_hj_local.Logger_Controller</class>
  <method>log_info</method>
  <thread>23</thread>
  <message>Application Resource Loading...</message>
</record>
<record>
  <date>2023-01-07T00:40:05.202724491Z</date>
  <millis>1673052005202</millis>
  <nanos>724491</nanos>
  <sequence>1</sequence>
  <logger>com.mycompany.soft400051_hj_local</logger>
  <level>INFO</level>
  <class>com.mycompany.soft400051_hj_local.Logger_Controller</class>
  <method>log_info</method>
  <thread>23</thread>
  <message>Application Started...</message>
</record>
<record>
  <date>2023-01-07T00:40:14.640819313Z</date>
  <millis>1673052014640</millis>
  <nanos>819313</nanos>
  <sequence>2</sequence>
  <logger>com.mycompany.soft400051_hj_local</logger>
  <level>INFO</level>
  <class>com.mycompany.soft400051_hj_local.Logger_Controller</class>
  <method>log_info</method>
  <thread>23</thread>
  <message>Login Button Clicked</message>
</record>
<record>
  <date>2023-01-07T00:40:14.644071813Z</date>
  <millis>1673052014644</millis>
  <nanos>71813</nanos>
  <sequence>3</sequence>
  <logger>com.mycompany.soft400051_hj_local</logger>
  <level>INFO</level>
  <class>com.mycompany.soft400051_hj_local.Logger_Controller</class>
  <method>log_info</method>
  <thread>23</thread>
  <message>Login Function Execution to Start</message>
</record>
<record>
  <date>2023-01-07T00:40:14.645528689Z</date>
  <millis>1673052014645</millis>
  <nanos>528689</nanos>
  <sequence>4</sequence>
  <logger>com.mycompany.soft400051_hj_local</logger>
  <level>INFO</level>
  <class>com.mycompany.soft400051_hj_local.Logger_Controller</class>
  <method>log_info</method>
  <thread>23</thread>
  <message>Function login_details_check Started</message>
</record>
<record>
  <date>2023-01-07T00:40:14.646692104Z</date>
  <millis>1673052014646</millis>
  <nanos>692104</nanos>
  <sequence>5</sequence>
  <logger>com.mycompany.soft400051_hj_local</logger>
  <level>INFO</level>
  <class>com.mycompany.soft400051_hj_local.Logger_Controller</class>
  <method>log_info</method>
  <thread>23</thread>
  <message>Login Field Check 1 Success</message>
</record>
<record>
  <date>2023-01-07T00:40:14.771496496Z</date>
  <millis>1673052014771</millis>
  <nanos>496496</nanos>
  <sequence>6</sequence>
  <logger>com.mycompany.soft400051_hj_local</logger>
  <level>INFO</level>
  <class>com.mycompany.soft400051_hj_local.Logger_Controller</class>
  <method>log_info</method>
  <thread>23</thread>
  <message>Function data_login Started</message>
</record>
<record>
  <date>2023-01-07T00:40:14.799083121Z</date>
  <millis>1673052014799</millis>
  <nanos>83121</nanos>
  <sequence>7</sequence>
  <logger>com.mycompany.soft400051_hj_local</logger>
  <level>INFO</level>
  <class>com.mycompany.soft400051_hj_local.Logger_Controller</class>
  <method>log_info</method>
  <thread>23</thread>
  <message>User Details Found - Flag set Timestamp Set joshua@gmail.com</message>
</record>
<record>
  <date>2023-01-07T00:40:14.800689143Z</date>
  <millis>1673052014800</millis>
  <nanos>689143</nanos>
  <sequence>8</sequence>
  <logger>com.mycompany.soft400051_hj_local</logger>
  <level>INFO</level>
  <class>com.mycompany.soft400051_hj_local.Logger_Controller</class>
  <method>log_info</method>
  <thread>23</thread>
  <message>User Logged in Successfully joshua@gmail.com</message>
</record>
<record>
  <date>2023-01-07T00:40:15.639848147Z</date>
  <millis>1673052015639</millis>
  <nanos>848147</nanos>
  <sequence>9</sequence>
  <logger>com.mycompany.soft400051_hj_local</logger>
  <level>INFO</level>
  <class>com.mycompany.soft400051_hj_local.Logger_Controller</class>
  <method>log_info</method>
  <thread>23</thread>
  <message>Function getOwnerId Started</message>
</record>
<record>
  <date>2023-01-07T00:40:15.643469903Z</date>
  <millis>1673052015643</millis>
  <nanos>469903</nanos>
  <sequence>10</sequence>
  <logger>com.mycompany.soft400051_hj_local</logger>
  <level>INFO</level>
  <class>com.mycompany.soft400051_hj_local.Logger_Controller</class>
  <method>log_info</method>
  <thread>23</thread>
  <message>Function getOwnerId Started</message>
</record>
<record>
  <date>2023-01-07T00:40:15.854457921Z</date>
  <millis>1673052015854</millis>
  <nanos>457921</nanos>
  <sequence>11</sequence>
  <logger>com.mycompany.soft400051_hj_local</logger>
  <level>INFO</level>
  <class>com.mycompany.soft400051_hj_local.Logger_Controller</class>
  <method>log_info</method>
  <thread>23</thread>
  <message>Login Screen Loaded to User </message>
</record>
<record>
  <date>2023-01-07T00:40:15.855627152Z</date>
  <millis>1673052015855</millis>
  <nanos>627152</nanos>
  <sequence>12</sequence>
  <logger>com.mycompany.soft400051_hj_local</logger>
  <level>INFO</level>
  <class>com.mycompany.soft400051_hj_local.Logger_Controller</class>
  <method>log_info</method>
  <thread>23</thread>
  <message>Login Function Execution Success</message>
</record>
<record>
  <date>2023-01-07T00:40:17.556765286Z</date>
  <millis>1673052017556</millis>
  <nanos>765286</nanos>
  <sequence>13</sequence>
  <logger>com.mycompany.soft400051_hj_local</logger>
  <level>INFO</level>
  <class>com.mycompany.soft400051_hj_local.Logger_Controller</class>
  <method>log_info</method>
  <thread>23</thread>
  <message>Function getOwnerId Started</message>
</record>
<record>
  <date>2023-01-07T00:40:17.559114348Z</date>
  <millis>1673052017559</millis>
  <nanos>114348</nanos>
  <sequence>14</sequence>
  <logger>com.mycompany.soft400051_hj_local</logger>
  <level>INFO</level>
  <class>com.mycompany.soft400051_hj_local.Logger_Controller</class>
  <method>log_info</method>
  <thread>23</thread>
  <message>Function getOwnerId Started</message>
</record>
<record>
  <date>2023-01-07T00:40:18.738183517Z</date>
  <millis>1673052018738</millis>
  <nanos>183517</nanos>
  <sequence>15</sequence>
  <logger>com.mycompany.soft400051_hj_local</logger>
  <level>INFO</level>
  <class>com.mycompany.soft400051_hj_local.Logger_Controller</class>
  <method>log_info</method>
  <thread>23</thread>
  <message>Function getOwnerId Started</message>
</record>
<record>
  <date>2023-01-07T00:40:18.740067028Z</date>
  <millis>1673052018740</millis>
  <nanos>67028</nanos>
  <sequence>16</sequence>
  <logger>com.mycompany.soft400051_hj_local</logger>
  <level>INFO</level>
  <class>com.mycompany.soft400051_hj_local.Logger_Controller</class>
  <method>log_info</method>
  <thread>23</thread>
  <message>Function getOwnerId Started</message>
</record>
<record>
  <date>2023-01-07T00:40:28.432597982Z</date>
  <millis>1673052028432</millis>
  <nanos>597982</nanos>
  <sequence>17</sequence>
  <logger>com.mycompany.soft400051_hj_local</logger>
  <level>INFO</level>
  <class>com.mycompany.soft400051_hj_local.Logger_Controller</class>
  <method>log_info</method>
  <thread>23</thread>
  <message>Function getOwnerId Started</message>
</record>
<record>
  <date>2023-01-07T00:40:28.434566767Z</date>
  <millis>1673052028434</millis>
  <nanos>566767</nanos>
  <sequence>18</sequence>
  <logger>com.mycompany.soft400051_hj_local</logger>
  <level>INFO</level>
  <class>com.mycompany.soft400051_hj_local.Logger_Controller</class>
  <method>log_info</method>
  <thread>23</thread>
  <message>Function getOwnerId Started</message>
</record>
<record>
  <date>2023-01-07T00:40:28.436294931Z</date>
  <millis>1673052028436</millis>
  <nanos>294931</nanos>
  <sequence>19</sequence>
  <logger>com.mycompany.soft400051_hj_local</logger>
  <level>INFO</level>
  <class>com.mycompany.soft400051_hj_local.Logger_Controller</class>
  <method>log_info</method>
  <thread>23</thread>
  <message>Function getOwnerId Started</message>
</record>
<record>
  <date>2023-01-07T00:40:28.461105940Z</date>
  <millis>1673052028461</millis>
  <nanos>105940</nanos>
  <sequence>20</sequence>
  <logger>com.mycompany.soft400051_hj_local</logger>
  <level>INFO</level>
  <class>com.mycompany.soft400051_hj_local.Logger_Controller</class>
  <method>log_info</method>
  <thread>23</thread>
  <message>Function getOwnerId Started</message>
</record>
<record>
  <date>2023-01-07T00:40:28.463967602Z</date>
  <millis>1673052028463</millis>
  <nanos>967602</nanos>
  <sequence>21</sequence>
  <logger>com.mycompany.soft400051_hj_local</logger>
  <level>INFO</level>
  <class>com.mycompany.soft400051_hj_local.Logger_Controller</class>
  <method>log_info</method>
  <thread>23</thread>
  <message>Function getOwnerId Started</message>
</record>
<record>
  <date>2023-01-07T00:40:34.737944895Z</date>
  <millis>1673052034737</millis>
  <nanos>944895</nanos>
  <sequence>22</sequence>
  <logger>com.mycompany.soft400051_hj_local</logger>
  <level>INFO</level>
  <class>com.mycompany.soft400051_hj_local.Logger_Controller</class>
  <method>log_info</method>
  <thread>23</thread>
  <message>Function getOwnerId Started</message>
</record>
<record>
  <date>2023-01-07T00:40:34.740236086Z</date>
  <millis>1673052034740</millis>
  <nanos>236086</nanos>
  <sequence>23</sequence>
  <logger>com.mycompany.soft400051_hj_local</logger>
  <level>INFO</level>
  <class>com.mycompany.soft400051_hj_local.Logger_Controller</class>
  <method>log_info</method>
  <thread>23</thread>
  <message>Function getOwnerId Started</message>
</record>
<record>
  <date>2023-01-07T00:40:42.740953703Z</date>
  <millis>1673052042740</millis>
  <nanos>953703</nanos>
  <sequence>24</sequence>
  <logger>com.mycompany.soft400051_hj_local</logger>
  <level>INFO</level>
  <class>com.mycompany.soft400051_hj_local.Logger_Controller</class>
  <method>log_info</method>
  <thread>23</thread>
  <message>Function getOwnerId Started</message>
</record>
<record>
  <date>2023-01-07T00:40:42.742905205Z</date>
  <millis>1673052042742</millis>
  <nanos>905205</nanos>
  <sequence>25</sequence>
  <logger>com.mycompany.soft400051_hj_local</logger>
  <level>INFO</level>
  <class>com.mycompany.soft400051_hj_local.Logger_Controller</class>
  <method>log_info</method>
  <thread>23</thread>
  <message>Function getOwnerId Started</message>
</record>
<record>
  <date>2023-01-07T00:40:44.256788082Z</date>
  <millis>1673052044256</millis>
  <nanos>788082</nanos>
  <sequence>26</sequence>
  <logger>com.mycompany.soft400051_hj_local</logger>
  <level>INFO</level>
  <class>com.mycompany.soft400051_hj_local.Logger_Controller</class>
  <method>log_info</method>
  <thread>23</thread>
  <message>Function getOwnerId Started</message>
</record>
<record>
  <date>2023-01-07T00:40:44.258959755Z</date>
  <millis>1673052044258</millis>
  <nanos>959755</nanos>
  <sequence>27</sequence>
  <logger>com.mycompany.soft400051_hj_local</logger>
  <level>INFO</level>
  <class>com.mycompany.soft400051_hj_local.Logger_Controller</class>
  <method>log_info</method>
  <thread>23</thread>
  <message>Function getOwnerId Started</message>
</record>
<record>
  <date>2023-01-07T00:40:45.630461616Z</date>
  <millis>1673052045630</millis>
  <nanos>461616</nanos>
  <sequence>28</sequence>
  <logger>com.mycompany.soft400051_hj_local</logger>
  <level>INFO</level>
  <class>com.mycompany.soft400051_hj_local.Logger_Controller</class>
  <method>log_info</method>
  <thread>23</thread>
  <message>Function getOwnerId Started</message>
</record>
<record>
  <date>2023-01-07T00:40:45.632437094Z</date>
  <millis>1673052045632</millis>
  <nanos>437094</nanos>
  <sequence>29</sequence>
  <logger>com.mycompany.soft400051_hj_local</logger>
  <level>INFO</level>
  <class>com.mycompany.soft400051_hj_local.Logger_Controller</class>
  <method>log_info</method>
  <thread>23</thread>
  <message>Function getOwnerId Started</message>
</record>
<record>
  <date>2023-01-07T00:40:46.322069277Z</date>
  <millis>1673052046322</millis>
  <nanos>69277</nanos>
  <sequence>30</sequence>
  <logger>com.mycompany.soft400051_hj_local</logger>
  <level>INFO</level>
  <class>com.mycompany.soft400051_hj_local.Logger_Controller</class>
  <method>log_info</method>
  <thread>23</thread>
  <message>Function getOwnerId Started</message>
</record>
<record>
  <date>2023-01-07T00:40:46.324371630Z</date>
  <millis>1673052046324</millis>
  <nanos>371630</nanos>
  <sequence>31</sequence>
  <logger>com.mycompany.soft400051_hj_local</logger>
  <level>INFO</level>
  <class>com.mycompany.soft400051_hj_local.Logger_Controller</class>
  <method>log_info</method>
  <thread>23</thread>
  <message>Function getOwnerId Started</message>
</record>
<record>
  <date>2023-01-07T00:40:51.402279333Z</date>
  <millis>1673052051402</millis>
  <nanos>279333</nanos>
  <sequence>32</sequence>
  <logger>com.mycompany.soft400051_hj_local</logger>
  <level>INFO</level>
  <class>com.mycompany.soft400051_hj_local.Logger_Controller</class>
  <method>log_info</method>
  <thread>23</thread>
  <message>Function getOwnerId Started</message>
</record>
<record>
  <date>2023-01-07T00:40:51.404625981Z</date>
  <millis>1673052051404</millis>
  <nanos>625981</nanos>
  <sequence>33</sequence>
  <logger>com.mycompany.soft400051_hj_local</logger>
  <level>INFO</level>
  <class>com.mycompany.soft400051_hj_local.Logger_Controller</class>
  <method>log_info</method>
  <thread>23</thread>
  <message>Function getOwnerId Started</message>
</record>
<record>
  <date>2023-01-07T00:40:52.498466496Z</date>
  <millis>1673052052498</millis>
  <nanos>466496</nanos>
  <sequence>34</sequence>
  <logger>com.mycompany.soft400051_hj_local</logger>
  <level>INFO</level>
  <class>com.mycompany.soft400051_hj_local.Logger_Controller</class>
  <method>log_info</method>
  <thread>23</thread>
  <message>Function getOwnerId Started</message>
</record>
<record>
  <date>2023-01-07T00:40:52.500499914Z</date>
  <millis>1673052052500</millis>
  <nanos>499914</nanos>
  <sequence>35</sequence>
  <logger>com.mycompany.soft400051_hj_local</logger>
  <level>INFO</level>
  <class>com.mycompany.soft400051_hj_local.Logger_Controller</class>
  <method>log_info</method>
  <thread>23</thread>
  <message>Function getOwnerId Started</message>
</record>
<record>
  <date>2023-01-07T00:40:54.649535620Z</date>
  <millis>1673052054649</millis>
  <nanos>535620</nanos>
  <sequence>36</sequence>
  <logger>com.mycompany.soft400051_hj_local</logger>
  <level>INFO</level>
  <class>com.mycompany.soft400051_hj_local.Logger_Controller</class>
  <method>log_info</method>
  <thread>23</thread>
  <message>Function user_logout Started</message>
</record>
<record>
  <date>2023-01-07T00:40:54.650919366Z</date>
  <millis>1673052054650</millis>
  <nanos>919366</nanos>
  <sequence>37</sequence>
  <logger>com.mycompany.soft400051_hj_local</logger>
  <level>INFO</level>
  <class>com.mycompany.soft400051_hj_local.Logger_Controller</class>
  <method>log_info</method>
  <thread>23</thread>
  <message>Function user_logout Started</message>
</record>
<record>
  <date>2023-01-07T00:40:54.670046955Z</date>
  <millis>1673052054670</millis>
  <nanos>46955</nanos>
  <sequence>38</sequence>
  <logger>com.mycompany.soft400051_hj_local</logger>
  <level>INFO</level>
  <class>com.mycompany.soft400051_hj_local.Logger_Controller</class>
  <method>log_info</method>
  <thread>23</thread>
  <message>User Found and Unset Login and Timestamp</message>
</record>
<record>
  <date>2023-01-07T00:40:54.671107092Z</date>
  <millis>1673052054671</millis>
  <nanos>107092</nanos>
  <sequence>39</sequence>
  <logger>com.mycompany.soft400051_hj_local</logger>
  <level>INFO</level>
  <class>com.mycompany.soft400051_hj_local.Logger_Controller</class>
  <method>log_info</method>
  <thread>23</thread>
  <message>User Logged Out Success joshua@gmail.com</message>
</record>
</log>
