<?xml version="1.0" encoding="windows-1252" standalone="no"?>
<!DOCTYPE log SYSTEM "logger.dtd">
<log>
<record>
  <date>2022-12-11T22:20:26</date>
  <millis>1670777426565</millis>
  <sequence>0</sequence>
  <logger>com.mycompany.soft400051_hj_local</logger>
  <level>INFO</level>
  <class>com.mycompany.soft400051_hj_local.Logger_Controller</class>
  <method>log_info</method>
  <thread>13</thread>
  <message>Application Resource Loading...</message>
</record>
<record>
  <date>2022-12-11T22:20:31</date>
  <millis>1670777431861</millis>
  <sequence>2</sequence>
  <logger>com.mycompany.soft400051_hj_local</logger>
  <level>INFO</level>
  <class>com.mycompany.soft400051_hj_local.Logger_Controller</class>
  <method>log_info</method>
  <thread>13</thread>
  <message>Application Started</message>
</record>
<record>
  <date>2022-12-11T22:20:50</date>
  <millis>1670777450017</millis>
  <sequence>3</sequence>
  <logger>com.mycompany.soft400051_hj_local</logger>
  <level>INFO</level>
  <class>com.mycompany.soft400051_hj_local.Logger_Controller</class>
  <method>log_info</method>
  <thread>13</thread>
  <message>Logging Button Clicked</message>
</record>
<record>
  <date>2022-12-11T22:20:50</date>
  <millis>1670777450022</millis>
  <sequence>4</sequence>
  <logger>com.mycompany.soft400051_hj_local</logger>
  <level>INFO</level>
  <class>com.mycompany.soft400051_hj_local.Logger_Controller</class>
  <method>log_info</method>
  <thread>13</thread>
  <message>Logging Function Execution to Start</message>
</record>
<record>
  <date>2022-12-11T22:20:53</date>
  <millis>1670777453200</millis>
  <sequence>6</sequence>
  <logger>com.mycompany.soft400051_hj_local</logger>
  <level>INFO</level>
  <class>com.mycompany.soft400051_hj_local.Logger_Controller</class>
  <method>log_info</method>
  <thread>13</thread>
  <message>Logging Function Execution Success</message>
</record>
</log>
